<?xml version="1.0" encoding="UTF-8"?>
<!-- Generated by org.testng.reporters.JUnitReportReporter -->
<testsuite hostname="MondayPC" name="Web_Task2.web_Test" tests="1" failures="0" timestamp="9 Jan 2020 13:34:17 GMT" time="10.658" errors="0">
  <testcase name="homePage" time="10.658" classname="Web_Task2.web_Test"/>
</testsuite> <!-- Web_Task2.web_Test -->
