<?xml version="1.0" encoding="UTF-8"?>
<!-- Generated by org.testng.reporters.JUnitReportReporter -->
<testsuite hostname="MondayPC" name="com.studentapp.junit.FirstSerenityTest" tests="1" failures="0" timestamp="7 Jan 2020 14:57:08 GMT" time="3.363" errors="0">
  <testcase name="getAllStudents" time="3.363" classname="com.studentapp.junit.FirstSerenityTest"/>
</testsuite> <!-- com.studentapp.junit.FirstSerenityTest -->
