<?xml version="1.0" encoding="UTF-8"?>
<!-- Generated by org.testng.reporters.JUnitReportReporter -->
<testsuite hostname="MondayPC" name="com.studentapp.junit.Student_CRUD" tests="4" failures="0" timestamp="4 Jan 2020 19:17:00 GMT" time="3.184" errors="0">
  <testcase name="deleteRequest004" time="0.312" classname="com.studentapp.junit.Student_CRUD"/>
  <testcase name="getStudents002" time="1.000" classname="com.studentapp.junit.Student_CRUD"/>
  <testcase name="putRequest003" time="0.395" classname="com.studentapp.junit.Student_CRUD"/>
  <testcase name="createStudent001" time="1.477" classname="com.studentapp.junit.Student_CRUD"/>
</testsuite> <!-- com.studentapp.junit.Student_CRUD -->
