<?xml version="1.0" encoding="UTF-8"?>
<!-- Generated by org.testng.reporters.JUnitReportReporter -->
<testsuite hostname="MondayPC" name="com.studentapp.junit.FirstSerenityTest" tests="1" failures="0" timestamp="4 Jan 2020 19:17:00 GMT" time="3.699" errors="0">
  <testcase name="getAllStudents" time="3.699" classname="com.studentapp.junit.FirstSerenityTest"/>
</testsuite> <!-- com.studentapp.junit.FirstSerenityTest -->
