<?xml version="1.0" encoding="UTF-8"?>
<testsuite xmlns:xsi="http://www.w3.org/2001/XMLSchema-instance" xsi:noNamespaceSchemaLocation="https://maven.apache.org/surefire/maven-failsafe-plugin/xsd/failsafe-test-report.xsd" name="com.studentapp.utils.CreateStudentDataDriven" time="65.291" tests="90" errors="0" skipped="0" failures="90">
  <properties>
    <property name="sun.desktop" value="windows"/>
    <property name="awt.toolkit" value="sun.awt.windows.WToolkit"/>
    <property name="file.encoding.pkg" value="sun.io"/>
    <property name="java.specification.version" value="1.8"/>
    <property name="sun.cpu.isalist" value="amd64"/>
    <property name="sun.jnu.encoding" value="Cp1252"/>
    <property name="java.class.path" value="C:\Users\groov\eclipse\Automation_TestDevelop\target\test-classes;C:\Users\groov\eclipse\Automation_TestDevelop\target\Automation_TestDevelop-0.0.1-SNAPSHOT.jar;C:\Users\groov\.m2\repository\net\serenity-bdd\serenity-core\2.0.77\serenity-core-2.0.77.jar;C:\Users\groov\.m2\repository\net\bytebuddy\byte-buddy\1.10.1\byte-buddy-1.10.1.jar;C:\Users\groov\.m2\repository\net\bytebuddy\byte-buddy-agent\1.10.1\byte-buddy-agent-1.10.1.jar;C:\Users\groov\.m2\repository\com\google\guava\guava\25.0-jre\guava-25.0-jre.jar;C:\Users\groov\.m2\repository\com\google\code\findbugs\jsr305\1.3.9\jsr305-1.3.9.jar;C:\Users\groov\.m2\repository\org\checkerframework\checker-compat-qual\2.0.0\checker-compat-qual-2.0.0.jar;C:\Users\groov\.m2\repository\com\google\errorprone\error_prone_annotations\2.1.3\error_prone_annotations-2.1.3.jar;C:\Users\groov\.m2\repository\com\google\j2objc\j2objc-annotations\1.1\j2objc-annotations-1.1.jar;C:\Users\groov\.m2\repository\org\codehaus\mojo\animal-sniffer-annotations\1.14\animal-sniffer-annotations-1.14.jar;C:\Users\groov\.m2\repository\com\google\inject\guice\4.2.2\guice-4.2.2.jar;C:\Users\groov\.m2\repository\javax\inject\javax.inject\1\javax.inject-1.jar;C:\Users\groov\.m2\repository\aopalliance\aopalliance\1.0\aopalliance-1.0.jar;C:\Users\groov\.m2\repository\cglib\cglib\3.3.0\cglib-3.3.0.jar;C:\Users\groov\.m2\repository\org\ow2\asm\asm\7.2\asm-7.2.jar;C:\Users\groov\.m2\repository\commons-codec\commons-codec\1.10\commons-codec-1.10.jar;C:\Users\groov\.m2\repository\org\objenesis\objenesis\3.0.1\objenesis-3.0.1.jar;C:\Users\groov\.m2\repository\org\slf4j\slf4j-api\1.7.26\slf4j-api-1.7.26.jar;C:\Users\groov\.m2\repository\xml-apis\xml-apis\1.4.01\xml-apis-1.4.01.jar;C:\Users\groov\.m2\repository\io\cucumber\cucumber-core\2.4.0\cucumber-core-2.4.0.jar;C:\Users\groov\.m2\repository\info\cukes\cucumber-html\0.2.6\cucumber-html-0.2.6.jar;C:\Users\groov\.m2\repository\io\cucumber\cucumber-jvm-deps\1.0.6\cucumber-jvm-deps-1.0.6.jar;C:\Users\groov\.m2\repository\io\cucumber\gherkin\5.0.0\gherkin-5.0.0.jar;C:\Users\groov\.m2\repository\io\cucumber\tag-expressions\1.1.1\tag-expressions-1.1.1.jar;C:\Users\groov\.m2\repository\commons-logging\commons-logging\1.2\commons-logging-1.2.jar;C:\Users\groov\.m2\repository\io\vavr\vavr\0.9.0\vavr-0.9.0.jar;C:\Users\groov\.m2\repository\io\vavr\vavr-match\0.9.0\vavr-match-0.9.0.jar;C:\Users\groov\.m2\repository\javax\xml\bind\jaxb-api\2.2.12\jaxb-api-2.2.12.jar;C:\Users\groov\.m2\repository\com\sun\xml\bind\jaxb-core\2.3.0.1\jaxb-core-2.3.0.1.jar;C:\Users\groov\.m2\repository\com\sun\xml\bind\jaxb-impl\2.3.0.1\jaxb-impl-2.3.0.1.jar;C:\Users\groov\.m2\repository\javax\activation\activation\1.1.1\activation-1.1.1.jar;C:\Users\groov\.m2\repository\org\mockito\mockito-core\3.1.0\mockito-core-3.1.0.jar;C:\Users\groov\.m2\repository\net\serenity-bdd\serenity-report-resources\2.0.77\serenity-report-resources-2.0.77.jar;C:\Users\groov\.m2\repository\net\serenity-bdd\serenity-model\2.0.77\serenity-model-2.0.77.jar;C:\Users\groov\.m2\repository\commons-net\commons-net\3.6\commons-net-3.6.jar;C:\Users\groov\.m2\repository\org\apache\commons\commons-text\1.6\commons-text-1.6.jar;C:\Users\groov\.m2\repository\es\nitaur\markdown\txtmark\0.16\txtmark-0.16.jar;C:\Users\groov\.m2\repository\net\serenity-bdd\serenity-reports\2.0.77\serenity-reports-2.0.77.jar;C:\Users\groov\.m2\repository\net\serenity-bdd\serenity-stats\2.0.77\serenity-stats-2.0.77.jar;C:\Users\groov\.m2\repository\org\jetbrains\kotlin\kotlin-stdlib\1.3.31\kotlin-stdlib-1.3.31.jar;C:\Users\groov\.m2\repository\org\jetbrains\kotlin\kotlin-stdlib-common\1.3.31\kotlin-stdlib-common-1.3.31.jar;C:\Users\groov\.m2\repository\org\jetbrains\annotations\13.0\annotations-13.0.jar;C:\Users\groov\.m2\repository\com\google\code\gson\gson\2.8.4\gson-2.8.4.jar;C:\Users\groov\.m2\repository\commons-io\commons-io\2.6\commons-io-2.6.jar;C:\Users\groov\.m2\repository\org\seleniumhq\selenium\selenium-chrome-driver\3.141.59\selenium-chrome-driver-3.141.59.jar;C:\Users\groov\.m2\repository\org\seleniumhq\selenium\selenium-edge-driver\3.141.59\selenium-edge-driver-3.141.59.jar;C:\Users\groov\.m2\repository\org\seleniumhq\selenium\selenium-remote-driver\3.141.59\selenium-remote-driver-3.141.59.jar;C:\Users\groov\.m2\repository\org\seleniumhq\selenium\selenium-safari-driver\3.141.59\selenium-safari-driver-3.141.59.jar;C:\Users\groov\.m2\repository\org\seleniumhq\selenium\selenium-opera-driver\3.141.59\selenium-opera-driver-3.141.59.jar;C:\Users\groov\.m2\repository\com\paulhammant\ngwebdriver\1.1.4\ngwebdriver-1.1.4.jar;C:\Users\groov\.m2\repository\com\codeborne\phantomjsdriver\1.4.4\phantomjsdriver-1.4.4.jar;C:\Users\groov\.m2\repository\org\seleniumhq\selenium\htmlunit-driver\2.36.0\htmlunit-driver-2.36.0.jar;C:\Users\groov\.m2\repository\io\appium\java-client\7.2.0\java-client-7.2.0.jar;C:\Users\groov\.m2\repository\commons-validator\commons-validator\1.6\commons-validator-1.6.jar;C:\Users\groov\.m2\repository\commons-beanutils\commons-beanutils\1.9.2\commons-beanutils-1.9.2.jar;C:\Users\groov\.m2\repository\commons-digester\commons-digester\1.8.1\commons-digester-1.8.1.jar;C:\Users\groov\.m2\repository\org\aspectj\aspectjweaver\1.9.4\aspectjweaver-1.9.4.jar;C:\Users\groov\.m2\repository\org\springframework\spring-context-support\5.1.2.RELEASE\spring-context-support-5.1.2.RELEASE.jar;C:\Users\groov\.m2\repository\org\springframework\spring-beans\5.1.2.RELEASE\spring-beans-5.1.2.RELEASE.jar;C:\Users\groov\.m2\repository\org\springframework\spring-context\5.1.2.RELEASE\spring-context-5.1.2.RELEASE.jar;C:\Users\groov\.m2\repository\org\springframework\spring-aop\5.1.2.RELEASE\spring-aop-5.1.2.RELEASE.jar;C:\Users\groov\.m2\repository\org\springframework\spring-expression\5.1.2.RELEASE\spring-expression-5.1.2.RELEASE.jar;C:\Users\groov\.m2\repository\org\springframework\spring-core\5.1.2.RELEASE\spring-core-5.1.2.RELEASE.jar;C:\Users\groov\.m2\repository\org\springframework\spring-jcl\5.1.2.RELEASE\spring-jcl-5.1.2.RELEASE.jar;C:\Users\groov\.m2\repository\org\codehaus\groovy\groovy\2.5.5\groovy-2.5.5.jar;C:\Users\groov\.m2\repository\net\sf\opencsv\opencsv\2.0\opencsv-2.0.jar;C:\Users\groov\.m2\repository\commons-beanutils\commons-beanutils-core\1.8.3\commons-beanutils-core-1.8.3.jar;C:\Users\groov\.m2\repository\joda-time\joda-time\2.7\joda-time-2.7.jar;C:\Users\groov\.m2\repository\com\thoughtworks\xstream\xstream\1.4.9\xstream-1.4.9.jar;C:\Users\groov\.m2\repository\xmlpull\xmlpull\1.1.3.1\xmlpull-1.1.3.1.jar;C:\Users\groov\.m2\repository\xpp3\xpp3_min\1.1.4c\xpp3_min-1.1.4c.jar;C:\Users\groov\.m2\repository\org\apache\commons\commons-lang3\3.8.1\commons-lang3-3.8.1.jar;C:\Users\groov\.m2\repository\commons-collections\commons-collections\3.2.2\commons-collections-3.2.2.jar;C:\Users\groov\.m2\repository\org\freemarker\freemarker\2.3.28\freemarker-2.3.28.jar;C:\Users\groov\.m2\repository\net\sourceforge\jexcelapi\jxl\2.6.12\jxl-2.6.12.jar;C:\Users\groov\.m2\repository\org\hamcrest\hamcrest-core\1.3\hamcrest-core-1.3.jar;C:\Users\groov\.m2\repository\org\hamcrest\hamcrest-library\1.3\hamcrest-library-1.3.jar;C:\Users\groov\.m2\repository\net\sourceforge\htmlunit\htmlunit\2.36.0\htmlunit-2.36.0.jar;C:\Users\groov\.m2\repository\net\sourceforge\htmlunit\htmlunit-core-js\2.36.0\htmlunit-core-js-2.36.0.jar;C:\Users\groov\.m2\repository\net\sourceforge\htmlunit\neko-htmlunit\2.36.0\neko-htmlunit-2.36.0.jar;C:\Users\groov\.m2\repository\xerces\xercesImpl\2.12.0\xercesImpl-2.12.0.jar;C:\Users\groov\.m2\repository\net\sourceforge\htmlunit\htmlunit-cssparser\1.5.0\htmlunit-cssparser-1.5.0.jar;C:\Users\groov\.m2\repository\org\brotli\dec\0.1.2\dec-0.1.2.jar;C:\Users\groov\.m2\repository\org\eclipse\jetty\websocket\websocket-client\9.4.20.v20190813\websocket-client-9.4.20.v20190813.jar;C:\Users\groov\.m2\repository\org\eclipse\jetty\jetty-client\9.4.20.v20190813\jetty-client-9.4.20.v20190813.jar;C:\Users\groov\.m2\repository\org\eclipse\jetty\jetty-http\9.4.20.v20190813\jetty-http-9.4.20.v20190813.jar;C:\Users\groov\.m2\repository\org\eclipse\jetty\jetty-xml\9.4.20.v20190813\jetty-xml-9.4.20.v20190813.jar;C:\Users\groov\.m2\repository\org\eclipse\jetty\jetty-util\9.4.20.v20190813\jetty-util-9.4.20.v20190813.jar;C:\Users\groov\.m2\repository\org\eclipse\jetty\jetty-io\9.4.20.v20190813\jetty-io-9.4.20.v20190813.jar;C:\Users\groov\.m2\repository\org\eclipse\jetty\websocket\websocket-common\9.4.20.v20190813\websocket-common-9.4.20.v20190813.jar;C:\Users\groov\.m2\repository\org\eclipse\jetty\websocket\websocket-api\9.4.20.v20190813\websocket-api-9.4.20.v20190813.jar;C:\Users\groov\.m2\repository\org\apache\httpcomponents\httpclient\4.5.5\httpclient-4.5.5.jar;C:\Users\groov\.m2\repository\org\apache\httpcomponents\httpcore\4.4.9\httpcore-4.4.9.jar;C:\Users\groov\.m2\repository\org\apache\httpcomponents\httpmime\4.5.5\httpmime-4.5.5.jar;C:\Users\groov\.m2\repository\org\fluentlenium\fluentlenium-core\0.10.2\fluentlenium-core-0.10.2.jar;C:\Users\groov\.m2\repository\com\jhlabs\filters\2.0.235\filters-2.0.235.jar;C:\Users\groov\.m2\repository\org\asciidoctor\asciidoctorj\1.5.6\asciidoctorj-1.5.6.jar;C:\Users\groov\.m2\repository\org\jruby\jruby-complete\1.7.26\jruby-complete-1.7.26.jar;C:\Users\groov\.m2\repository\org\imgscalr\imgscalr-lib\4.2\imgscalr-lib-4.2.jar;C:\Users\groov\.m2\repository\javax\el\javax.el-api\2.2.4\javax.el-api-2.2.4.jar;C:\Users\groov\.m2\repository\org\glassfish\web\javax.el\2.2.4\javax.el-2.2.4.jar;C:\Users\groov\.m2\repository\xalan\xalan\2.7.2\xalan-2.7.2.jar;C:\Users\groov\.m2\repository\xalan\serializer\2.7.2\serializer-2.7.2.jar;C:\Users\groov\.m2\repository\org\awaitility\awaitility\4.0.1\awaitility-4.0.1.jar;C:\Users\groov\.m2\repository\org\hamcrest\hamcrest\2.1\hamcrest-2.1.jar;C:\Users\groov\.m2\repository\com\typesafe\config\1.3.1\config-1.3.1.jar;C:\Users\groov\.m2\repository\org\jsoup\jsoup\1.10.3\jsoup-1.10.3.jar;C:\Users\groov\.m2\repository\com\google\jimfs\jimfs\1.1\jimfs-1.1.jar;C:\Users\groov\.m2\repository\com\vladsch\flexmark\flexmark-all\0.34.30\flexmark-all-0.34.30.jar;C:\Users\groov\.m2\repository\com\vladsch\flexmark\flexmark\0.34.30\flexmark-0.34.30.jar;C:\Users\groov\.m2\repository\com\vladsch\flexmark\flexmark-ext-abbreviation\0.34.30\flexmark-ext-abbreviation-0.34.30.jar;C:\Users\groov\.m2\repository\com\vladsch\flexmark\flexmark-ext-admonition\0.34.30\flexmark-ext-admonition-0.34.30.jar;C:\Users\groov\.m2\repository\com\vladsch\flexmark\flexmark-ext-anchorlink\0.34.30\flexmark-ext-anchorlink-0.34.30.jar;C:\Users\groov\.m2\repository\com\vladsch\flexmark\flexmark-ext-aside\0.34.30\flexmark-ext-aside-0.34.30.jar;C:\Users\groov\.m2\repository\com\vladsch\flexmark\flexmark-ext-attributes\0.34.30\flexmark-ext-attributes-0.34.30.jar;C:\Users\groov\.m2\repository\com\vladsch\flexmark\flexmark-ext-autolink\0.34.30\flexmark-ext-autolink-0.34.30.jar;C:\Users\groov\.m2\repository\org\nibor\autolink\autolink\0.6.0\autolink-0.6.0.jar;C:\Users\groov\.m2\repository\com\vladsch\flexmark\flexmark-ext-definition\0.34.30\flexmark-ext-definition-0.34.30.jar;C:\Users\groov\.m2\repository\com\vladsch\flexmark\flexmark-ext-emoji\0.34.30\flexmark-ext-emoji-0.34.30.jar;C:\Users\groov\.m2\repository\com\vladsch\flexmark\flexmark-ext-enumerated-reference\0.34.30\flexmark-ext-enumerated-reference-0.34.30.jar;C:\Users\groov\.m2\repository\com\vladsch\flexmark\flexmark-ext-escaped-character\0.34.30\flexmark-ext-escaped-character-0.34.30.jar;C:\Users\groov\.m2\repository\com\vladsch\flexmark\flexmark-ext-footnotes\0.34.30\flexmark-ext-footnotes-0.34.30.jar;C:\Users\groov\.m2\repository\com\vladsch\flexmark\flexmark-ext-gfm-issues\0.34.30\flexmark-ext-gfm-issues-0.34.30.jar;C:\Users\groov\.m2\repository\com\vladsch\flexmark\flexmark-ext-gfm-strikethrough\0.34.30\flexmark-ext-gfm-strikethrough-0.34.30.jar;C:\Users\groov\.m2\repository\com\vladsch\flexmark\flexmark-ext-gfm-tables\0.34.30\flexmark-ext-gfm-tables-0.34.30.jar;C:\Users\groov\.m2\repository\com\vladsch\flexmark\flexmark-ext-gfm-tasklist\0.34.30\flexmark-ext-gfm-tasklist-0.34.30.jar;C:\Users\groov\.m2\repository\com\vladsch\flexmark\flexmark-ext-gfm-users\0.34.30\flexmark-ext-gfm-users-0.34.30.jar;C:\Users\groov\.m2\repository\com\vladsch\flexmark\flexmark-ext-gitlab\0.34.30\flexmark-ext-gitlab-0.34.30.jar;C:\Users\groov\.m2\repository\com\vladsch\flexmark\flexmark-ext-jekyll-front-matter\0.34.30\flexmark-ext-jekyll-front-matter-0.34.30.jar;C:\Users\groov\.m2\repository\com\vladsch\flexmark\flexmark-ext-jekyll-tag\0.34.30\flexmark-ext-jekyll-tag-0.34.30.jar;C:\Users\groov\.m2\repository\com\vladsch\flexmark\flexmark-ext-media-tags\0.34.30\flexmark-ext-media-tags-0.34.30.jar;C:\Users\groov\.m2\repository\com\vladsch\flexmark\flexmark-test-util\0.34.30\flexmark-test-util-0.34.30.jar;C:\Users\groov\.m2\repository\com\vladsch\flexmark\flexmark-ext-ins\0.34.30\flexmark-ext-ins-0.34.30.jar;C:\Users\groov\.m2\repository\com\vladsch\flexmark\flexmark-ext-xwiki-macros\0.34.30\flexmark-ext-xwiki-macros-0.34.30.jar;C:\Users\groov\.m2\repository\com\vladsch\flexmark\flexmark-ext-superscript\0.34.30\flexmark-ext-superscript-0.34.30.jar;C:\Users\groov\.m2\repository\com\vladsch\flexmark\flexmark-ext-tables\0.34.30\flexmark-ext-tables-0.34.30.jar;C:\Users\groov\.m2\repository\com\vladsch\flexmark\flexmark-ext-toc\0.34.30\flexmark-ext-toc-0.34.30.jar;C:\Users\groov\.m2\repository\com\vladsch\flexmark\flexmark-ext-typographic\0.34.30\flexmark-ext-typographic-0.34.30.jar;C:\Users\groov\.m2\repository\com\vladsch\flexmark\flexmark-ext-wikilink\0.34.30\flexmark-ext-wikilink-0.34.30.jar;C:\Users\groov\.m2\repository\com\vladsch\flexmark\flexmark-ext-yaml-front-matter\0.34.30\flexmark-ext-yaml-front-matter-0.34.30.jar;C:\Users\groov\.m2\repository\com\vladsch\flexmark\flexmark-ext-youtube-embedded\0.34.30\flexmark-ext-youtube-embedded-0.34.30.jar;C:\Users\groov\.m2\repository\com\vladsch\flexmark\flexmark-formatter\0.34.30\flexmark-formatter-0.34.30.jar;C:\Users\groov\.m2\repository\com\vladsch\flexmark\flexmark-html-parser\0.34.30\flexmark-html-parser-0.34.30.jar;C:\Users\groov\.m2\repository\com\vladsch\flexmark\flexmark-jira-converter\0.34.30\flexmark-jira-converter-0.34.30.jar;C:\Users\groov\.m2\repository\com\vladsch\flexmark\flexmark-pdf-converter\0.34.30\flexmark-pdf-converter-0.34.30.jar;C:\Users\groov\.m2\repository\com\openhtmltopdf\openhtmltopdf-core\0.0.1-RC13\openhtmltopdf-core-0.0.1-RC13.jar;C:\Users\groov\.m2\repository\com\openhtmltopdf\openhtmltopdf-pdfbox\0.0.1-RC13\openhtmltopdf-pdfbox-0.0.1-RC13.jar;C:\Users\groov\.m2\repository\org\apache\pdfbox\pdfbox\2.0.8\pdfbox-2.0.8.jar;C:\Users\groov\.m2\repository\org\apache\pdfbox\fontbox\2.0.8\fontbox-2.0.8.jar;C:\Users\groov\.m2\repository\org\apache\pdfbox\xmpbox\2.0.8\xmpbox-2.0.8.jar;C:\Users\groov\.m2\repository\de\rototor\pdfbox\graphics2d\0.12\graphics2d-0.12.jar;C:\Users\groov\.m2\repository\com\openhtmltopdf\openhtmltopdf-rtl-support\0.0.1-RC13\openhtmltopdf-rtl-support-0.0.1-RC13.jar;C:\Users\groov\.m2\repository\com\ibm\icu\icu4j\59.1\icu4j-59.1.jar;C:\Users\groov\.m2\repository\com\openhtmltopdf\openhtmltopdf-jsoup-dom-converter\0.0.1-RC13\openhtmltopdf-jsoup-dom-converter-0.0.1-RC13.jar;C:\Users\groov\.m2\repository\com\vladsch\flexmark\flexmark-profile-pegdown\0.34.30\flexmark-profile-pegdown-0.34.30.jar;C:\Users\groov\.m2\repository\com\vladsch\flexmark\flexmark-util\0.34.30\flexmark-util-0.34.30.jar;C:\Users\groov\.m2\repository\com\vladsch\flexmark\flexmark-youtrack-converter\0.34.30\flexmark-youtrack-converter-0.34.30.jar;C:\Users\groov\.m2\repository\net\serenity-bdd\serenity-screenplay\2.0.77\serenity-screenplay-2.0.77.jar;C:\Users\groov\.m2\repository\net\serenity-bdd\serenity-screenplay-webdriver\2.0.77\serenity-screenplay-webdriver-2.0.77.jar;C:\Users\groov\.m2\repository\net\serenity-bdd\serenity-junit\2.0.77\serenity-junit-2.0.77.jar;C:\Users\groov\.m2\repository\net\serenity-bdd\serenity-cucumber\1.9.40\serenity-cucumber-1.9.40.jar;C:\Users\groov\.m2\repository\io\cucumber\cucumber-java\2.4.0\cucumber-java-2.4.0.jar;C:\Users\groov\.m2\repository\io\cucumber\cucumber-junit\2.4.0\cucumber-junit-2.4.0.jar;C:\Users\groov\.m2\repository\org\apache\commons\commons-csv\1.5\commons-csv-1.5.jar;C:\Users\groov\.m2\repository\net\serenity-bdd\serenity-rest-assured\2.0.77\serenity-rest-assured-2.0.77.jar;C:\Users\groov\.m2\repository\org\codehaus\groovy\groovy-xml\2.5.5\groovy-xml-2.5.5.jar;C:\Users\groov\.m2\repository\org\codehaus\groovy\groovy-json\2.5.5\groovy-json-2.5.5.jar;C:\Users\groov\.m2\repository\org\slf4j\slf4j-simple\1.7.7\slf4j-simple-1.7.7.jar;C:\Users\groov\.m2\repository\junit\junit\4.12\junit-4.12.jar;C:\Users\groov\.m2\repository\org\assertj\assertj-core\3.8.0\assertj-core-3.8.0.jar;C:\Users\groov\.m2\repository\org\seleniumhq\selenium\selenium-java\3.141.59\selenium-java-3.141.59.jar;C:\Users\groov\.m2\repository\org\seleniumhq\selenium\selenium-firefox-driver\3.141.59\selenium-firefox-driver-3.141.59.jar;C:\Users\groov\.m2\repository\org\seleniumhq\selenium\selenium-ie-driver\3.141.59\selenium-ie-driver-3.141.59.jar;C:\Users\groov\.m2\repository\org\apache\commons\commons-exec\1.3\commons-exec-1.3.jar;C:\Users\groov\.m2\repository\com\squareup\okhttp3\okhttp\3.11.0\okhttp-3.11.0.jar;C:\Users\groov\.m2\repository\com\squareup\okio\okio\1.14.0\okio-1.14.0.jar;C:\Users\groov\.m2\repository\org\seleniumhq\selenium\selenium-api\3.141.59\selenium-api-3.141.59.jar;C:\Users\groov\.m2\repository\org\seleniumhq\selenium\selenium-support\3.141.59\selenium-support-3.141.59.jar;C:\Users\groov\.m2\repository\org\hamcrest\hamcrest-all\1.3\hamcrest-all-1.3.jar;C:\Users\groov\.m2\repository\info\cukes\cucumber-junit\1.2.3\cucumber-junit-1.2.3.jar;C:\Users\groov\.m2\repository\info\cukes\cucumber-core\1.2.3\cucumber-core-1.2.3.jar;C:\Users\groov\.m2\repository\info\cukes\cucumber-jvm-deps\1.0.5\cucumber-jvm-deps-1.0.5.jar;C:\Users\groov\.m2\repository\info\cukes\gherkin\2.12.2\gherkin-2.12.2.jar;C:\Users\groov\.m2\repository\org\testng\testng\6.9.10\testng-6.9.10.jar;C:\Users\groov\.m2\repository\org\beanshell\bsh\2.0b4\bsh-2.0b4.jar;C:\Users\groov\.m2\repository\com\beust\jcommander\1.48\jcommander-1.48.jar;C:\Users\groov\.m2\repository\info\cukes\cucumber-java\1.2.3\cucumber-java-1.2.3.jar;C:\Users\groov\.m2\repository\org\seleniumhq\selenium\selenium-server\3.2.0\selenium-server-3.2.0.jar;C:\Users\groov\.m2\repository\net\jcip\jcip-annotations\1.0\jcip-annotations-1.0.jar;C:\Users\groov\.m2\repository\org\seleniumhq\selenium\jetty-repacked\9.4.1.v20170120\jetty-repacked-9.4.1.v20170120.jar;C:\Users\groov\.m2\repository\javax\servlet\javax.servlet-api\3.1.0\javax.servlet-api-3.1.0.jar;C:\Users\groov\.m2\repository\org\yaml\snakeyaml\1.15\snakeyaml-1.15.jar;C:\Users\groov\.m2\repository\org\hamcrest\hamcrest-junit\2.0.0.0\hamcrest-junit-2.0.0.0.jar;C:\Users\groov\.m2\repository\org\hamcrest\java-hamcrest\2.0.0.0\java-hamcrest-2.0.0.0.jar;C:\Users\groov\.m2\repository\com\googlecode\json-simple\json-simple\1.1.1\json-simple-1.1.1.jar;C:\Users\groov\.m2\repository\io\rest-assured\rest-assured\3.0.2\rest-assured-3.0.2.jar;C:\Users\groov\.m2\repository\org\ccil\cowan\tagsoup\tagsoup\1.2.1\tagsoup-1.2.1.jar;C:\Users\groov\.m2\repository\io\rest-assured\json-path\3.0.2\json-path-3.0.2.jar;C:\Users\groov\.m2\repository\io\rest-assured\rest-assured-common\3.0.2\rest-assured-common-3.0.2.jar;C:\Users\groov\.m2\repository\io\rest-assured\json-schema-validator\3.0.2\json-schema-validator-3.0.2.jar;C:\Users\groov\.m2\repository\com\github\fge\json-schema-validator\2.2.6\json-schema-validator-2.2.6.jar;C:\Users\groov\.m2\repository\com\googlecode\libphonenumber\libphonenumber\6.2\libphonenumber-6.2.jar;C:\Users\groov\.m2\repository\com\github\fge\json-schema-core\1.2.5\json-schema-core-1.2.5.jar;C:\Users\groov\.m2\repository\com\github\fge\uri-template\0.9\uri-template-0.9.jar;C:\Users\groov\.m2\repository\com\github\fge\msg-simple\1.1\msg-simple-1.1.jar;C:\Users\groov\.m2\repository\com\github\fge\btf\1.2\btf-1.2.jar;C:\Users\groov\.m2\repository\com\github\fge\jackson-coreutils\1.8\jackson-coreutils-1.8.jar;C:\Users\groov\.m2\repository\com\fasterxml\jackson\core\jackson-databind\2.2.3\jackson-databind-2.2.3.jar;C:\Users\groov\.m2\repository\com\fasterxml\jackson\core\jackson-annotations\2.2.3\jackson-annotations-2.2.3.jar;C:\Users\groov\.m2\repository\com\fasterxml\jackson\core\jackson-core\2.2.3\jackson-core-2.2.3.jar;C:\Users\groov\.m2\repository\org\mozilla\rhino\1.7R4\rhino-1.7R4.jar;C:\Users\groov\.m2\repository\javax\mail\mailapi\1.4.3\mailapi-1.4.3.jar;C:\Users\groov\.m2\repository\net\sf\jopt-simple\jopt-simple\4.6\jopt-simple-4.6.jar;C:\Users\groov\.m2\repository\io\rest-assured\xml-path\3.0.2\xml-path-3.0.2.jar;"/>
    <property name="java.vm.vendor" value="Oracle Corporation"/>
    <property name="sun.arch.data.model" value="64"/>
    <property name="user.variant" value=""/>
    <property name="java.vendor.url" value="http://java.oracle.com/"/>
    <property name="user.timezone" value="Africa/Harare"/>
    <property name="java.vm.specification.version" value="1.8"/>
    <property name="os.name" value="Windows 10"/>
    <property name="user.country" value="ZA"/>
    <property name="sun.java.launcher" value="SUN_STANDARD"/>
    <property name="sun.boot.library.path" value="C:\Program Files\Java\jdk1.8.0_201\jre\bin"/>
    <property name="sun.java.command" value="C:\Users\groov\AppData\Local\Temp\surefire3023374334621719171\surefirebooter8224512312235815487.jar C:\Users\groov\AppData\Local\Temp\surefire3023374334621719171 2020-01-09T15-33-16_588-jvmRun1 surefire5193415616318064303tmp surefire_63564639610730074695tmp"/>
    <property name="surefire.test.class.path" value="C:\Users\groov\eclipse\Automation_TestDevelop\target\test-classes;C:\Users\groov\eclipse\Automation_TestDevelop\target\Automation_TestDevelop-0.0.1-SNAPSHOT.jar;C:\Users\groov\.m2\repository\net\serenity-bdd\serenity-core\2.0.77\serenity-core-2.0.77.jar;C:\Users\groov\.m2\repository\net\bytebuddy\byte-buddy\1.10.1\byte-buddy-1.10.1.jar;C:\Users\groov\.m2\repository\net\bytebuddy\byte-buddy-agent\1.10.1\byte-buddy-agent-1.10.1.jar;C:\Users\groov\.m2\repository\com\google\guava\guava\25.0-jre\guava-25.0-jre.jar;C:\Users\groov\.m2\repository\com\google\code\findbugs\jsr305\1.3.9\jsr305-1.3.9.jar;C:\Users\groov\.m2\repository\org\checkerframework\checker-compat-qual\2.0.0\checker-compat-qual-2.0.0.jar;C:\Users\groov\.m2\repository\com\google\errorprone\error_prone_annotations\2.1.3\error_prone_annotations-2.1.3.jar;C:\Users\groov\.m2\repository\com\google\j2objc\j2objc-annotations\1.1\j2objc-annotations-1.1.jar;C:\Users\groov\.m2\repository\org\codehaus\mojo\animal-sniffer-annotations\1.14\animal-sniffer-annotations-1.14.jar;C:\Users\groov\.m2\repository\com\google\inject\guice\4.2.2\guice-4.2.2.jar;C:\Users\groov\.m2\repository\javax\inject\javax.inject\1\javax.inject-1.jar;C:\Users\groov\.m2\repository\aopalliance\aopalliance\1.0\aopalliance-1.0.jar;C:\Users\groov\.m2\repository\cglib\cglib\3.3.0\cglib-3.3.0.jar;C:\Users\groov\.m2\repository\org\ow2\asm\asm\7.2\asm-7.2.jar;C:\Users\groov\.m2\repository\commons-codec\commons-codec\1.10\commons-codec-1.10.jar;C:\Users\groov\.m2\repository\org\objenesis\objenesis\3.0.1\objenesis-3.0.1.jar;C:\Users\groov\.m2\repository\org\slf4j\slf4j-api\1.7.26\slf4j-api-1.7.26.jar;C:\Users\groov\.m2\repository\xml-apis\xml-apis\1.4.01\xml-apis-1.4.01.jar;C:\Users\groov\.m2\repository\io\cucumber\cucumber-core\2.4.0\cucumber-core-2.4.0.jar;C:\Users\groov\.m2\repository\info\cukes\cucumber-html\0.2.6\cucumber-html-0.2.6.jar;C:\Users\groov\.m2\repository\io\cucumber\cucumber-jvm-deps\1.0.6\cucumber-jvm-deps-1.0.6.jar;C:\Users\groov\.m2\repository\io\cucumber\gherkin\5.0.0\gherkin-5.0.0.jar;C:\Users\groov\.m2\repository\io\cucumber\tag-expressions\1.1.1\tag-expressions-1.1.1.jar;C:\Users\groov\.m2\repository\commons-logging\commons-logging\1.2\commons-logging-1.2.jar;C:\Users\groov\.m2\repository\io\vavr\vavr\0.9.0\vavr-0.9.0.jar;C:\Users\groov\.m2\repository\io\vavr\vavr-match\0.9.0\vavr-match-0.9.0.jar;C:\Users\groov\.m2\repository\javax\xml\bind\jaxb-api\2.2.12\jaxb-api-2.2.12.jar;C:\Users\groov\.m2\repository\com\sun\xml\bind\jaxb-core\2.3.0.1\jaxb-core-2.3.0.1.jar;C:\Users\groov\.m2\repository\com\sun\xml\bind\jaxb-impl\2.3.0.1\jaxb-impl-2.3.0.1.jar;C:\Users\groov\.m2\repository\javax\activation\activation\1.1.1\activation-1.1.1.jar;C:\Users\groov\.m2\repository\org\mockito\mockito-core\3.1.0\mockito-core-3.1.0.jar;C:\Users\groov\.m2\repository\net\serenity-bdd\serenity-report-resources\2.0.77\serenity-report-resources-2.0.77.jar;C:\Users\groov\.m2\repository\net\serenity-bdd\serenity-model\2.0.77\serenity-model-2.0.77.jar;C:\Users\groov\.m2\repository\commons-net\commons-net\3.6\commons-net-3.6.jar;C:\Users\groov\.m2\repository\org\apache\commons\commons-text\1.6\commons-text-1.6.jar;C:\Users\groov\.m2\repository\es\nitaur\markdown\txtmark\0.16\txtmark-0.16.jar;C:\Users\groov\.m2\repository\net\serenity-bdd\serenity-reports\2.0.77\serenity-reports-2.0.77.jar;C:\Users\groov\.m2\repository\net\serenity-bdd\serenity-stats\2.0.77\serenity-stats-2.0.77.jar;C:\Users\groov\.m2\repository\org\jetbrains\kotlin\kotlin-stdlib\1.3.31\kotlin-stdlib-1.3.31.jar;C:\Users\groov\.m2\repository\org\jetbrains\kotlin\kotlin-stdlib-common\1.3.31\kotlin-stdlib-common-1.3.31.jar;C:\Users\groov\.m2\repository\org\jetbrains\annotations\13.0\annotations-13.0.jar;C:\Users\groov\.m2\repository\com\google\code\gson\gson\2.8.4\gson-2.8.4.jar;C:\Users\groov\.m2\repository\commons-io\commons-io\2.6\commons-io-2.6.jar;C:\Users\groov\.m2\repository\org\seleniumhq\selenium\selenium-chrome-driver\3.141.59\selenium-chrome-driver-3.141.59.jar;C:\Users\groov\.m2\repository\org\seleniumhq\selenium\selenium-edge-driver\3.141.59\selenium-edge-driver-3.141.59.jar;C:\Users\groov\.m2\repository\org\seleniumhq\selenium\selenium-remote-driver\3.141.59\selenium-remote-driver-3.141.59.jar;C:\Users\groov\.m2\repository\org\seleniumhq\selenium\selenium-safari-driver\3.141.59\selenium-safari-driver-3.141.59.jar;C:\Users\groov\.m2\repository\org\seleniumhq\selenium\selenium-opera-driver\3.141.59\selenium-opera-driver-3.141.59.jar;C:\Users\groov\.m2\repository\com\paulhammant\ngwebdriver\1.1.4\ngwebdriver-1.1.4.jar;C:\Users\groov\.m2\repository\com\codeborne\phantomjsdriver\1.4.4\phantomjsdriver-1.4.4.jar;C:\Users\groov\.m2\repository\org\seleniumhq\selenium\htmlunit-driver\2.36.0\htmlunit-driver-2.36.0.jar;C:\Users\groov\.m2\repository\io\appium\java-client\7.2.0\java-client-7.2.0.jar;C:\Users\groov\.m2\repository\commons-validator\commons-validator\1.6\commons-validator-1.6.jar;C:\Users\groov\.m2\repository\commons-beanutils\commons-beanutils\1.9.2\commons-beanutils-1.9.2.jar;C:\Users\groov\.m2\repository\commons-digester\commons-digester\1.8.1\commons-digester-1.8.1.jar;C:\Users\groov\.m2\repository\org\aspectj\aspectjweaver\1.9.4\aspectjweaver-1.9.4.jar;C:\Users\groov\.m2\repository\org\springframework\spring-context-support\5.1.2.RELEASE\spring-context-support-5.1.2.RELEASE.jar;C:\Users\groov\.m2\repository\org\springframework\spring-beans\5.1.2.RELEASE\spring-beans-5.1.2.RELEASE.jar;C:\Users\groov\.m2\repository\org\springframework\spring-context\5.1.2.RELEASE\spring-context-5.1.2.RELEASE.jar;C:\Users\groov\.m2\repository\org\springframework\spring-aop\5.1.2.RELEASE\spring-aop-5.1.2.RELEASE.jar;C:\Users\groov\.m2\repository\org\springframework\spring-expression\5.1.2.RELEASE\spring-expression-5.1.2.RELEASE.jar;C:\Users\groov\.m2\repository\org\springframework\spring-core\5.1.2.RELEASE\spring-core-5.1.2.RELEASE.jar;C:\Users\groov\.m2\repository\org\springframework\spring-jcl\5.1.2.RELEASE\spring-jcl-5.1.2.RELEASE.jar;C:\Users\groov\.m2\repository\org\codehaus\groovy\groovy\2.5.5\groovy-2.5.5.jar;C:\Users\groov\.m2\repository\net\sf\opencsv\opencsv\2.0\opencsv-2.0.jar;C:\Users\groov\.m2\repository\commons-beanutils\commons-beanutils-core\1.8.3\commons-beanutils-core-1.8.3.jar;C:\Users\groov\.m2\repository\joda-time\joda-time\2.7\joda-time-2.7.jar;C:\Users\groov\.m2\repository\com\thoughtworks\xstream\xstream\1.4.9\xstream-1.4.9.jar;C:\Users\groov\.m2\repository\xmlpull\xmlpull\1.1.3.1\xmlpull-1.1.3.1.jar;C:\Users\groov\.m2\repository\xpp3\xpp3_min\1.1.4c\xpp3_min-1.1.4c.jar;C:\Users\groov\.m2\repository\org\apache\commons\commons-lang3\3.8.1\commons-lang3-3.8.1.jar;C:\Users\groov\.m2\repository\commons-collections\commons-collections\3.2.2\commons-collections-3.2.2.jar;C:\Users\groov\.m2\repository\org\freemarker\freemarker\2.3.28\freemarker-2.3.28.jar;C:\Users\groov\.m2\repository\net\sourceforge\jexcelapi\jxl\2.6.12\jxl-2.6.12.jar;C:\Users\groov\.m2\repository\org\hamcrest\hamcrest-core\1.3\hamcrest-core-1.3.jar;C:\Users\groov\.m2\repository\org\hamcrest\hamcrest-library\1.3\hamcrest-library-1.3.jar;C:\Users\groov\.m2\repository\net\sourceforge\htmlunit\htmlunit\2.36.0\htmlunit-2.36.0.jar;C:\Users\groov\.m2\repository\net\sourceforge\htmlunit\htmlunit-core-js\2.36.0\htmlunit-core-js-2.36.0.jar;C:\Users\groov\.m2\repository\net\sourceforge\htmlunit\neko-htmlunit\2.36.0\neko-htmlunit-2.36.0.jar;C:\Users\groov\.m2\repository\xerces\xercesImpl\2.12.0\xercesImpl-2.12.0.jar;C:\Users\groov\.m2\repository\net\sourceforge\htmlunit\htmlunit-cssparser\1.5.0\htmlunit-cssparser-1.5.0.jar;C:\Users\groov\.m2\repository\org\brotli\dec\0.1.2\dec-0.1.2.jar;C:\Users\groov\.m2\repository\org\eclipse\jetty\websocket\websocket-client\9.4.20.v20190813\websocket-client-9.4.20.v20190813.jar;C:\Users\groov\.m2\repository\org\eclipse\jetty\jetty-client\9.4.20.v20190813\jetty-client-9.4.20.v20190813.jar;C:\Users\groov\.m2\repository\org\eclipse\jetty\jetty-http\9.4.20.v20190813\jetty-http-9.4.20.v20190813.jar;C:\Users\groov\.m2\repository\org\eclipse\jetty\jetty-xml\9.4.20.v20190813\jetty-xml-9.4.20.v20190813.jar;C:\Users\groov\.m2\repository\org\eclipse\jetty\jetty-util\9.4.20.v20190813\jetty-util-9.4.20.v20190813.jar;C:\Users\groov\.m2\repository\org\eclipse\jetty\jetty-io\9.4.20.v20190813\jetty-io-9.4.20.v20190813.jar;C:\Users\groov\.m2\repository\org\eclipse\jetty\websocket\websocket-common\9.4.20.v20190813\websocket-common-9.4.20.v20190813.jar;C:\Users\groov\.m2\repository\org\eclipse\jetty\websocket\websocket-api\9.4.20.v20190813\websocket-api-9.4.20.v20190813.jar;C:\Users\groov\.m2\repository\org\apache\httpcomponents\httpclient\4.5.5\httpclient-4.5.5.jar;C:\Users\groov\.m2\repository\org\apache\httpcomponents\httpcore\4.4.9\httpcore-4.4.9.jar;C:\Users\groov\.m2\repository\org\apache\httpcomponents\httpmime\4.5.5\httpmime-4.5.5.jar;C:\Users\groov\.m2\repository\org\fluentlenium\fluentlenium-core\0.10.2\fluentlenium-core-0.10.2.jar;C:\Users\groov\.m2\repository\com\jhlabs\filters\2.0.235\filters-2.0.235.jar;C:\Users\groov\.m2\repository\org\asciidoctor\asciidoctorj\1.5.6\asciidoctorj-1.5.6.jar;C:\Users\groov\.m2\repository\org\jruby\jruby-complete\1.7.26\jruby-complete-1.7.26.jar;C:\Users\groov\.m2\repository\org\imgscalr\imgscalr-lib\4.2\imgscalr-lib-4.2.jar;C:\Users\groov\.m2\repository\javax\el\javax.el-api\2.2.4\javax.el-api-2.2.4.jar;C:\Users\groov\.m2\repository\org\glassfish\web\javax.el\2.2.4\javax.el-2.2.4.jar;C:\Users\groov\.m2\repository\xalan\xalan\2.7.2\xalan-2.7.2.jar;C:\Users\groov\.m2\repository\xalan\serializer\2.7.2\serializer-2.7.2.jar;C:\Users\groov\.m2\repository\org\awaitility\awaitility\4.0.1\awaitility-4.0.1.jar;C:\Users\groov\.m2\repository\org\hamcrest\hamcrest\2.1\hamcrest-2.1.jar;C:\Users\groov\.m2\repository\com\typesafe\config\1.3.1\config-1.3.1.jar;C:\Users\groov\.m2\repository\org\jsoup\jsoup\1.10.3\jsoup-1.10.3.jar;C:\Users\groov\.m2\repository\com\google\jimfs\jimfs\1.1\jimfs-1.1.jar;C:\Users\groov\.m2\repository\com\vladsch\flexmark\flexmark-all\0.34.30\flexmark-all-0.34.30.jar;C:\Users\groov\.m2\repository\com\vladsch\flexmark\flexmark\0.34.30\flexmark-0.34.30.jar;C:\Users\groov\.m2\repository\com\vladsch\flexmark\flexmark-ext-abbreviation\0.34.30\flexmark-ext-abbreviation-0.34.30.jar;C:\Users\groov\.m2\repository\com\vladsch\flexmark\flexmark-ext-admonition\0.34.30\flexmark-ext-admonition-0.34.30.jar;C:\Users\groov\.m2\repository\com\vladsch\flexmark\flexmark-ext-anchorlink\0.34.30\flexmark-ext-anchorlink-0.34.30.jar;C:\Users\groov\.m2\repository\com\vladsch\flexmark\flexmark-ext-aside\0.34.30\flexmark-ext-aside-0.34.30.jar;C:\Users\groov\.m2\repository\com\vladsch\flexmark\flexmark-ext-attributes\0.34.30\flexmark-ext-attributes-0.34.30.jar;C:\Users\groov\.m2\repository\com\vladsch\flexmark\flexmark-ext-autolink\0.34.30\flexmark-ext-autolink-0.34.30.jar;C:\Users\groov\.m2\repository\org\nibor\autolink\autolink\0.6.0\autolink-0.6.0.jar;C:\Users\groov\.m2\repository\com\vladsch\flexmark\flexmark-ext-definition\0.34.30\flexmark-ext-definition-0.34.30.jar;C:\Users\groov\.m2\repository\com\vladsch\flexmark\flexmark-ext-emoji\0.34.30\flexmark-ext-emoji-0.34.30.jar;C:\Users\groov\.m2\repository\com\vladsch\flexmark\flexmark-ext-enumerated-reference\0.34.30\flexmark-ext-enumerated-reference-0.34.30.jar;C:\Users\groov\.m2\repository\com\vladsch\flexmark\flexmark-ext-escaped-character\0.34.30\flexmark-ext-escaped-character-0.34.30.jar;C:\Users\groov\.m2\repository\com\vladsch\flexmark\flexmark-ext-footnotes\0.34.30\flexmark-ext-footnotes-0.34.30.jar;C:\Users\groov\.m2\repository\com\vladsch\flexmark\flexmark-ext-gfm-issues\0.34.30\flexmark-ext-gfm-issues-0.34.30.jar;C:\Users\groov\.m2\repository\com\vladsch\flexmark\flexmark-ext-gfm-strikethrough\0.34.30\flexmark-ext-gfm-strikethrough-0.34.30.jar;C:\Users\groov\.m2\repository\com\vladsch\flexmark\flexmark-ext-gfm-tables\0.34.30\flexmark-ext-gfm-tables-0.34.30.jar;C:\Users\groov\.m2\repository\com\vladsch\flexmark\flexmark-ext-gfm-tasklist\0.34.30\flexmark-ext-gfm-tasklist-0.34.30.jar;C:\Users\groov\.m2\repository\com\vladsch\flexmark\flexmark-ext-gfm-users\0.34.30\flexmark-ext-gfm-users-0.34.30.jar;C:\Users\groov\.m2\repository\com\vladsch\flexmark\flexmark-ext-gitlab\0.34.30\flexmark-ext-gitlab-0.34.30.jar;C:\Users\groov\.m2\repository\com\vladsch\flexmark\flexmark-ext-jekyll-front-matter\0.34.30\flexmark-ext-jekyll-front-matter-0.34.30.jar;C:\Users\groov\.m2\repository\com\vladsch\flexmark\flexmark-ext-jekyll-tag\0.34.30\flexmark-ext-jekyll-tag-0.34.30.jar;C:\Users\groov\.m2\repository\com\vladsch\flexmark\flexmark-ext-media-tags\0.34.30\flexmark-ext-media-tags-0.34.30.jar;C:\Users\groov\.m2\repository\com\vladsch\flexmark\flexmark-test-util\0.34.30\flexmark-test-util-0.34.30.jar;C:\Users\groov\.m2\repository\com\vladsch\flexmark\flexmark-ext-ins\0.34.30\flexmark-ext-ins-0.34.30.jar;C:\Users\groov\.m2\repository\com\vladsch\flexmark\flexmark-ext-xwiki-macros\0.34.30\flexmark-ext-xwiki-macros-0.34.30.jar;C:\Users\groov\.m2\repository\com\vladsch\flexmark\flexmark-ext-superscript\0.34.30\flexmark-ext-superscript-0.34.30.jar;C:\Users\groov\.m2\repository\com\vladsch\flexmark\flexmark-ext-tables\0.34.30\flexmark-ext-tables-0.34.30.jar;C:\Users\groov\.m2\repository\com\vladsch\flexmark\flexmark-ext-toc\0.34.30\flexmark-ext-toc-0.34.30.jar;C:\Users\groov\.m2\repository\com\vladsch\flexmark\flexmark-ext-typographic\0.34.30\flexmark-ext-typographic-0.34.30.jar;C:\Users\groov\.m2\repository\com\vladsch\flexmark\flexmark-ext-wikilink\0.34.30\flexmark-ext-wikilink-0.34.30.jar;C:\Users\groov\.m2\repository\com\vladsch\flexmark\flexmark-ext-yaml-front-matter\0.34.30\flexmark-ext-yaml-front-matter-0.34.30.jar;C:\Users\groov\.m2\repository\com\vladsch\flexmark\flexmark-ext-youtube-embedded\0.34.30\flexmark-ext-youtube-embedded-0.34.30.jar;C:\Users\groov\.m2\repository\com\vladsch\flexmark\flexmark-formatter\0.34.30\flexmark-formatter-0.34.30.jar;C:\Users\groov\.m2\repository\com\vladsch\flexmark\flexmark-html-parser\0.34.30\flexmark-html-parser-0.34.30.jar;C:\Users\groov\.m2\repository\com\vladsch\flexmark\flexmark-jira-converter\0.34.30\flexmark-jira-converter-0.34.30.jar;C:\Users\groov\.m2\repository\com\vladsch\flexmark\flexmark-pdf-converter\0.34.30\flexmark-pdf-converter-0.34.30.jar;C:\Users\groov\.m2\repository\com\openhtmltopdf\openhtmltopdf-core\0.0.1-RC13\openhtmltopdf-core-0.0.1-RC13.jar;C:\Users\groov\.m2\repository\com\openhtmltopdf\openhtmltopdf-pdfbox\0.0.1-RC13\openhtmltopdf-pdfbox-0.0.1-RC13.jar;C:\Users\groov\.m2\repository\org\apache\pdfbox\pdfbox\2.0.8\pdfbox-2.0.8.jar;C:\Users\groov\.m2\repository\org\apache\pdfbox\fontbox\2.0.8\fontbox-2.0.8.jar;C:\Users\groov\.m2\repository\org\apache\pdfbox\xmpbox\2.0.8\xmpbox-2.0.8.jar;C:\Users\groov\.m2\repository\de\rototor\pdfbox\graphics2d\0.12\graphics2d-0.12.jar;C:\Users\groov\.m2\repository\com\openhtmltopdf\openhtmltopdf-rtl-support\0.0.1-RC13\openhtmltopdf-rtl-support-0.0.1-RC13.jar;C:\Users\groov\.m2\repository\com\ibm\icu\icu4j\59.1\icu4j-59.1.jar;C:\Users\groov\.m2\repository\com\openhtmltopdf\openhtmltopdf-jsoup-dom-converter\0.0.1-RC13\openhtmltopdf-jsoup-dom-converter-0.0.1-RC13.jar;C:\Users\groov\.m2\repository\com\vladsch\flexmark\flexmark-profile-pegdown\0.34.30\flexmark-profile-pegdown-0.34.30.jar;C:\Users\groov\.m2\repository\com\vladsch\flexmark\flexmark-util\0.34.30\flexmark-util-0.34.30.jar;C:\Users\groov\.m2\repository\com\vladsch\flexmark\flexmark-youtrack-converter\0.34.30\flexmark-youtrack-converter-0.34.30.jar;C:\Users\groov\.m2\repository\net\serenity-bdd\serenity-screenplay\2.0.77\serenity-screenplay-2.0.77.jar;C:\Users\groov\.m2\repository\net\serenity-bdd\serenity-screenplay-webdriver\2.0.77\serenity-screenplay-webdriver-2.0.77.jar;C:\Users\groov\.m2\repository\net\serenity-bdd\serenity-junit\2.0.77\serenity-junit-2.0.77.jar;C:\Users\groov\.m2\repository\net\serenity-bdd\serenity-cucumber\1.9.40\serenity-cucumber-1.9.40.jar;C:\Users\groov\.m2\repository\io\cucumber\cucumber-java\2.4.0\cucumber-java-2.4.0.jar;C:\Users\groov\.m2\repository\io\cucumber\cucumber-junit\2.4.0\cucumber-junit-2.4.0.jar;C:\Users\groov\.m2\repository\org\apache\commons\commons-csv\1.5\commons-csv-1.5.jar;C:\Users\groov\.m2\repository\net\serenity-bdd\serenity-rest-assured\2.0.77\serenity-rest-assured-2.0.77.jar;C:\Users\groov\.m2\repository\org\codehaus\groovy\groovy-xml\2.5.5\groovy-xml-2.5.5.jar;C:\Users\groov\.m2\repository\org\codehaus\groovy\groovy-json\2.5.5\groovy-json-2.5.5.jar;C:\Users\groov\.m2\repository\org\slf4j\slf4j-simple\1.7.7\slf4j-simple-1.7.7.jar;C:\Users\groov\.m2\repository\junit\junit\4.12\junit-4.12.jar;C:\Users\groov\.m2\repository\org\assertj\assertj-core\3.8.0\assertj-core-3.8.0.jar;C:\Users\groov\.m2\repository\org\seleniumhq\selenium\selenium-java\3.141.59\selenium-java-3.141.59.jar;C:\Users\groov\.m2\repository\org\seleniumhq\selenium\selenium-firefox-driver\3.141.59\selenium-firefox-driver-3.141.59.jar;C:\Users\groov\.m2\repository\org\seleniumhq\selenium\selenium-ie-driver\3.141.59\selenium-ie-driver-3.141.59.jar;C:\Users\groov\.m2\repository\org\apache\commons\commons-exec\1.3\commons-exec-1.3.jar;C:\Users\groov\.m2\repository\com\squareup\okhttp3\okhttp\3.11.0\okhttp-3.11.0.jar;C:\Users\groov\.m2\repository\com\squareup\okio\okio\1.14.0\okio-1.14.0.jar;C:\Users\groov\.m2\repository\org\seleniumhq\selenium\selenium-api\3.141.59\selenium-api-3.141.59.jar;C:\Users\groov\.m2\repository\org\seleniumhq\selenium\selenium-support\3.141.59\selenium-support-3.141.59.jar;C:\Users\groov\.m2\repository\org\hamcrest\hamcrest-all\1.3\hamcrest-all-1.3.jar;C:\Users\groov\.m2\repository\info\cukes\cucumber-junit\1.2.3\cucumber-junit-1.2.3.jar;C:\Users\groov\.m2\repository\info\cukes\cucumber-core\1.2.3\cucumber-core-1.2.3.jar;C:\Users\groov\.m2\repository\info\cukes\cucumber-jvm-deps\1.0.5\cucumber-jvm-deps-1.0.5.jar;C:\Users\groov\.m2\repository\info\cukes\gherkin\2.12.2\gherkin-2.12.2.jar;C:\Users\groov\.m2\repository\org\testng\testng\6.9.10\testng-6.9.10.jar;C:\Users\groov\.m2\repository\org\beanshell\bsh\2.0b4\bsh-2.0b4.jar;C:\Users\groov\.m2\repository\com\beust\jcommander\1.48\jcommander-1.48.jar;C:\Users\groov\.m2\repository\info\cukes\cucumber-java\1.2.3\cucumber-java-1.2.3.jar;C:\Users\groov\.m2\repository\org\seleniumhq\selenium\selenium-server\3.2.0\selenium-server-3.2.0.jar;C:\Users\groov\.m2\repository\net\jcip\jcip-annotations\1.0\jcip-annotations-1.0.jar;C:\Users\groov\.m2\repository\org\seleniumhq\selenium\jetty-repacked\9.4.1.v20170120\jetty-repacked-9.4.1.v20170120.jar;C:\Users\groov\.m2\repository\javax\servlet\javax.servlet-api\3.1.0\javax.servlet-api-3.1.0.jar;C:\Users\groov\.m2\repository\org\yaml\snakeyaml\1.15\snakeyaml-1.15.jar;C:\Users\groov\.m2\repository\org\hamcrest\hamcrest-junit\2.0.0.0\hamcrest-junit-2.0.0.0.jar;C:\Users\groov\.m2\repository\org\hamcrest\java-hamcrest\2.0.0.0\java-hamcrest-2.0.0.0.jar;C:\Users\groov\.m2\repository\com\googlecode\json-simple\json-simple\1.1.1\json-simple-1.1.1.jar;C:\Users\groov\.m2\repository\io\rest-assured\rest-assured\3.0.2\rest-assured-3.0.2.jar;C:\Users\groov\.m2\repository\org\ccil\cowan\tagsoup\tagsoup\1.2.1\tagsoup-1.2.1.jar;C:\Users\groov\.m2\repository\io\rest-assured\json-path\3.0.2\json-path-3.0.2.jar;C:\Users\groov\.m2\repository\io\rest-assured\rest-assured-common\3.0.2\rest-assured-common-3.0.2.jar;C:\Users\groov\.m2\repository\io\rest-assured\json-schema-validator\3.0.2\json-schema-validator-3.0.2.jar;C:\Users\groov\.m2\repository\com\github\fge\json-schema-validator\2.2.6\json-schema-validator-2.2.6.jar;C:\Users\groov\.m2\repository\com\googlecode\libphonenumber\libphonenumber\6.2\libphonenumber-6.2.jar;C:\Users\groov\.m2\repository\com\github\fge\json-schema-core\1.2.5\json-schema-core-1.2.5.jar;C:\Users\groov\.m2\repository\com\github\fge\uri-template\0.9\uri-template-0.9.jar;C:\Users\groov\.m2\repository\com\github\fge\msg-simple\1.1\msg-simple-1.1.jar;C:\Users\groov\.m2\repository\com\github\fge\btf\1.2\btf-1.2.jar;C:\Users\groov\.m2\repository\com\github\fge\jackson-coreutils\1.8\jackson-coreutils-1.8.jar;C:\Users\groov\.m2\repository\com\fasterxml\jackson\core\jackson-databind\2.2.3\jackson-databind-2.2.3.jar;C:\Users\groov\.m2\repository\com\fasterxml\jackson\core\jackson-annotations\2.2.3\jackson-annotations-2.2.3.jar;C:\Users\groov\.m2\repository\com\fasterxml\jackson\core\jackson-core\2.2.3\jackson-core-2.2.3.jar;C:\Users\groov\.m2\repository\org\mozilla\rhino\1.7R4\rhino-1.7R4.jar;C:\Users\groov\.m2\repository\javax\mail\mailapi\1.4.3\mailapi-1.4.3.jar;C:\Users\groov\.m2\repository\net\sf\jopt-simple\jopt-simple\4.6\jopt-simple-4.6.jar;C:\Users\groov\.m2\repository\io\rest-assured\xml-path\3.0.2\xml-path-3.0.2.jar;"/>
    <property name="sun.cpu.endian" value="little"/>
    <property name="user.home" value="C:\Users\groov"/>
    <property name="user.language" value="en"/>
    <property name="java.specification.vendor" value="Oracle Corporation"/>
    <property name="java.home" value="C:\Program Files\Java\jdk1.8.0_201\jre"/>
    <property name="basedir" value="C:\Users\groov\eclipse\Automation_TestDevelop"/>
    <property name="file.separator" value="\"/>
    <property name="line.separator" value="&#10;"/>
    <property name="java.vm.specification.vendor" value="Oracle Corporation"/>
    <property name="java.specification.name" value="Java Platform API Specification"/>
    <property name="java.awt.graphicsenv" value="sun.awt.Win32GraphicsEnvironment"/>
    <property name="surefire.real.class.path" value="C:\Users\groov\AppData\Local\Temp\surefire3023374334621719171\surefirebooter8224512312235815487.jar"/>
    <property name="sun.boot.class.path" value="C:\Program Files\Java\jdk1.8.0_201\jre\lib\resources.jar;C:\Program Files\Java\jdk1.8.0_201\jre\lib\rt.jar;C:\Program Files\Java\jdk1.8.0_201\jre\lib\sunrsasign.jar;C:\Program Files\Java\jdk1.8.0_201\jre\lib\jsse.jar;C:\Program Files\Java\jdk1.8.0_201\jre\lib\jce.jar;C:\Program Files\Java\jdk1.8.0_201\jre\lib\charsets.jar;C:\Program Files\Java\jdk1.8.0_201\jre\lib\jfr.jar;C:\Program Files\Java\jdk1.8.0_201\jre\classes"/>
    <property name="user.script" value=""/>
    <property name="sun.management.compiler" value="HotSpot 64-Bit Tiered Compilers"/>
    <property name="java.runtime.version" value="1.8.0_201-b09"/>
    <property name="user.name" value="groov"/>
    <property name="path.separator" value=";"/>
    <property name="os.version" value="10.0"/>
    <property name="java.endorsed.dirs" value="C:\Program Files\Java\jdk1.8.0_201\jre\lib\endorsed"/>
    <property name="java.runtime.name" value="Java(TM) SE Runtime Environment"/>
    <property name="file.encoding" value="Cp1252"/>
    <property name="java.vm.name" value="Java HotSpot(TM) 64-Bit Server VM"/>
    <property name="localRepository" value="C:\Users\groov\.m2\repository"/>
    <property name="java.vendor.url.bug" value="http://bugreport.sun.com/bugreport/"/>
    <property name="java.io.tmpdir" value="C:\Users\groov\AppData\Local\Temp\"/>
    <property name="java.version" value="1.8.0_201"/>
    <property name="user.dir" value="C:\Users\groov\eclipse\Automation_TestDevelop"/>
    <property name="os.arch" value="amd64"/>
    <property name="java.vm.specification.name" value="Java Virtual Machine Specification"/>
    <property name="java.awt.printerjob" value="sun.awt.windows.WPrinterJob"/>
    <property name="sun.os.patch.level" value=""/>
    <property name="java.library.path" value="C:\Program Files\Java\jdk1.8.0_201\jre\bin;C:\Windows\Sun\Java\bin;C:\Windows\system32;C:\Windows;C:/Program Files/Java/jre1.8.0_231/bin/server;C:/Program Files/Java/jre1.8.0_231/bin;C:/Program Files/Java/jre1.8.0_231/lib/amd64;C:\Program Files (x86)\Common Files\Oracle\Java\javapath;C:\Windows\system32;C:\Windows;C:\Windows\System32\Wbem;C:\Windows\System32\WindowsPowerShell\v1.0\;C:\Windows\System32\OpenSSH\;C:\Program Files (x86)\Intel\Intel(R) Management Engine Components\DAL;C:\Program Files\Intel\Intel(R) Management Engine Components\DAL;C:\Program Files\Git\cmd;C:\Program Files\Java\jdk1.8.0_201\bin;C:\apache-maven-3.5.2\bin;C:\Program Files\dotnet\;C:\Program Files\Microsoft SQL Server\130\Tools\Binn\;C:\Users\groov\Documents\SonarQube\sonar-scanner\bin;C:\Users\groov\AppData\Local\Microsoft\WindowsApps;C:\Users\groov\AppData\Local\Programs\Fiddler;C:\Program Files\Java\jdk1.8.0_201\bin;C:\Users\groov\AppData\Local\Programs\Microsoft VS Code\bin;C:\Users\groov\Documents\SonarQube\sonar-scanner\bin;;C:\Windows\system32;;."/>
    <property name="java.vm.info" value="mixed mode"/>
    <property name="java.vendor" value="Oracle Corporation"/>
    <property name="java.vm.version" value="25.201-b09"/>
    <property name="java.ext.dirs" value="C:\Program Files\Java\jdk1.8.0_201\jre\lib\ext;C:\Windows\Sun\Java\lib\ext"/>
    <property name="sun.io.unicode.encoding" value="UnicodeLittle"/>
    <property name="java.class.version" value="52.0"/>
  </properties>
  <testcase name="createMultipleStudents[24] on createMultipleStudents[24](com.studentapp.utils.CreateStudentDataDriven)" classname="com.studentapp.utils.CreateStudentDataDriven" time="0.723">
    <failure message="Connection refused: connect" type="java.net.ConnectException">java.net.ConnectException: Connection refused: connect
	at com.studentapp.utils.CreateStudentDataDriven.createMultipleStudents(CreateStudentDataDriven.java:36)
</failure>
    <system-out><![CDATA[Body:
{
    "id": 0,
    "firstName": "Brianna",
    "lastName": "Villa",
    "email": "bvillau@whitehouse.gov",
    "programme": "Information Science",
    "courses": [
        "SCALA"
    ]
}
Body:
{
    "id": 0,
    "firstName": "Marsiella",
    "lastName": "Pierce",
    "email": "mpierceb@columbia.edu",
    "programme": "Information Science",
    "courses": [
        "Java"
    ]
}
Body:
{
    "id": 0,
    "firstName": "Randee",
    "lastName": "Battany",
    "email": "rbattanyo@csmonitor.com",
    "programme": "Computer Science",
    "courses": [
        "C#"
    ]
}
Body:
{
    "id": 0,
    "firstName": "Lexi",
    "lastName": "Tossell",
    "email": "ltossellk@intel.com",
    "programme": "Information Science",
    "courses": [
        "Java"
    ]
}
Body:
{
    "id": 0,
    "firstName": "Cariotta",
    "lastName": "Currie",
    "email": "ccurriel@ftc.gov",
    "programme": "Information Science",
    "courses": [
        "SCALA"
    ]
}
Body:
{
    "id": 0,
    "firstName": "Storm",
    "lastName": "Oldrey",
    "email": "soldrey9@go.com",
    "programme": "Computer Science",
    "courses": [
        "C#"
    ]
}
]]></system-out>
    <system-err><![CDATA[[CreateStudentDataDriven-1-thread-32] INFO net.thucydides.core.steps.ConsoleLoggingListener - 

-------------------------------------------------------------------------------------
     _______. _______ .______       _______ .__   __.  __  .___________.____    ____ 
    /       ||   ____||   _  \     |   ____||  \ |  | |  | |           |\   \  /   / 
   |   (----`|  |__   |  |_)  |    |  |__   |   \|  | |  | `---|  |----` \   \/   /  
    \   \    |   __|  |      /     |   __|  |  . `  | |  |     |  |       \_    _/   
.----)   |   |  |____ |  |\  \----.|  |____ |  |\   | |  |     |  |         |  |     
|_______/    |_______|| _| `._____||_______||__| \__| |__|     |__|         |__|    
                                                                                     
 News and tutorials at http://www.serenity-bdd.info                                  
 Documentation at https://wakaleo.gitbooks.io/the-serenity-book/content/             
 Join the Serenity Community on Rocket Chat at https://serenity-bdd.rocket.chat      
 Serenity BDD Support and Training at http://serenity-bdd.info/#/trainingandsupport  
 Learn Serenity BDD online at http://serenity-dojo.com                               
-------------------------------------------------------------------------------------

[CreateStudentDataDriven-1-thread-31] INFO net.thucydides.core.steps.ConsoleLoggingListener - Test Suite Started: Create student data driven
[CreateStudentDataDriven-1-thread-31] INFO net.thucydides.core.steps.ConsoleLoggingListener - 
 _____ _____ ____ _____   ____ _____  _    ____ _____ _____ ____  
|_   _| ____/ ___|_   _| / ___|_   _|/ \  |  _ \_   _| ____|  _ \ 
  | | |  _| \___ \ | |   \___ \ | | / _ \ | |_) || | |  _| | | | |
  | | | |___ ___) || |    ___) || |/ ___ \|  _ < | | | |___| |_| |
  |_| |_____|____/ |_|   |____/ |_/_/   \_\_| \_\|_| |_____|____/ 
                                                                  

TEST STARTED: createMultipleStudents[30]
-------------------------------------------------------------------
[CreateStudentDataDriven-1-thread-31] INFO net.serenitybdd.core.Serenity - TEST NUMBER: 1
[CreateStudentDataDriven-1-thread-32] INFO net.thucydides.core.steps.ConsoleLoggingListener - Test Suite Started: Create student data driven
[CreateStudentDataDriven-1-thread-32] INFO net.thucydides.core.steps.ConsoleLoggingListener - 
 _____ _____ ____ _____   ____ _____  _    ____ _____ _____ ____  
|_   _| ____/ ___|_   _| / ___|_   _|/ \  |  _ \_   _| ____|  _ \ 
  | | |  _| \___ \ | |   \___ \ | | / _ \ | |_) || | |  _| | | | |
  | | | |___ ___) || |    ___) || |/ ___ \|  _ < | | | |___| |_| |
  |_| |_____|____/ |_|   |____/ |_/_/   \_\_| \_\|_| |_____|____/ 
                                                                  

TEST STARTED: createMultipleStudents[31]
-------------------------------------------------------------------
[CreateStudentDataDriven-1-thread-32] INFO net.serenitybdd.core.Serenity - TEST NUMBER: 2
[CreateStudentDataDriven-1-thread-11] INFO net.thucydides.core.steps.ConsoleLoggingListener - Test Suite Started: Create student data driven
[CreateStudentDataDriven-1-thread-11] INFO net.thucydides.core.steps.ConsoleLoggingListener - 
 _____ _____ ____ _____   ____ _____  _    ____ _____ _____ ____  
|_   _| ____/ ___|_   _| / ___|_   _|/ \  |  _ \_   _| ____|  _ \ 
  | | |  _| \___ \ | |   \___ \ | | / _ \ | |_) || | |  _| | | | |
  | | | |___ ___) || |    ___) || |/ ___ \|  _ < | | | |___| |_| |
  |_| |_____|____/ |_|   |____/ |_/_/   \_\_| \_\|_| |_____|____/ 
                                                                  

TEST STARTED: createMultipleStudents[10]
-------------------------------------------------------------------
[CreateStudentDataDriven-1-thread-11] INFO net.serenitybdd.core.Serenity - TEST NUMBER: 3
[CreateStudentDataDriven-1-thread-8] INFO net.thucydides.core.steps.ConsoleLoggingListener - Test Suite Started: Create student data driven
[CreateStudentDataDriven-1-thread-8] INFO net.thucydides.core.steps.ConsoleLoggingListener - 
 _____ _____ ____ _____   ____ _____  _    ____ _____ _____ ____  
|_   _| ____/ ___|_   _| / ___|_   _|/ \  |  _ \_   _| ____|  _ \ 
  | | |  _| \___ \ | |   \___ \ | | / _ \ | |_) || | |  _| | | | |
  | | | |___ ___) || |    ___) || |/ ___ \|  _ < | | | |___| |_| |
  |_| |_____|____/ |_|   |____/ |_/_/   \_\_| \_\|_| |_____|____/ 
                                                                  

TEST STARTED: createMultipleStudents[7]
-------------------------------------------------------------------
[CreateStudentDataDriven-1-thread-8] INFO net.serenitybdd.core.Serenity - TEST NUMBER: 4
[CreateStudentDataDriven-1-thread-27] INFO net.thucydides.core.steps.ConsoleLoggingListener - Test Suite Started: Create student data driven
[CreateStudentDataDriven-1-thread-27] INFO net.thucydides.core.steps.ConsoleLoggingListener - 
 _____ _____ ____ _____   ____ _____  _    ____ _____ _____ ____  
|_   _| ____/ ___|_   _| / ___|_   _|/ \  |  _ \_   _| ____|  _ \ 
  | | |  _| \___ \ | |   \___ \ | | / _ \ | |_) || | |  _| | | | |
  | | | |___ ___) || |    ___) || |/ ___ \|  _ < | | | |___| |_| |
  |_| |_____|____/ |_|   |____/ |_/_/   \_\_| \_\|_| |_____|____/ 
                                                                  

TEST STARTED: createMultipleStudents[26]
-------------------------------------------------------------------
[CreateStudentDataDriven-1-thread-27] INFO net.serenitybdd.core.Serenity - TEST NUMBER: 5
[CreateStudentDataDriven-1-thread-17] INFO net.thucydides.core.steps.ConsoleLoggingListener - Test Suite Started: Create student data driven
[CreateStudentDataDriven-1-thread-17] INFO net.thucydides.core.steps.ConsoleLoggingListener - 
 _____ _____ ____ _____   ____ _____  _    ____ _____ _____ ____  
|_   _| ____/ ___|_   _| / ___|_   _|/ \  |  _ \_   _| ____|  _ \ 
  | | |  _| \___ \ | |   \___ \ | | / _ \ | |_) || | |  _| | | | |
  | | | |___ ___) || |    ___) || |/ ___ \|  _ < | | | |___| |_| |
  |_| |_____|____/ |_|   |____/ |_/_/   \_\_| \_\|_| |_____|____/ 
                                                                  

TEST STARTED: createMultipleStudents[16]
-------------------------------------------------------------------
[CreateStudentDataDriven-1-thread-17] INFO net.serenitybdd.core.Serenity - TEST NUMBER: 6
[CreateStudentDataDriven-1-thread-4] INFO net.thucydides.core.steps.ConsoleLoggingListener - Test Suite Started: Create student data driven
[CreateStudentDataDriven-1-thread-4] INFO net.thucydides.core.steps.ConsoleLoggingListener - 
 _____ _____ ____ _____   ____ _____  _    ____ _____ _____ ____  
|_   _| ____/ ___|_   _| / ___|_   _|/ \  |  _ \_   _| ____|  _ \ 
  | | |  _| \___ \ | |   \___ \ | | / _ \ | |_) || | |  _| | | | |
  | | | |___ ___) || |    ___) || |/ ___ \|  _ < | | | |___| |_| |
  |_| |_____|____/ |_|   |____/ |_/_/   \_\_| \_\|_| |_____|____/ 
                                                                  

TEST STARTED: createMultipleStudents[3]
-------------------------------------------------------------------
[CreateStudentDataDriven-1-thread-4] INFO net.serenitybdd.core.Serenity - TEST NUMBER: 7
[CreateStudentDataDriven-1-thread-7] INFO net.thucydides.core.steps.ConsoleLoggingListener - Test Suite Started: Create student data driven
[CreateStudentDataDriven-1-thread-7] INFO net.thucydides.core.steps.ConsoleLoggingListener - 
 _____ _____ ____ _____   ____ _____  _    ____ _____ _____ ____  
|_   _| ____/ ___|_   _| / ___|_   _|/ \  |  _ \_   _| ____|  _ \ 
  | | |  _| \___ \ | |   \___ \ | | / _ \ | |_) || | |  _| | | | |
  | | | |___ ___) || |    ___) || |/ ___ \|  _ < | | | |___| |_| |
  |_| |_____|____/ |_|   |____/ |_/_/   \_\_| \_\|_| |_____|____/ 
                                                                  

TEST STARTED: createMultipleStudents[6]
-------------------------------------------------------------------
[CreateStudentDataDriven-1-thread-7] INFO net.serenitybdd.core.Serenity - TEST NUMBER: 8
[CreateStudentDataDriven-1-thread-12] INFO net.thucydides.core.steps.ConsoleLoggingListener - Test Suite Started: Create student data driven
[CreateStudentDataDriven-1-thread-12] INFO net.thucydides.core.steps.ConsoleLoggingListener - 
 _____ _____ ____ _____   ____ _____  _    ____ _____ _____ ____  
|_   _| ____/ ___|_   _| / ___|_   _|/ \  |  _ \_   _| ____|  _ \ 
  | | |  _| \___ \ | |   \___ \ | | / _ \ | |_) || | |  _| | | | |
  | | | |___ ___) || |    ___) || |/ ___ \|  _ < | | | |___| |_| |
  |_| |_____|____/ |_|   |____/ |_/_/   \_\_| \_\|_| |_____|____/ 
                                                                  

TEST STARTED: createMultipleStudents[11]
-------------------------------------------------------------------
[CreateStudentDataDriven-1-thread-12] INFO net.serenitybdd.core.Serenity - TEST NUMBER: 9
[CreateStudentDataDriven-1-thread-23] INFO net.thucydides.core.steps.ConsoleLoggingListener - Test Suite Started: Create student data driven
[CreateStudentDataDriven-1-thread-23] INFO net.thucydides.core.steps.ConsoleLoggingListener - 
 _____ _____ ____ _____   ____ _____  _    ____ _____ _____ ____  
|_   _| ____/ ___|_   _| / ___|_   _|/ \  |  _ \_   _| ____|  _ \ 
  | | |  _| \___ \ | |   \___ \ | | / _ \ | |_) || | |  _| | | | |
  | | | |___ ___) || |    ___) || |/ ___ \|  _ < | | | |___| |_| |
  |_| |_____|____/ |_|   |____/ |_/_/   \_\_| \_\|_| |_____|____/ 
                                                                  

TEST STARTED: createMultipleStudents[22]
-------------------------------------------------------------------
[CreateStudentDataDriven-1-thread-23] INFO net.serenitybdd.core.Serenity - TEST NUMBER: 10
[CreateStudentDataDriven-1-thread-13] INFO net.thucydides.core.steps.ConsoleLoggingListener - Test Suite Started: Create student data driven
[CreateStudentDataDriven-1-thread-13] INFO net.thucydides.core.steps.ConsoleLoggingListener - 
 _____ _____ ____ _____   ____ _____  _    ____ _____ _____ ____  
|_   _| ____/ ___|_   _| / ___|_   _|/ \  |  _ \_   _| ____|  _ \ 
  | | |  _| \___ \ | |   \___ \ | | / _ \ | |_) || | |  _| | | | |
  | | | |___ ___) || |    ___) || |/ ___ \|  _ < | | | |___| |_| |
  |_| |_____|____/ |_|   |____/ |_/_/   \_\_| \_\|_| |_____|____/ 
                                                                  

TEST STARTED: createMultipleStudents[12]
-------------------------------------------------------------------
[CreateStudentDataDriven-1-thread-13] INFO net.serenitybdd.core.Serenity - TEST NUMBER: 11
[CreateStudentDataDriven-1-thread-25] INFO net.thucydides.core.steps.ConsoleLoggingListener - Test Suite Started: Create student data driven
[CreateStudentDataDriven-1-thread-25] INFO net.thucydides.core.steps.ConsoleLoggingListener - 
 _____ _____ ____ _____   ____ _____  _    ____ _____ _____ ____  
|_   _| ____/ ___|_   _| / ___|_   _|/ \  |  _ \_   _| ____|  _ \ 
  | | |  _| \___ \ | |   \___ \ | | / _ \ | |_) || | |  _| | | | |
  | | | |___ ___) || |    ___) || |/ ___ \|  _ < | | | |___| |_| |
  |_| |_____|____/ |_|   |____/ |_/_/   \_\_| \_\|_| |_____|____/ 
                                                                  

TEST STARTED: createMultipleStudents[24]
-------------------------------------------------------------------
[CreateStudentDataDriven-1-thread-25] INFO net.serenitybdd.core.Serenity - TEST NUMBER: 12
[CreateStudentDataDriven-1-thread-29] INFO net.thucydides.core.steps.ConsoleLoggingListener - Test Suite Started: Create student data driven
[CreateStudentDataDriven-1-thread-29] INFO net.thucydides.core.steps.ConsoleLoggingListener - 
 _____ _____ ____ _____   ____ _____  _    ____ _____ _____ ____  
|_   _| ____/ ___|_   _| / ___|_   _|/ \  |  _ \_   _| ____|  _ \ 
  | | |  _| \___ \ | |   \___ \ | | / _ \ | |_) || | |  _| | | | |
  | | | |___ ___) || |    ___) || |/ ___ \|  _ < | | | |___| |_| |
  |_| |_____|____/ |_|   |____/ |_/_/   \_\_| \_\|_| |_____|____/ 
                                                                  

TEST STARTED: createMultipleStudents[28]
-------------------------------------------------------------------
[CreateStudentDataDriven-1-thread-29] INFO net.serenitybdd.core.Serenity - TEST NUMBER: 13
[CreateStudentDataDriven-1-thread-18] INFO net.thucydides.core.steps.ConsoleLoggingListener - Test Suite Started: Create student data driven
[CreateStudentDataDriven-1-thread-18] INFO net.thucydides.core.steps.ConsoleLoggingListener - 
 _____ _____ ____ _____   ____ _____  _    ____ _____ _____ ____  
|_   _| ____/ ___|_   _| / ___|_   _|/ \  |  _ \_   _| ____|  _ \ 
  | | |  _| \___ \ | |   \___ \ | | / _ \ | |_) || | |  _| | | | |
  | | | |___ ___) || |    ___) || |/ ___ \|  _ < | | | |___| |_| |
  |_| |_____|____/ |_|   |____/ |_/_/   \_\_| \_\|_| |_____|____/ 
                                                                  

TEST STARTED: createMultipleStudents[17]
-------------------------------------------------------------------
[CreateStudentDataDriven-1-thread-18] INFO net.serenitybdd.core.Serenity - TEST NUMBER: 14
[CreateStudentDataDriven-1-thread-21] INFO net.thucydides.core.steps.ConsoleLoggingListener - Test Suite Started: Create student data driven
[CreateStudentDataDriven-1-thread-21] INFO net.thucydides.core.steps.ConsoleLoggingListener - 
 _____ _____ ____ _____   ____ _____  _    ____ _____ _____ ____  
|_   _| ____/ ___|_   _| / ___|_   _|/ \  |  _ \_   _| ____|  _ \ 
  | | |  _| \___ \ | |   \___ \ | | / _ \ | |_) || | |  _| | | | |
  | | | |___ ___) || |    ___) || |/ ___ \|  _ < | | | |___| |_| |
  |_| |_____|____/ |_|   |____/ |_/_/   \_\_| \_\|_| |_____|____/ 
                                                                  

TEST STARTED: createMultipleStudents[20]
-------------------------------------------------------------------
[CreateStudentDataDriven-1-thread-21] INFO net.serenitybdd.core.Serenity - TEST NUMBER: 15
[CreateStudentDataDriven-1-thread-6] INFO net.thucydides.core.steps.ConsoleLoggingListener - Test Suite Started: Create student data driven
[CreateStudentDataDriven-1-thread-6] INFO net.thucydides.core.steps.ConsoleLoggingListener - 
 _____ _____ ____ _____   ____ _____  _    ____ _____ _____ ____  
|_   _| ____/ ___|_   _| / ___|_   _|/ \  |  _ \_   _| ____|  _ \ 
  | | |  _| \___ \ | |   \___ \ | | / _ \ | |_) || | |  _| | | | |
  | | | |___ ___) || |    ___) || |/ ___ \|  _ < | | | |___| |_| |
  |_| |_____|____/ |_|   |____/ |_/_/   \_\_| \_\|_| |_____|____/ 
                                                                  

TEST STARTED: createMultipleStudents[5]
-------------------------------------------------------------------
[CreateStudentDataDriven-1-thread-6] INFO net.serenitybdd.core.Serenity - TEST NUMBER: 16
[CreateStudentDataDriven-1-thread-22] INFO net.thucydides.core.steps.ConsoleLoggingListener - Test Suite Started: Create student data driven
[CreateStudentDataDriven-1-thread-22] INFO net.thucydides.core.steps.ConsoleLoggingListener - 
 _____ _____ ____ _____   ____ _____  _    ____ _____ _____ ____  
|_   _| ____/ ___|_   _| / ___|_   _|/ \  |  _ \_   _| ____|  _ \ 
  | | |  _| \___ \ | |   \___ \ | | / _ \ | |_) || | |  _| | | | |
  | | | |___ ___) || |    ___) || |/ ___ \|  _ < | | | |___| |_| |
  |_| |_____|____/ |_|   |____/ |_/_/   \_\_| \_\|_| |_____|____/ 
                                                                  

TEST STARTED: createMultipleStudents[21]
-------------------------------------------------------------------
[CreateStudentDataDriven-1-thread-22] INFO net.serenitybdd.core.Serenity - TEST NUMBER: 17
[CreateStudentDataDriven-1-thread-10] INFO net.thucydides.core.steps.ConsoleLoggingListener - Test Suite Started: Create student data driven
[CreateStudentDataDriven-1-thread-10] INFO net.thucydides.core.steps.ConsoleLoggingListener - 
 _____ _____ ____ _____   ____ _____  _    ____ _____ _____ ____  
|_   _| ____/ ___|_   _| / ___|_   _|/ \  |  _ \_   _| ____|  _ \ 
  | | |  _| \___ \ | |   \___ \ | | / _ \ | |_) || | |  _| | | | |
  | | | |___ ___) || |    ___) || |/ ___ \|  _ < | | | |___| |_| |
  |_| |_____|____/ |_|   |____/ |_/_/   \_\_| \_\|_| |_____|____/ 
                                                                  

TEST STARTED: createMultipleStudents[9]
-------------------------------------------------------------------
[CreateStudentDataDriven-1-thread-10] INFO net.serenitybdd.core.Serenity - TEST NUMBER: 18
[CreateStudentDataDriven-1-thread-30] INFO net.thucydides.core.steps.ConsoleLoggingListener - Test Suite Started: Create student data driven
[CreateStudentDataDriven-1-thread-30] INFO net.thucydides.core.steps.ConsoleLoggingListener - 
 _____ _____ ____ _____   ____ _____  _    ____ _____ _____ ____  
|_   _| ____/ ___|_   _| / ___|_   _|/ \  |  _ \_   _| ____|  _ \ 
  | | |  _| \___ \ | |   \___ \ | | / _ \ | |_) || | |  _| | | | |
  | | | |___ ___) || |    ___) || |/ ___ \|  _ < | | | |___| |_| |
  |_| |_____|____/ |_|   |____/ |_/_/   \_\_| \_\|_| |_____|____/ 
                                                                  

TEST STARTED: createMultipleStudents[29]
-------------------------------------------------------------------
[CreateStudentDataDriven-1-thread-30] INFO net.serenitybdd.core.Serenity - TEST NUMBER: 19
]]></system-err>
  </testcase>
  <testcase name="createMultipleStudents[11] on createMultipleStudents[11](com.studentapp.utils.CreateStudentDataDriven)" classname="com.studentapp.utils.CreateStudentDataDriven" time="3.29">
    <failure message="Connection refused: connect" type="java.net.ConnectException">java.net.ConnectException: Connection refused: connect
	at com.studentapp.utils.CreateStudentDataDriven.createMultipleStudents(CreateStudentDataDriven.java:36)
</failure>
    <system-out><![CDATA[Body:
{
    "id": 0,
    "firstName": "Porter",
    "lastName": "O'Daly",
    "email": "podalyr@comsenz.com",
    "programme": "Information Science",
    "courses": [
        "Java"
    ]
}
Body:
{
    "id": 0,
    "firstName": "Buck",
    "lastName": "Strelitzer",
    "email": "bstrelitzer4@webs.com",
    "programme": "Computer Science",
    "courses": [
        "C#"
    ]
}
Body:
{
    "id": 0,
    "firstName": "Cybil",
    "lastName": "Spendlove",
    "email": "cspendlove1@elpais.com",
    "programme": "Computer Science",
    "courses": [
        "C#"
    ]
}
]]></system-out>
    <system-err><![CDATA[[CreateStudentDataDriven-1-thread-28] INFO net.thucydides.core.steps.ConsoleLoggingListener - Test Suite Started: Create student data driven
[CreateStudentDataDriven-1-thread-28] INFO net.thucydides.core.steps.ConsoleLoggingListener - 
 _____ _____ ____ _____   ____ _____  _    ____ _____ _____ ____  
|_   _| ____/ ___|_   _| / ___|_   _|/ \  |  _ \_   _| ____|  _ \ 
  | | |  _| \___ \ | |   \___ \ | | / _ \ | |_) || | |  _| | | | |
  | | | |___ ___) || |    ___) || |/ ___ \|  _ < | | | |___| |_| |
  |_| |_____|____/ |_|   |____/ |_/_/   \_\_| \_\|_| |_____|____/ 
                                                                  

TEST STARTED: createMultipleStudents[27]
-------------------------------------------------------------------
[CreateStudentDataDriven-1-thread-28] INFO net.serenitybdd.core.Serenity - TEST NUMBER: 20
[CreateStudentDataDriven-1-thread-5] INFO net.thucydides.core.steps.ConsoleLoggingListener - Test Suite Started: Create student data driven
[CreateStudentDataDriven-1-thread-5] INFO net.thucydides.core.steps.ConsoleLoggingListener - 
 _____ _____ ____ _____   ____ _____  _    ____ _____ _____ ____  
|_   _| ____/ ___|_   _| / ___|_   _|/ \  |  _ \_   _| ____|  _ \ 
  | | |  _| \___ \ | |   \___ \ | | / _ \ | |_) || | |  _| | | | |
  | | | |___ ___) || |    ___) || |/ ___ \|  _ < | | | |___| |_| |
  |_| |_____|____/ |_|   |____/ |_/_/   \_\_| \_\|_| |_____|____/ 
                                                                  

TEST STARTED: createMultipleStudents[4]
-------------------------------------------------------------------
[CreateStudentDataDriven-1-thread-5] INFO net.serenitybdd.core.Serenity - TEST NUMBER: 21
[CreateStudentDataDriven-1-thread-2] INFO net.thucydides.core.steps.ConsoleLoggingListener - Test Suite Started: Create student data driven
[CreateStudentDataDriven-1-thread-2] INFO net.thucydides.core.steps.ConsoleLoggingListener - 
 _____ _____ ____ _____   ____ _____  _    ____ _____ _____ ____  
|_   _| ____/ ___|_   _| / ___|_   _|/ \  |  _ \_   _| ____|  _ \ 
  | | |  _| \___ \ | |   \___ \ | | / _ \ | |_) || | |  _| | | | |
  | | | |___ ___) || |    ___) || |/ ___ \|  _ < | | | |___| |_| |
  |_| |_____|____/ |_|   |____/ |_/_/   \_\_| \_\|_| |_____|____/ 
                                                                  

TEST STARTED: createMultipleStudents[1]
-------------------------------------------------------------------
[CreateStudentDataDriven-1-thread-2] INFO net.serenitybdd.core.Serenity - TEST NUMBER: 22
[CreateStudentDataDriven-1-thread-9] INFO net.thucydides.core.steps.ConsoleLoggingListener - Test Suite Started: Create student data driven
[CreateStudentDataDriven-1-thread-9] INFO net.thucydides.core.steps.ConsoleLoggingListener - 
 _____ _____ ____ _____   ____ _____  _    ____ _____ _____ ____  
|_   _| ____/ ___|_   _| / ___|_   _|/ \  |  _ \_   _| ____|  _ \ 
  | | |  _| \___ \ | |   \___ \ | | / _ \ | |_) || | |  _| | | | |
  | | | |___ ___) || |    ___) || |/ ___ \|  _ < | | | |___| |_| |
  |_| |_____|____/ |_|   |____/ |_/_/   \_\_| \_\|_| |_____|____/ 
                                                                  

TEST STARTED: createMultipleStudents[8]
-------------------------------------------------------------------
[CreateStudentDataDriven-1-thread-9] INFO net.serenitybdd.core.Serenity - TEST NUMBER: 23
]]></system-err>
  </testcase>
  <testcase name="createMultipleStudents[30] on createMultipleStudents[30](com.studentapp.utils.CreateStudentDataDriven)" classname="com.studentapp.utils.CreateStudentDataDriven" time="3.84">
    <failure message="Connection refused: connect" type="java.net.ConnectException">java.net.ConnectException: Connection refused: connect
	at com.studentapp.utils.CreateStudentDataDriven.createMultipleStudents(CreateStudentDataDriven.java:36)
</failure>
    <system-out><![CDATA[Body:
{
    "id": 0,
    "firstName": "Nikola",
    "lastName": "Bingle",
    "email": "nbingle8@blogs.com",
    "programme": "Information Science",
    "courses": [
        "Java"
    ]
}
]]></system-out>
    <system-err><![CDATA[[CreateStudentDataDriven-1-thread-14] INFO net.thucydides.core.steps.ConsoleLoggingListener - Test Suite Started: Create student data driven
[CreateStudentDataDriven-1-thread-14] INFO net.thucydides.core.steps.ConsoleLoggingListener - 
 _____ _____ ____ _____   ____ _____  _    ____ _____ _____ ____  
|_   _| ____/ ___|_   _| / ___|_   _|/ \  |  _ \_   _| ____|  _ \ 
  | | |  _| \___ \ | |   \___ \ | | / _ \ | |_) || | |  _| | | | |
  | | | |___ ___) || |    ___) || |/ ___ \|  _ < | | | |___| |_| |
  |_| |_____|____/ |_|   |____/ |_/_/   \_\_| \_\|_| |_____|____/ 
                                                                  

TEST STARTED: createMultipleStudents[13]
-------------------------------------------------------------------
[CreateStudentDataDriven-1-thread-14] INFO net.serenitybdd.core.Serenity - TEST NUMBER: 24
]]></system-err>
  </testcase>
  <testcase name="createMultipleStudents[1] on createMultipleStudents[1](com.studentapp.utils.CreateStudentDataDriven)" classname="com.studentapp.utils.CreateStudentDataDriven" time="6.869">
    <failure message="Connection refused: connect" type="java.net.ConnectException">java.net.ConnectException: Connection refused: connect
	at com.studentapp.utils.CreateStudentDataDriven.createMultipleStudents(CreateStudentDataDriven.java:36)
</failure>
    <system-out><![CDATA[Body:
{
    "id": 0,
    "firstName": "Collin",
    "lastName": "Jatczak",
    "email": "cjatczakd@yellowpages.com",
    "programme": "Computer Science",
    "courses": [
        "C#"
    ]
}
Body:
{
    "id": 0,
    "firstName": "Mariquilla",
    "lastName": "Fetherston",
    "email": "mfetherstons@bizjournals.com",
    "programme": "Information Science",
    "courses": [
        "Java"
    ]
}
Body:
{
    "id": 0,
    "firstName": "Bobbye",
    "lastName": "de Guise",
    "email": "bdeguisec@telegraph.co.uk",
    "programme": "Computer Science",
    "courses": [
        "SCALA"
    ]
}
Body:
{
    "id": 0,
    "firstName": "Gaston",
    "lastName": "Reglar",
    "email": "greglar0@wordpress.com",
    "programme": "Information Science",
    "courses": [
        "Java"
    ]
}
Body:
{
    "id": 0,
    "firstName": "Godfrey",
    "lastName": "Hamlet",
    "email": "ghamletn@dyndns.org",
    "programme": "Information Science",
    "courses": [
        "C#"
    ]
}
Body:
{
    "id": 0,
    "firstName": "Tremaine",
    "lastName": "Arthars",
    "email": "tartharsj@chron.com",
    "programme": "Information Science",
    "courses": [
        "Java"
    ]
}
Body:
{
    "id": 0,
    "firstName": "Emmery",
    "lastName": "Congdon",
    "email": "econgdonm@blinklist.com",
    "programme": "Information Science",
    "courses": [
        "Java"
    ]
}
Body:
{
    "id": 0,
    "firstName": "Mignon",
    "lastName": "Hazeltine",
    "email": "mhazeltinee@marriott.com",
    "programme": "Information Science",
    "courses": [
        "SCALA"
    ]
}
]]></system-out>
    <system-err><![CDATA[[CreateStudentDataDriven-1-thread-1] INFO net.thucydides.core.steps.ConsoleLoggingListener - Test Suite Started: Create student data driven
[CreateStudentDataDriven-1-thread-1] INFO net.thucydides.core.steps.ConsoleLoggingListener - 
 _____ _____ ____ _____   ____ _____  _    ____ _____ _____ ____  
|_   _| ____/ ___|_   _| / ___|_   _|/ \  |  _ \_   _| ____|  _ \ 
  | | |  _| \___ \ | |   \___ \ | | / _ \ | |_) || | |  _| | | | |
  | | | |___ ___) || |    ___) || |/ ___ \|  _ < | | | |___| |_| |
  |_| |_____|____/ |_|   |____/ |_/_/   \_\_| \_\|_| |_____|____/ 
                                                                  

TEST STARTED: createMultipleStudents[0]
-------------------------------------------------------------------
[CreateStudentDataDriven-1-thread-1] INFO net.serenitybdd.core.Serenity - TEST NUMBER: 25
[CreateStudentDataDriven-1-thread-24] INFO net.thucydides.core.steps.ConsoleLoggingListener - Test Suite Started: Create student data driven
[CreateStudentDataDriven-1-thread-24] INFO net.thucydides.core.steps.ConsoleLoggingListener - 
 _____ _____ ____ _____   ____ _____  _    ____ _____ _____ ____  
|_   _| ____/ ___|_   _| / ___|_   _|/ \  |  _ \_   _| ____|  _ \ 
  | | |  _| \___ \ | |   \___ \ | | / _ \ | |_) || | |  _| | | | |
  | | | |___ ___) || |    ___) || |/ ___ \|  _ < | | | |___| |_| |
  |_| |_____|____/ |_|   |____/ |_/_/   \_\_| \_\|_| |_____|____/ 
                                                                  

TEST STARTED: createMultipleStudents[23]
-------------------------------------------------------------------
[CreateStudentDataDriven-1-thread-24] INFO net.serenitybdd.core.Serenity - TEST NUMBER: 26
[CreateStudentDataDriven-1-thread-20] INFO net.thucydides.core.steps.ConsoleLoggingListener - Test Suite Started: Create student data driven
[CreateStudentDataDriven-1-thread-20] INFO net.thucydides.core.steps.ConsoleLoggingListener - 
 _____ _____ ____ _____   ____ _____  _    ____ _____ _____ ____  
|_   _| ____/ ___|_   _| / ___|_   _|/ \  |  _ \_   _| ____|  _ \ 
  | | |  _| \___ \ | |   \___ \ | | / _ \ | |_) || | |  _| | | | |
  | | | |___ ___) || |    ___) || |/ ___ \|  _ < | | | |___| |_| |
  |_| |_____|____/ |_|   |____/ |_/_/   \_\_| \_\|_| |_____|____/ 
                                                                  

TEST STARTED: createMultipleStudents[19]
-------------------------------------------------------------------
[CreateStudentDataDriven-1-thread-20] INFO net.serenitybdd.core.Serenity - TEST NUMBER: 27
[CreateStudentDataDriven-1-thread-15] INFO net.thucydides.core.steps.ConsoleLoggingListener - Test Suite Started: Create student data driven
[CreateStudentDataDriven-1-thread-15] INFO net.thucydides.core.steps.ConsoleLoggingListener - 
 _____ _____ ____ _____   ____ _____  _    ____ _____ _____ ____  
|_   _| ____/ ___|_   _| / ___|_   _|/ \  |  _ \_   _| ____|  _ \ 
  | | |  _| \___ \ | |   \___ \ | | / _ \ | |_) || | |  _| | | | |
  | | | |___ ___) || |    ___) || |/ ___ \|  _ < | | | |___| |_| |
  |_| |_____|____/ |_|   |____/ |_/_/   \_\_| \_\|_| |_____|____/ 
                                                                  

TEST STARTED: createMultipleStudents[14]
-------------------------------------------------------------------
[CreateStudentDataDriven-1-thread-15] INFO net.serenitybdd.core.Serenity - TEST NUMBER: 28
[CreateStudentDataDriven-1-thread-19] INFO net.thucydides.core.steps.ConsoleLoggingListener - Test Suite Started: Create student data driven
[CreateStudentDataDriven-1-thread-19] INFO net.thucydides.core.steps.ConsoleLoggingListener - 
 _____ _____ ____ _____   ____ _____  _    ____ _____ _____ ____  
|_   _| ____/ ___|_   _| / ___|_   _|/ \  |  _ \_   _| ____|  _ \ 
  | | |  _| \___ \ | |   \___ \ | | / _ \ | |_) || | |  _| | | | |
  | | | |___ ___) || |    ___) || |/ ___ \|  _ < | | | |___| |_| |
  |_| |_____|____/ |_|   |____/ |_/_/   \_\_| \_\|_| |_____|____/ 
                                                                  

TEST STARTED: createMultipleStudents[18]
-------------------------------------------------------------------
[CreateStudentDataDriven-1-thread-19] INFO net.serenitybdd.core.Serenity - TEST NUMBER: 29
]]></system-err>
  </testcase>
  <testcase name="createMultipleStudents[4] on createMultipleStudents[4](com.studentapp.utils.CreateStudentDataDriven)" classname="com.studentapp.utils.CreateStudentDataDriven" time="7.835">
    <failure message="Connection refused: connect" type="java.net.ConnectException">java.net.ConnectException: Connection refused: connect
	at com.studentapp.utils.CreateStudentDataDriven.createMultipleStudents(CreateStudentDataDriven.java:36)
</failure>
    <system-out><![CDATA[Body:
{
    "id": 0,
    "firstName": "Ashleigh",
    "lastName": "Albury",
    "email": "aalbury7@bandcamp.com",
    "programme": "Information Science",
    "courses": [
        "C#"
    ]
}
Body:
{
    "id": 0,
    "firstName": "Demetra",
    "lastName": "Gedge",
    "email": "dgedgea@ed.gov",
    "programme": "Computer Science",
    "courses": [
        "SCALA"
    ]
}
Body:
{
    "id": 0,
    "firstName": "Ty",
    "lastName": "Cull",
    "email": "tcullv@ucla.edu",
    "programme": "Computer Science",
    "courses": [
        "C#"
    ]
}
Body:
{
    "id": 0,
    "firstName": "Cassy",
    "lastName": "Orrin",
    "email": "corrinq@histats.com",
    "programme": "Computer Science",
    "courses": [
        "SCALA"
    ]
}
Body:
{
    "id": 0,
    "firstName": "Melba",
    "lastName": "Patise",
    "email": "mpatisei@baidu.com",
    "programme": "Information Science",
    "courses": [
        "SCALA"
    ]
}
]]></system-out>
    <system-err><![CDATA[[CreateStudentDataDriven-1-thread-2] INFO net.thucydides.core.requirements.PackageRequirementsTagProvider - Loading requirements from package requirements at: com.studentapp.junit
[CreateStudentDataDriven-1-thread-2] ERROR net.thucydides.core.steps.ConsoleLoggingListener - 
           __  _____ _____ ____ _____   _____ _    ___ _     _____ ____  
  _       / / |_   _| ____/ ___|_   _| |  ___/ \  |_ _| |   | ____|  _ \ 
 (_)_____| |    | | |  _| \___ \ | |   | |_ / _ \  | || |   |  _| | | | |
  _|_____| |    | | | |___ ___) || |   |  _/ ___ \ | || |___| |___| |_| |
 (_)     | |    |_| |_____|____/ |_|   |_|/_/   \_\___|_____|_____|____/ 
          \_\                                                            

TEST FAILED WITH ERROR: DataDriven Test for adding multiple students to the application
---------------------------------------------------------------------
[CreateStudentDataDriven-1-thread-2] ERROR net.thucydides.core.steps.ConsoleLoggingListener - TEST FAILED AT STEP POST
[CreateStudentDataDriven-1-thread-2] ERROR net.thucydides.core.steps.ConsoleLoggingListener - 
]]></system-err>
  </testcase>
  <testcase name="createMultipleStudents[27] on createMultipleStudents[27](com.studentapp.utils.CreateStudentDataDriven)" classname="com.studentapp.utils.CreateStudentDataDriven" time="7.84">
    <failure message="Connection refused: connect" type="java.net.ConnectException">java.net.ConnectException: Connection refused: connect
	at com.studentapp.utils.CreateStudentDataDriven.createMultipleStudents(CreateStudentDataDriven.java:36)
</failure>
  </testcase>
  <testcase name="createMultipleStudents[9] on createMultipleStudents[9](com.studentapp.utils.CreateStudentDataDriven)" classname="com.studentapp.utils.CreateStudentDataDriven" time="7.846">
    <failure message="Connection refused: connect" type="java.net.ConnectException">java.net.ConnectException: Connection refused: connect
	at com.studentapp.utils.CreateStudentDataDriven.createMultipleStudents(CreateStudentDataDriven.java:36)
</failure>
    <system-err><![CDATA[[CreateStudentDataDriven-1-thread-28] ERROR net.thucydides.core.steps.ConsoleLoggingListener - 
           __  _____ _____ ____ _____   _____ _    ___ _     _____ ____  
  _       / / |_   _| ____/ ___|_   _| |  ___/ \  |_ _| |   | ____|  _ \ 
 (_)_____| |    | | |  _| \___ \ | |   | |_ / _ \  | || |   |  _| | | | |
  _|_____| |    | | | |___ ___) || |   |  _/ ___ \ | || |___| |___| |_| |
 (_)     | |    |_| |_____|____/ |_|   |_|/_/   \_\___|_____|_____|____/ 
          \_\                                                            

TEST FAILED WITH ERROR: DataDriven Test for adding multiple students to the application
---------------------------------------------------------------------
[CreateStudentDataDriven-1-thread-28] ERROR net.thucydides.core.steps.ConsoleLoggingListener - TEST FAILED AT STEP POST
[CreateStudentDataDriven-1-thread-28] ERROR net.thucydides.core.steps.ConsoleLoggingListener - 
]]></system-err>
  </testcase>
  <testcase name="createMultipleStudents[21] on createMultipleStudents[21](com.studentapp.utils.CreateStudentDataDriven)" classname="com.studentapp.utils.CreateStudentDataDriven" time="7.847">
    <failure message="Connection refused: connect" type="java.net.ConnectException">java.net.ConnectException: Connection refused: connect
	at com.studentapp.utils.CreateStudentDataDriven.createMultipleStudents(CreateStudentDataDriven.java:36)
</failure>
  </testcase>
  <testcase name="createMultipleStudents[20] on createMultipleStudents[20](com.studentapp.utils.CreateStudentDataDriven)" classname="com.studentapp.utils.CreateStudentDataDriven" time="8.446">
    <failure message="Connection refused: connect" type="java.net.ConnectException">java.net.ConnectException: Connection refused: connect
	at com.studentapp.utils.CreateStudentDataDriven.createMultipleStudents(CreateStudentDataDriven.java:36)
</failure>
    <system-out><![CDATA[Body:
{
    "id": 0,
    "firstName": "Kyrstin",
    "lastName": "Tinghill",
    "email": "ktinghillh@shutterfly.com",
    "programme": "Information Science",
    "courses": [
        "Java"
    ]
}
]]></system-out>
    <system-err><![CDATA[[CreateStudentDataDriven-1-thread-12] ERROR net.thucydides.core.steps.ConsoleLoggingListener - 
           __  _____ _____ ____ _____   _____ _    ___ _     _____ ____  
  _       / / |_   _| ____/ ___|_   _| |  ___/ \  |_ _| |   | ____|  _ \ 
 (_)_____| |    | | |  _| \___ \ | |   | |_ / _ \  | || |   |  _| | | | |
  _|_____| |    | | | |___ ___) || |   |  _/ ___ \ | || |___| |___| |_| |
 (_)     | |    |_| |_____|____/ |_|   |_|/_/   \_\___|_____|_____|____/ 
          \_\                                                            

TEST FAILED WITH ERROR: DataDriven Test for adding multiple students to the application
---------------------------------------------------------------------
[CreateStudentDataDriven-1-thread-12] ERROR net.thucydides.core.steps.ConsoleLoggingListener - TEST FAILED AT STEP POST
[CreateStudentDataDriven-1-thread-12] ERROR net.thucydides.core.steps.ConsoleLoggingListener - 
[CreateStudentDataDriven-1-thread-16] INFO net.thucydides.core.steps.ConsoleLoggingListener - Test Suite Started: Create student data driven
[CreateStudentDataDriven-1-thread-16] INFO net.thucydides.core.steps.ConsoleLoggingListener - 
 _____ _____ ____ _____   ____ _____  _    ____ _____ _____ ____  
|_   _| ____/ ___|_   _| / ___|_   _|/ \  |  _ \_   _| ____|  _ \ 
  | | |  _| \___ \ | |   \___ \ | | / _ \ | |_) || | |  _| | | | |
  | | | |___ ___) || |    ___) || |/ ___ \|  _ < | | | |___| |_| |
  |_| |_____|____/ |_|   |____/ |_/_/   \_\_| \_\|_| |_____|____/ 
                                                                  

TEST STARTED: createMultipleStudents[15]
-------------------------------------------------------------------
[CreateStudentDataDriven-1-thread-16] INFO net.serenitybdd.core.Serenity - TEST NUMBER: 30
]]></system-err>
  </testcase>
  <testcase name="createMultipleStudents[13] on createMultipleStudents[13](com.studentapp.utils.CreateStudentDataDriven)" classname="com.studentapp.utils.CreateStudentDataDriven" time="8.908">
    <failure message="Connection refused: connect" type="java.net.ConnectException">java.net.ConnectException: Connection refused: connect
	at com.studentapp.utils.CreateStudentDataDriven.createMultipleStudents(CreateStudentDataDriven.java:36)
</failure>
    <system-out><![CDATA[Body:
{
    "id": 0,
    "firstName": "Meagan",
    "lastName": "Qualtrough",
    "email": "mqualtrought@comsenz.com",
    "programme": "Information Science",
    "courses": [
        "SCALA"
    ]
}
]]></system-out>
    <system-err><![CDATA[[CreateStudentDataDriven-1-thread-26] INFO net.thucydides.core.steps.ConsoleLoggingListener - Test Suite Started: Create student data driven
[CreateStudentDataDriven-1-thread-26] INFO net.thucydides.core.steps.ConsoleLoggingListener - 
 _____ _____ ____ _____   ____ _____  _    ____ _____ _____ ____  
|_   _| ____/ ___|_   _| / ___|_   _|/ \  |  _ \_   _| ____|  _ \ 
  | | |  _| \___ \ | |   \___ \ | | / _ \ | |_) || | |  _| | | | |
  | | | |___ ___) || |    ___) || |/ ___ \|  _ < | | | |___| |_| |
  |_| |_____|____/ |_|   |____/ |_/_/   \_\_| \_\|_| |_____|____/ 
                                                                  

TEST STARTED: createMultipleStudents[25]
-------------------------------------------------------------------
[CreateStudentDataDriven-1-thread-26] INFO net.serenitybdd.core.Serenity - TEST NUMBER: 31
]]></system-err>
  </testcase>
  <testcase name="createMultipleStudents[28] on createMultipleStudents[28](com.studentapp.utils.CreateStudentDataDriven)" classname="com.studentapp.utils.CreateStudentDataDriven" time="8.908">
    <failure message="Connection refused: connect" type="java.net.ConnectException">java.net.ConnectException: Connection refused: connect
	at com.studentapp.utils.CreateStudentDataDriven.createMultipleStudents(CreateStudentDataDriven.java:36)
</failure>
  </testcase>
  <testcase name="createMultipleStudents[8] on createMultipleStudents[8](com.studentapp.utils.CreateStudentDataDriven)" classname="com.studentapp.utils.CreateStudentDataDriven" time="0.013">
    <failure message="Connection refused: connect" type="java.net.ConnectException">java.net.ConnectException: Connection refused: connect
	at com.studentapp.utils.CreateStudentDataDriven.createMultipleStudents(CreateStudentDataDriven.java:36)
</failure>
    <system-out><![CDATA[Body:
{
    "id": 0,
    "firstName": "Tristan",
    "lastName": "Tinn",
    "email": "ttinnp@domainmarket.com",
    "programme": "Computer Science",
    "courses": [
        "C#"
    ]
}
Body:
{
    "id": 0,
    "firstName": "Shelli",
    "lastName": "Hawse",
    "email": "shawsey@weibo.com",
    "programme": "Computer Science",
    "courses": [
        "C#"
    ]
}
Body:
{
    "id": 0,
    "firstName": "Vale",
    "lastName": "Ranson",
    "email": "vranson5@latimes.com",
    "programme": "Information Science",
    "courses": [
        "C#"
    ]
}
]]></system-out>
    <system-err><![CDATA[[CreateStudentDataDriven-1-thread-12] INFO net.thucydides.core.steps.ConsoleLoggingListener - Test Suite Started: Create student data driven
[CreateStudentDataDriven-1-thread-12] INFO net.thucydides.core.steps.ConsoleLoggingListener - 
 _____ _____ ____ _____   ____ _____  _    ____ _____ _____ ____  
|_   _| ____/ ___|_   _| / ___|_   _|/ \  |  _ \_   _| ____|  _ \ 
  | | |  _| \___ \ | |   \___ \ | | / _ \ | |_) || | |  _| | | | |
  | | | |___ ___) || |    ___) || |/ ___ \|  _ < | | | |___| |_| |
  |_| |_____|____/ |_|   |____/ |_/_/   \_\_| \_\|_| |_____|____/ 
                                                                  

TEST STARTED: createMultipleStudents[34]
-------------------------------------------------------------------
[CreateStudentDataDriven-1-thread-12] INFO net.serenitybdd.core.Serenity - TEST NUMBER: 32
[CreateStudentDataDriven-1-thread-22] ERROR net.thucydides.core.steps.ConsoleLoggingListener - 
           __  _____ _____ ____ _____   _____ _    ___ _     _____ ____  
  _       / / |_   _| ____/ ___|_   _| |  ___/ \  |_ _| |   | ____|  _ \ 
 (_)_____| |    | | |  _| \___ \ | |   | |_ / _ \  | || |   |  _| | | | |
  _|_____| |    | | | |___ ___) || |   |  _/ ___ \ | || |___| |___| |_| |
 (_)     | |    |_| |_____|____/ |_|   |_|/_/   \_\___|_____|_____|____/ 
          \_\                                                            

TEST FAILED WITH ERROR: DataDriven Test for adding multiple students to the application
---------------------------------------------------------------------
[CreateStudentDataDriven-1-thread-22] ERROR net.thucydides.core.steps.ConsoleLoggingListener - TEST FAILED AT STEP POST
[CreateStudentDataDriven-1-thread-22] ERROR net.thucydides.core.steps.ConsoleLoggingListener - 
[CreateStudentDataDriven-1-thread-22] INFO net.thucydides.core.steps.ConsoleLoggingListener - Test Suite Started: Create student data driven
[CreateStudentDataDriven-1-thread-22] INFO net.thucydides.core.steps.ConsoleLoggingListener - 
 _____ _____ ____ _____   ____ _____  _    ____ _____ _____ ____  
|_   _| ____/ ___|_   _| / ___|_   _|/ \  |  _ \_   _| ____|  _ \ 
  | | |  _| \___ \ | |   \___ \ | | / _ \ | |_) || | |  _| | | | |
  | | | |___ ___) || |    ___) || |/ ___ \|  _ < | | | |___| |_| |
  |_| |_____|____/ |_|   |____/ |_/_/   \_\_| \_\|_| |_____|____/ 
                                                                  

TEST STARTED: createMultipleStudents[35]
-------------------------------------------------------------------
[CreateStudentDataDriven-1-thread-22] INFO net.serenitybdd.core.Serenity - TEST NUMBER: 33
[CreateStudentDataDriven-1-thread-31] ERROR net.thucydides.core.steps.ConsoleLoggingListener - 
           __  _____ _____ ____ _____   _____ _    ___ _     _____ ____  
  _       / / |_   _| ____/ ___|_   _| |  ___/ \  |_ _| |   | ____|  _ \ 
 (_)_____| |    | | |  _| \___ \ | |   | |_ / _ \  | || |   |  _| | | | |
  _|_____| |    | | | |___ ___) || |   |  _/ ___ \ | || |___| |___| |_| |
 (_)     | |    |_| |_____|____/ |_|   |_|/_/   \_\___|_____|_____|____/ 
          \_\                                                            

TEST FAILED WITH ERROR: DataDriven Test for adding multiple students to the application
---------------------------------------------------------------------
[CreateStudentDataDriven-1-thread-31] ERROR net.thucydides.core.steps.ConsoleLoggingListener - TEST FAILED AT STEP POST
[CreateStudentDataDriven-1-thread-31] ERROR net.thucydides.core.steps.ConsoleLoggingListener - 
[CreateStudentDataDriven-1-thread-5] ERROR net.thucydides.core.steps.ConsoleLoggingListener - 
           __  _____ _____ ____ _____   _____ _    ___ _     _____ ____  
  _       / / |_   _| ____/ ___|_   _| |  ___/ \  |_ _| |   | ____|  _ \ 
 (_)_____| |    | | |  _| \___ \ | |   | |_ / _ \  | || |   |  _| | | | |
  _|_____| |    | | | |___ ___) || |   |  _/ ___ \ | || |___| |___| |_| |
 (_)     | |    |_| |_____|____/ |_|   |_|/_/   \_\___|_____|_____|____/ 
          \_\                                                            

TEST FAILED WITH ERROR: DataDriven Test for adding multiple students to the application
---------------------------------------------------------------------
[CreateStudentDataDriven-1-thread-5] ERROR net.thucydides.core.steps.ConsoleLoggingListener - TEST FAILED AT STEP POST
[CreateStudentDataDriven-1-thread-5] ERROR net.thucydides.core.steps.ConsoleLoggingListener - 
]]></system-err>
  </testcase>
  <testcase name="createMultipleStudents[14] on createMultipleStudents[14](com.studentapp.utils.CreateStudentDataDriven)" classname="com.studentapp.utils.CreateStudentDataDriven" time="0.644">
    <failure message="Connection refused: connect" type="java.net.ConnectException">java.net.ConnectException: Connection refused: connect
	at com.studentapp.utils.CreateStudentDataDriven.createMultipleStudents(CreateStudentDataDriven.java:36)
</failure>
    <system-out><![CDATA[Body:
{
    "id": 0,
    "firstName": "Elsie",
    "lastName": "Bwye",
    "email": "ebwyez@un.org",
    "programme": "Computer Science",
    "courses": [
        "Java"
    ]
}
Body:
{
    "id": 0,
    "firstName": "Claribel",
    "lastName": "Shulem",
    "email": "cshulem6@army.mil",
    "programme": "Computer Science",
    "courses": [
        "C#"
    ]
}
Body:
{
    "id": 0,
    "firstName": "Ginevra",
    "lastName": "Easey",
    "email": "geasey3@github.io",
    "programme": "Information Science",
    "courses": [
        "SCALA"
    ]
}
]]></system-out>
    <system-err><![CDATA[[CreateStudentDataDriven-1-thread-9] ERROR net.thucydides.core.steps.ConsoleLoggingListener - 
           __  _____ _____ ____ _____   _____ _    ___ _     _____ ____  
  _       / / |_   _| ____/ ___|_   _| |  ___/ \  |_ _| |   | ____|  _ \ 
 (_)_____| |    | | |  _| \___ \ | |   | |_ / _ \  | || |   |  _| | | | |
  _|_____| |    | | | |___ ___) || |   |  _/ ___ \ | || |___| |___| |_| |
 (_)     | |    |_| |_____|____/ |_|   |_|/_/   \_\___|_____|_____|____/ 
          \_\                                                            

TEST FAILED WITH ERROR: DataDriven Test for adding multiple students to the application
---------------------------------------------------------------------
[CreateStudentDataDriven-1-thread-9] ERROR net.thucydides.core.steps.ConsoleLoggingListener - TEST FAILED AT STEP POST
[CreateStudentDataDriven-1-thread-9] ERROR net.thucydides.core.steps.ConsoleLoggingListener - 
[CreateStudentDataDriven-1-thread-3] INFO net.thucydides.core.steps.ConsoleLoggingListener - Test Suite Started: Create student data driven
[CreateStudentDataDriven-1-thread-3] INFO net.thucydides.core.steps.ConsoleLoggingListener - 
 _____ _____ ____ _____   ____ _____  _    ____ _____ _____ ____  
|_   _| ____/ ___|_   _| / ___|_   _|/ \  |  _ \_   _| ____|  _ \ 
  | | |  _| \___ \ | |   \___ \ | | / _ \ | |_) || | |  _| | | | |
  | | | |___ ___) || |    ___) || |/ ___ \|  _ < | | | |___| |_| |
  |_| |_____|____/ |_|   |____/ |_/_/   \_\_| \_\|_| |_____|____/ 
                                                                  

TEST STARTED: createMultipleStudents[2]
-------------------------------------------------------------------
[CreateStudentDataDriven-1-thread-3] INFO net.serenitybdd.core.Serenity - TEST NUMBER: 34
]]></system-err>
  </testcase>
  <testcase name="createMultipleStudents[22] on createMultipleStudents[22](com.studentapp.utils.CreateStudentDataDriven)" classname="com.studentapp.utils.CreateStudentDataDriven" time="1.069">
    <failure message="Connection refused: connect" type="java.net.ConnectException">java.net.ConnectException: Connection refused: connect
	at com.studentapp.utils.CreateStudentDataDriven.createMultipleStudents(CreateStudentDataDriven.java:36)
</failure>
    <system-out><![CDATA[Body:
{
    "id": 0,
    "firstName": "Damiano",
    "lastName": "Deplacido",
    "email": "ddeplacidog@meetup.com",
    "programme": "Computer Science",
    "courses": [
        "C#"
    ]
}
Body:
{
    "id": 0,
    "firstName": "Dynah",
    "lastName": "Sline",
    "email": "dsline10@cdbaby.com",
    "programme": "Computer Science",
    "courses": [
        "Java"
    ]
}
]]></system-out>
    <system-err><![CDATA[[CreateStudentDataDriven-1-thread-5] INFO net.thucydides.core.steps.ConsoleLoggingListener - Test Suite Started: Create student data driven
[CreateStudentDataDriven-1-thread-5] INFO net.thucydides.core.steps.ConsoleLoggingListener - 
 _____ _____ ____ _____   ____ _____  _    ____ _____ _____ ____  
|_   _| ____/ ___|_   _| / ___|_   _|/ \  |  _ \_   _| ____|  _ \ 
  | | |  _| \___ \ | |   \___ \ | | / _ \ | |_) || | |  _| | | | |
  | | | |___ ___) || |    ___) || |/ ___ \|  _ < | | | |___| |_| |
  |_| |_____|____/ |_|   |____/ |_/_/   \_\_| \_\|_| |_____|____/ 
                                                                  

TEST STARTED: createMultipleStudents[36]
-------------------------------------------------------------------
[CreateStudentDataDriven-1-thread-5] INFO net.serenitybdd.core.Serenity - TEST NUMBER: 35
[CreateStudentDataDriven-1-thread-2] INFO net.thucydides.core.steps.ConsoleLoggingListener - Test Suite Started: Create student data driven
[CreateStudentDataDriven-1-thread-2] INFO net.thucydides.core.steps.ConsoleLoggingListener - 
 _____ _____ ____ _____   ____ _____  _    ____ _____ _____ ____  
|_   _| ____/ ___|_   _| / ___|_   _|/ \  |  _ \_   _| ____|  _ \ 
  | | |  _| \___ \ | |   \___ \ | | / _ \ | |_) || | |  _| | | | |
  | | | |___ ___) || |    ___) || |/ ___ \|  _ < | | | |___| |_| |
  |_| |_____|____/ |_|   |____/ |_/_/   \_\_| \_\|_| |_____|____/ 
                                                                  

TEST STARTED: createMultipleStudents[32]
-------------------------------------------------------------------
[CreateStudentDataDriven-1-thread-2] INFO net.serenitybdd.core.Serenity - TEST NUMBER: 36
]]></system-err>
  </testcase>
  <testcase name="createMultipleStudents[19] on createMultipleStudents[19](com.studentapp.utils.CreateStudentDataDriven)" classname="com.studentapp.utils.CreateStudentDataDriven" time="1.069">
    <failure message="Connection refused: connect" type="java.net.ConnectException">java.net.ConnectException: Connection refused: connect
	at com.studentapp.utils.CreateStudentDataDriven.createMultipleStudents(CreateStudentDataDriven.java:36)
</failure>
  </testcase>
  <testcase name="createMultipleStudents[23] on createMultipleStudents[23](com.studentapp.utils.CreateStudentDataDriven)" classname="com.studentapp.utils.CreateStudentDataDriven" time="1.069">
    <failure message="Connection refused: connect" type="java.net.ConnectException">java.net.ConnectException: Connection refused: connect
	at com.studentapp.utils.CreateStudentDataDriven.createMultipleStudents(CreateStudentDataDriven.java:36)
</failure>
  </testcase>
  <testcase name="createMultipleStudents[12] on createMultipleStudents[12](com.studentapp.utils.CreateStudentDataDriven)" classname="com.studentapp.utils.CreateStudentDataDriven" time="1.073">
    <failure message="Connection refused: connect" type="java.net.ConnectException">java.net.ConnectException: Connection refused: connect
	at com.studentapp.utils.CreateStudentDataDriven.createMultipleStudents(CreateStudentDataDriven.java:36)
</failure>
  </testcase>
  <testcase name="createMultipleStudents[0] on createMultipleStudents[0](com.studentapp.utils.CreateStudentDataDriven)" classname="com.studentapp.utils.CreateStudentDataDriven" time="1.073">
    <failure message="Connection refused: connect" type="java.net.ConnectException">java.net.ConnectException: Connection refused: connect
	at com.studentapp.utils.CreateStudentDataDriven.createMultipleStudents(CreateStudentDataDriven.java:36)
</failure>
  </testcase>
  <testcase name="createMultipleStudents[18] on createMultipleStudents[18](com.studentapp.utils.CreateStudentDataDriven)" classname="com.studentapp.utils.CreateStudentDataDriven" time="1.536">
    <failure message="Connection refused: connect" type="java.net.ConnectException">java.net.ConnectException: Connection refused: connect
	at com.studentapp.utils.CreateStudentDataDriven.createMultipleStudents(CreateStudentDataDriven.java:36)
</failure>
    <system-out><![CDATA[Body:
{
    "id": 0,
    "firstName": "Devonna",
    "lastName": "Handforth",
    "email": "dhandforthw@live.com",
    "programme": "Computer Science",
    "courses": [
        "SCALA"
    ]
}
]]></system-out>
    <system-err><![CDATA[[CreateStudentDataDriven-1-thread-25] ERROR net.thucydides.core.steps.ConsoleLoggingListener - 
           __  _____ _____ ____ _____   _____ _    ___ _     _____ ____  
  _       / / |_   _| ____/ ___|_   _| |  ___/ \  |_ _| |   | ____|  _ \ 
 (_)_____| |    | | |  _| \___ \ | |   | |_ / _ \  | || |   |  _| | | | |
  _|_____| |    | | | |___ ___) || |   |  _/ ___ \ | || |___| |___| |_| |
 (_)     | |    |_| |_____|____/ |_|   |_|/_/   \_\___|_____|_____|____/ 
          \_\                                                            

TEST FAILED WITH ERROR: DataDriven Test for adding multiple students to the application
---------------------------------------------------------------------
[CreateStudentDataDriven-1-thread-25] ERROR net.thucydides.core.steps.ConsoleLoggingListener - TEST FAILED AT STEP POST
[CreateStudentDataDriven-1-thread-25] ERROR net.thucydides.core.steps.ConsoleLoggingListener - 
[CreateStudentDataDriven-1-thread-21] ERROR net.thucydides.core.steps.ConsoleLoggingListener - 
           __  _____ _____ ____ _____   _____ _    ___ _     _____ ____  
  _       / / |_   _| ____/ ___|_   _| |  ___/ \  |_ _| |   | ____|  _ \ 
 (_)_____| |    | | |  _| \___ \ | |   | |_ / _ \  | || |   |  _| | | | |
  _|_____| |    | | | |___ ___) || |   |  _/ ___ \ | || |___| |___| |_| |
 (_)     | |    |_| |_____|____/ |_|   |_|/_/   \_\___|_____|_____|____/ 
          \_\                                                            

TEST FAILED WITH ERROR: DataDriven Test for adding multiple students to the application
---------------------------------------------------------------------
[CreateStudentDataDriven-1-thread-21] ERROR net.thucydides.core.steps.ConsoleLoggingListener - TEST FAILED AT STEP POST
[CreateStudentDataDriven-1-thread-21] ERROR net.thucydides.core.steps.ConsoleLoggingListener - 
[CreateStudentDataDriven-1-thread-14] ERROR net.thucydides.core.steps.ConsoleLoggingListener - 
           __  _____ _____ ____ _____   _____ _    ___ _     _____ ____  
  _       / / |_   _| ____/ ___|_   _| |  ___/ \  |_ _| |   | ____|  _ \ 
 (_)_____| |    | | |  _| \___ \ | |   | |_ / _ \  | || |   |  _| | | | |
  _|_____| |    | | | |___ ___) || |   |  _/ ___ \ | || |___| |___| |_| |
 (_)     | |    |_| |_____|____/ |_|   |_|/_/   \_\___|_____|_____|____/ 
          \_\                                                            

TEST FAILED WITH ERROR: DataDriven Test for adding multiple students to the application
---------------------------------------------------------------------
[CreateStudentDataDriven-1-thread-14] ERROR net.thucydides.core.steps.ConsoleLoggingListener - TEST FAILED AT STEP POST
[CreateStudentDataDriven-1-thread-14] ERROR net.thucydides.core.steps.ConsoleLoggingListener - 
[CreateStudentDataDriven-1-thread-24] ERROR net.thucydides.core.steps.ConsoleLoggingListener - 
           __  _____ _____ ____ _____   _____ _    ___ _     _____ ____  
  _       / / |_   _| ____/ ___|_   _| |  ___/ \  |_ _| |   | ____|  _ \ 
 (_)_____| |    | | |  _| \___ \ | |   | |_ / _ \  | || |   |  _| | | | |
  _|_____| |    | | | |___ ___) || |   |  _/ ___ \ | || |___| |___| |_| |
 (_)     | |    |_| |_____|____/ |_|   |_|/_/   \_\___|_____|_____|____/ 
          \_\                                                            

TEST FAILED WITH ERROR: DataDriven Test for adding multiple students to the application
---------------------------------------------------------------------
[CreateStudentDataDriven-1-thread-24] ERROR net.thucydides.core.steps.ConsoleLoggingListener - TEST FAILED AT STEP POST
[CreateStudentDataDriven-1-thread-24] ERROR net.thucydides.core.steps.ConsoleLoggingListener - 
[CreateStudentDataDriven-1-thread-10] ERROR net.thucydides.core.steps.ConsoleLoggingListener - 
           __  _____ _____ ____ _____   _____ _    ___ _     _____ ____  
  _       / / |_   _| ____/ ___|_   _| |  ___/ \  |_ _| |   | ____|  _ \ 
 (_)_____| |    | | |  _| \___ \ | |   | |_ / _ \  | || |   |  _| | | | |
  _|_____| |    | | | |___ ___) || |   |  _/ ___ \ | || |___| |___| |_| |
 (_)     | |    |_| |_____|____/ |_|   |_|/_/   \_\___|_____|_____|____/ 
          \_\                                                            

TEST FAILED WITH ERROR: DataDriven Test for adding multiple students to the application
---------------------------------------------------------------------
[CreateStudentDataDriven-1-thread-10] ERROR net.thucydides.core.steps.ConsoleLoggingListener - TEST FAILED AT STEP POST
[CreateStudentDataDriven-1-thread-10] ERROR net.thucydides.core.steps.ConsoleLoggingListener - 
[CreateStudentDataDriven-1-thread-28] INFO net.thucydides.core.steps.ConsoleLoggingListener - Test Suite Started: Create student data driven
[CreateStudentDataDriven-1-thread-28] INFO net.thucydides.core.steps.ConsoleLoggingListener - 
 _____ _____ ____ _____   ____ _____  _    ____ _____ _____ ____  
|_   _| ____/ ___|_   _| / ___|_   _|/ \  |  _ \_   _| ____|  _ \ 
  | | |  _| \___ \ | |   \___ \ | | / _ \ | |_) || | |  _| | | | |
  | | | |___ ___) || |    ___) || |/ ___ \|  _ < | | | |___| |_| |
  |_| |_____|____/ |_|   |____/ |_/_/   \_\_| \_\|_| |_____|____/ 
                                                                  

TEST STARTED: createMultipleStudents[33]
-------------------------------------------------------------------
[CreateStudentDataDriven-1-thread-28] INFO net.serenitybdd.core.Serenity - TEST NUMBER: 37
]]></system-err>
  </testcase>
  <testcase name="createMultipleStudents[31] on createMultipleStudents[31](com.studentapp.utils.CreateStudentDataDriven)" classname="com.studentapp.utils.CreateStudentDataDriven" time="1.536">
    <failure message="Connection refused: connect" type="java.net.ConnectException">java.net.ConnectException: Connection refused: connect
	at com.studentapp.utils.CreateStudentDataDriven.createMultipleStudents(CreateStudentDataDriven.java:36)
</failure>
  </testcase>
  <testcase name="createMultipleStudents[26] on createMultipleStudents[26](com.studentapp.utils.CreateStudentDataDriven)" classname="com.studentapp.utils.CreateStudentDataDriven" time="1.536">
    <failure message="Connection refused: connect" type="java.net.ConnectException">java.net.ConnectException: Connection refused: connect
	at com.studentapp.utils.CreateStudentDataDriven.createMultipleStudents(CreateStudentDataDriven.java:36)
</failure>
  </testcase>
  <testcase name="createMultipleStudents[7] on createMultipleStudents[7](com.studentapp.utils.CreateStudentDataDriven)" classname="com.studentapp.utils.CreateStudentDataDriven" time="1.536">
    <failure message="Connection refused: connect" type="java.net.ConnectException">java.net.ConnectException: Connection refused: connect
	at com.studentapp.utils.CreateStudentDataDriven.createMultipleStudents(CreateStudentDataDriven.java:36)
</failure>
  </testcase>
  <testcase name="createMultipleStudents[10] on createMultipleStudents[10](com.studentapp.utils.CreateStudentDataDriven)" classname="com.studentapp.utils.CreateStudentDataDriven" time="1.536">
    <failure message="Connection refused: connect" type="java.net.ConnectException">java.net.ConnectException: Connection refused: connect
	at com.studentapp.utils.CreateStudentDataDriven.createMultipleStudents(CreateStudentDataDriven.java:36)
</failure>
  </testcase>
  <testcase name="createMultipleStudents[17] on createMultipleStudents[17](com.studentapp.utils.CreateStudentDataDriven)" classname="com.studentapp.utils.CreateStudentDataDriven" time="0.604">
    <failure message="Connection refused: connect" type="java.net.ConnectException">java.net.ConnectException: Connection refused: connect
	at com.studentapp.utils.CreateStudentDataDriven.createMultipleStudents(CreateStudentDataDriven.java:36)
</failure>
    <system-out><![CDATA[Body:
{
    "id": 0,
    "firstName": "Elvyn",
    "lastName": "Bredgeland",
    "email": "ebredgelandx@unesco.org",
    "programme": "Information Science",
    "courses": [
        "SCALA"
    ]
}
Body:
{
    "id": 0,
    "firstName": "Pedro",
    "lastName": "Sumpner",
    "email": "psumpner2@behance.net",
    "programme": "Computer Science",
    "courses": [
        "SCALA"
    ]
}
]]></system-out>
    <system-err><![CDATA[[CreateStudentDataDriven-1-thread-9] INFO net.thucydides.core.steps.ConsoleLoggingListener - Test Suite Started: Create student data driven
[CreateStudentDataDriven-1-thread-9] INFO net.thucydides.core.steps.ConsoleLoggingListener - 
 _____ _____ ____ _____   ____ _____  _    ____ _____ _____ ____  
|_   _| ____/ ___|_   _| / ___|_   _|/ \  |  _ \_   _| ____|  _ \ 
  | | |  _| \___ \ | |   \___ \ | | / _ \ | |_) || | |  _| | | | |
  | | | |___ ___) || |    ___) || |/ ___ \|  _ < | | | |___| |_| |
  |_| |_____|____/ |_|   |____/ |_/_/   \_\_| \_\|_| |_____|____/ 
                                                                  

TEST STARTED: createMultipleStudents[37]
-------------------------------------------------------------------
[CreateStudentDataDriven-1-thread-9] INFO net.serenitybdd.core.Serenity - TEST NUMBER: 38
]]></system-err>
  </testcase>
  <testcase name="createMultipleStudents[29] on createMultipleStudents[29](com.studentapp.utils.CreateStudentDataDriven)" classname="com.studentapp.utils.CreateStudentDataDriven" time="0.024">
    <failure message="Connection refused: connect" type="java.net.ConnectException">java.net.ConnectException: Connection refused: connect
	at com.studentapp.utils.CreateStudentDataDriven.createMultipleStudents(CreateStudentDataDriven.java:36)
</failure>
    <system-out><![CDATA[Body:
{
    "id": 0,
    "firstName": "Chrissy",
    "lastName": "Peris",
    "email": "cperis11@latimes.com",
    "programme": "Information Science",
    "courses": [
        "SCALA"
    ]
}
Body:
{
    "id": 0,
    "firstName": "Benedict",
    "lastName": "Dix",
    "email": "bdixf@bbc.co.uk",
    "programme": "Computer Science",
    "courses": [
        "C#"
    ]
}
Body:
{
    "id": 0,
    "firstName": "Danit",
    "lastName": "Salkild",
    "email": "dsalkild12@barnesandnoble.com",
    "programme": "Information Science",
    "courses": [
        "C#"
    ]
}
Body:
{
    "id": 0,
    "firstName": "Adelina",
    "lastName": "Rodden",
    "email": "arodden17@ted.com",
    "programme": "Computer Science",
    "courses": [
        "SCALA"
    ]
}
]]></system-out>
    <system-err><![CDATA[[CreateStudentDataDriven-1-thread-23] ERROR net.thucydides.core.steps.ConsoleLoggingListener - 
           __  _____ _____ ____ _____   _____ _    ___ _     _____ ____  
  _       / / |_   _| ____/ ___|_   _| |  ___/ \  |_ _| |   | ____|  _ \ 
 (_)_____| |    | | |  _| \___ \ | |   | |_ / _ \  | || |   |  _| | | | |
  _|_____| |    | | | |___ ___) || |   |  _/ ___ \ | || |___| |___| |_| |
 (_)     | |    |_| |_____|____/ |_|   |_|/_/   \_\___|_____|_____|____/ 
          \_\                                                            

TEST FAILED WITH ERROR: DataDriven Test for adding multiple students to the application
---------------------------------------------------------------------
[CreateStudentDataDriven-1-thread-23] ERROR net.thucydides.core.steps.ConsoleLoggingListener - TEST FAILED AT STEP POST
[CreateStudentDataDriven-1-thread-23] ERROR net.thucydides.core.steps.ConsoleLoggingListener - 
[CreateStudentDataDriven-1-thread-20] ERROR net.thucydides.core.steps.ConsoleLoggingListener - 
           __  _____ _____ ____ _____   _____ _    ___ _     _____ ____  
  _       / / |_   _| ____/ ___|_   _| |  ___/ \  |_ _| |   | ____|  _ \ 
 (_)_____| |    | | |  _| \___ \ | |   | |_ / _ \  | || |   |  _| | | | |
  _|_____| |    | | | |___ ___) || |   |  _/ ___ \ | || |___| |___| |_| |
 (_)     | |    |_| |_____|____/ |_|   |_|/_/   \_\___|_____|_____|____/ 
          \_\                                                            

TEST FAILED WITH ERROR: DataDriven Test for adding multiple students to the application
---------------------------------------------------------------------
[CreateStudentDataDriven-1-thread-20] ERROR net.thucydides.core.steps.ConsoleLoggingListener - TEST FAILED AT STEP POST
[CreateStudentDataDriven-1-thread-20] ERROR net.thucydides.core.steps.ConsoleLoggingListener - 
[CreateStudentDataDriven-1-thread-29] ERROR net.thucydides.core.steps.ConsoleLoggingListener - 
           __  _____ _____ ____ _____   _____ _    ___ _     _____ ____  
  _       / / |_   _| ____/ ___|_   _| |  ___/ \  |_ _| |   | ____|  _ \ 
 (_)_____| |    | | |  _| \___ \ | |   | |_ / _ \  | || |   |  _| | | | |
  _|_____| |    | | | |___ ___) || |   |  _/ ___ \ | || |___| |___| |_| |
 (_)     | |    |_| |_____|____/ |_|   |_|/_/   \_\___|_____|_____|____/ 
          \_\                                                            

TEST FAILED WITH ERROR: DataDriven Test for adding multiple students to the application
---------------------------------------------------------------------
[CreateStudentDataDriven-1-thread-29] ERROR net.thucydides.core.steps.ConsoleLoggingListener - TEST FAILED AT STEP POST
[CreateStudentDataDriven-1-thread-29] ERROR net.thucydides.core.steps.ConsoleLoggingListener - 
[CreateStudentDataDriven-1-thread-13] ERROR net.thucydides.core.steps.ConsoleLoggingListener - 
           __  _____ _____ ____ _____   _____ _    ___ _     _____ ____  
  _       / / |_   _| ____/ ___|_   _| |  ___/ \  |_ _| |   | ____|  _ \ 
 (_)_____| |    | | |  _| \___ \ | |   | |_ / _ \  | || |   |  _| | | | |
  _|_____| |    | | | |___ ___) || |   |  _/ ___ \ | || |___| |___| |_| |
 (_)     | |    |_| |_____|____/ |_|   |_|/_/   \_\___|_____|_____|____/ 
          \_\                                                            

TEST FAILED WITH ERROR: DataDriven Test for adding multiple students to the application
---------------------------------------------------------------------
[CreateStudentDataDriven-1-thread-13] ERROR net.thucydides.core.steps.ConsoleLoggingListener - TEST FAILED AT STEP POST
[CreateStudentDataDriven-1-thread-13] ERROR net.thucydides.core.steps.ConsoleLoggingListener - 
[CreateStudentDataDriven-1-thread-1] ERROR net.thucydides.core.steps.ConsoleLoggingListener - 
           __  _____ _____ ____ _____   _____ _    ___ _     _____ ____  
  _       / / |_   _| ____/ ___|_   _| |  ___/ \  |_ _| |   | ____|  _ \ 
 (_)_____| |    | | |  _| \___ \ | |   | |_ / _ \  | || |   |  _| | | | |
  _|_____| |    | | | |___ ___) || |   |  _/ ___ \ | || |___| |___| |_| |
 (_)     | |    |_| |_____|____/ |_|   |_|/_/   \_\___|_____|_____|____/ 
          \_\                                                            

TEST FAILED WITH ERROR: DataDriven Test for adding multiple students to the application
---------------------------------------------------------------------
[CreateStudentDataDriven-1-thread-1] ERROR net.thucydides.core.steps.ConsoleLoggingListener - TEST FAILED AT STEP POST
[CreateStudentDataDriven-1-thread-1] ERROR net.thucydides.core.steps.ConsoleLoggingListener - 
[CreateStudentDataDriven-1-thread-25] INFO net.thucydides.core.steps.ConsoleLoggingListener - Test Suite Started: Create student data driven
[CreateStudentDataDriven-1-thread-25] INFO net.thucydides.core.steps.ConsoleLoggingListener - 
 _____ _____ ____ _____   ____ _____  _    ____ _____ _____ ____  
|_   _| ____/ ___|_   _| / ___|_   _|/ \  |  _ \_   _| ____|  _ \ 
  | | |  _| \___ \ | |   \___ \ | | / _ \ | |_) || | |  _| | | | |
  | | | |___ ___) || |    ___) || |/ ___ \|  _ < | | | |___| |_| |
  |_| |_____|____/ |_|   |____/ |_/_/   \_\_| \_\|_| |_____|____/ 
                                                                  

TEST STARTED: createMultipleStudents[38]
-------------------------------------------------------------------
[CreateStudentDataDriven-1-thread-25] INFO net.serenitybdd.core.Serenity - TEST NUMBER: 39
[CreateStudentDataDriven-1-thread-14] INFO net.thucydides.core.steps.ConsoleLoggingListener - Test Suite Started: Create student data driven
[CreateStudentDataDriven-1-thread-14] INFO net.thucydides.core.steps.ConsoleLoggingListener - 
 _____ _____ ____ _____   ____ _____  _    ____ _____ _____ ____  
|_   _| ____/ ___|_   _| / ___|_   _|/ \  |  _ \_   _| ____|  _ \ 
  | | |  _| \___ \ | |   \___ \ | | / _ \ | |_) || | |  _| | | | |
  | | | |___ ___) || |    ___) || |/ ___ \|  _ < | | | |___| |_| |
  |_| |_____|____/ |_|   |____/ |_/_/   \_\_| \_\|_| |_____|____/ 
                                                                  

TEST STARTED: createMultipleStudents[43]
-------------------------------------------------------------------
[CreateStudentDataDriven-1-thread-14] INFO net.serenitybdd.core.Serenity - TEST NUMBER: 40
[CreateStudentDataDriven-1-thread-18] ERROR net.thucydides.core.steps.ConsoleLoggingListener - 
           __  _____ _____ ____ _____   _____ _    ___ _     _____ ____  
  _       / / |_   _| ____/ ___|_   _| |  ___/ \  |_ _| |   | ____|  _ \ 
 (_)_____| |    | | |  _| \___ \ | |   | |_ / _ \  | || |   |  _| | | | |
  _|_____| |    | | | |___ ___) || |   |  _/ ___ \ | || |___| |___| |_| |
 (_)     | |    |_| |_____|____/ |_|   |_|/_/   \_\___|_____|_____|____/ 
          \_\                                                            

TEST FAILED WITH ERROR: DataDriven Test for adding multiple students to the application
---------------------------------------------------------------------
[CreateStudentDataDriven-1-thread-18] ERROR net.thucydides.core.steps.ConsoleLoggingListener - TEST FAILED AT STEP POST
[CreateStudentDataDriven-1-thread-18] ERROR net.thucydides.core.steps.ConsoleLoggingListener - 
[CreateStudentDataDriven-1-thread-19] ERROR net.thucydides.core.steps.ConsoleLoggingListener - 
           __  _____ _____ ____ _____   _____ _    ___ _     _____ ____  
  _       / / |_   _| ____/ ___|_   _| |  ___/ \  |_ _| |   | ____|  _ \ 
 (_)_____| |    | | |  _| \___ \ | |   | |_ / _ \  | || |   |  _| | | | |
  _|_____| |    | | | |___ ___) || |   |  _/ ___ \ | || |___| |___| |_| |
 (_)     | |    |_| |_____|____/ |_|   |_|/_/   \_\___|_____|_____|____/ 
          \_\                                                            

TEST FAILED WITH ERROR: DataDriven Test for adding multiple students to the application
---------------------------------------------------------------------
[CreateStudentDataDriven-1-thread-19] ERROR net.thucydides.core.steps.ConsoleLoggingListener - TEST FAILED AT STEP POST
[CreateStudentDataDriven-1-thread-19] ERROR net.thucydides.core.steps.ConsoleLoggingListener - 
[CreateStudentDataDriven-1-thread-27] ERROR net.thucydides.core.steps.ConsoleLoggingListener - 
           __  _____ _____ ____ _____   _____ _    ___ _     _____ ____  
  _       / / |_   _| ____/ ___|_   _| |  ___/ \  |_ _| |   | ____|  _ \ 
 (_)_____| |    | | |  _| \___ \ | |   | |_ / _ \  | || |   |  _| | | | |
  _|_____| |    | | | |___ ___) || |   |  _/ ___ \ | || |___| |___| |_| |
 (_)     | |    |_| |_____|____/ |_|   |_|/_/   \_\___|_____|_____|____/ 
          \_\                                                            

TEST FAILED WITH ERROR: DataDriven Test for adding multiple students to the application
---------------------------------------------------------------------
[CreateStudentDataDriven-1-thread-27] ERROR net.thucydides.core.steps.ConsoleLoggingListener - TEST FAILED AT STEP POST
[CreateStudentDataDriven-1-thread-27] ERROR net.thucydides.core.steps.ConsoleLoggingListener - 
]]></system-err>
  </testcase>
  <testcase name="createMultipleStudents[5] on createMultipleStudents[5](com.studentapp.utils.CreateStudentDataDriven)" classname="com.studentapp.utils.CreateStudentDataDriven" time="0.826">
    <failure message="Connection refused: connect" type="java.net.ConnectException">java.net.ConnectException: Connection refused: connect
	at com.studentapp.utils.CreateStudentDataDriven.createMultipleStudents(CreateStudentDataDriven.java:36)
</failure>
    <system-out><![CDATA[Body:
{
    "id": 0,
    "firstName": "Cassy",
    "lastName": "Manhare",
    "email": "cmanhare5@amazon.de",
    "programme": "Computer Science",
    "courses": [
        "SCALA"
    ]
}
]]></system-out>
    <system-err><![CDATA[[CreateStudentDataDriven-1-thread-11] ERROR net.thucydides.core.steps.ConsoleLoggingListener - 
           __  _____ _____ ____ _____   _____ _    ___ _     _____ ____  
  _       / / |_   _| ____/ ___|_   _| |  ___/ \  |_ _| |   | ____|  _ \ 
 (_)_____| |    | | |  _| \___ \ | |   | |_ / _ \  | || |   |  _| | | | |
  _|_____| |    | | | |___ ___) || |   |  _/ ___ \ | || |___| |___| |_| |
 (_)     | |    |_| |_____|____/ |_|   |_|/_/   \_\___|_____|_____|____/ 
          \_\                                                            

TEST FAILED WITH ERROR: DataDriven Test for adding multiple students to the application
---------------------------------------------------------------------
[CreateStudentDataDriven-1-thread-11] ERROR net.thucydides.core.steps.ConsoleLoggingListener - TEST FAILED AT STEP POST
[CreateStudentDataDriven-1-thread-11] ERROR net.thucydides.core.steps.ConsoleLoggingListener - 
[CreateStudentDataDriven-1-thread-15] ERROR net.thucydides.core.steps.ConsoleLoggingListener - 
           __  _____ _____ ____ _____   _____ _    ___ _     _____ ____  
  _       / / |_   _| ____/ ___|_   _| |  ___/ \  |_ _| |   | ____|  _ \ 
 (_)_____| |    | | |  _| \___ \ | |   | |_ / _ \  | || |   |  _| | | | |
  _|_____| |    | | | |___ ___) || |   |  _/ ___ \ | || |___| |___| |_| |
 (_)     | |    |_| |_____|____/ |_|   |_|/_/   \_\___|_____|_____|____/ 
          \_\                                                            

TEST FAILED WITH ERROR: DataDriven Test for adding multiple students to the application
---------------------------------------------------------------------
[CreateStudentDataDriven-1-thread-15] ERROR net.thucydides.core.steps.ConsoleLoggingListener - TEST FAILED AT STEP POST
[CreateStudentDataDriven-1-thread-15] ERROR net.thucydides.core.steps.ConsoleLoggingListener - 
[CreateStudentDataDriven-1-thread-15] INFO net.thucydides.core.steps.ConsoleLoggingListener - Test Suite Started: Create student data driven
[CreateStudentDataDriven-1-thread-15] INFO net.thucydides.core.steps.ConsoleLoggingListener - 
 _____ _____ ____ _____   ____ _____  _    ____ _____ _____ ____  
|_   _| ____/ ___|_   _| / ___|_   _|/ \  |  _ \_   _| ____|  _ \ 
  | | |  _| \___ \ | |   \___ \ | | / _ \ | |_) || | |  _| | | | |
  | | | |___ ___) || |    ___) || |/ ___ \|  _ < | | | |___| |_| |
  |_| |_____|____/ |_|   |____/ |_/_/   \_\_| \_\|_| |_____|____/ 
                                                                  

TEST STARTED: createMultipleStudents[50]
-------------------------------------------------------------------
[CreateStudentDataDriven-1-thread-15] INFO net.serenitybdd.core.Serenity - TEST NUMBER: 41
[CreateStudentDataDriven-1-thread-30] ERROR net.thucydides.core.steps.ConsoleLoggingListener - 
           __  _____ _____ ____ _____   _____ _    ___ _     _____ ____  
  _       / / |_   _| ____/ ___|_   _| |  ___/ \  |_ _| |   | ____|  _ \ 
 (_)_____| |    | | |  _| \___ \ | |   | |_ / _ \  | || |   |  _| | | | |
  _|_____| |    | | | |___ ___) || |   |  _/ ___ \ | || |___| |___| |_| |
 (_)     | |    |_| |_____|____/ |_|   |_|/_/   \_\___|_____|_____|____/ 
          \_\                                                            

TEST FAILED WITH ERROR: DataDriven Test for adding multiple students to the application
---------------------------------------------------------------------
[CreateStudentDataDriven-1-thread-30] ERROR net.thucydides.core.steps.ConsoleLoggingListener - TEST FAILED AT STEP POST
[CreateStudentDataDriven-1-thread-30] ERROR net.thucydides.core.steps.ConsoleLoggingListener - 
[CreateStudentDataDriven-1-thread-32] ERROR net.thucydides.core.steps.ConsoleLoggingListener - 
           __  _____ _____ ____ _____   _____ _    ___ _     _____ ____  
  _       / / |_   _| ____/ ___|_   _| |  ___/ \  |_ _| |   | ____|  _ \ 
 (_)_____| |    | | |  _| \___ \ | |   | |_ / _ \  | || |   |  _| | | | |
  _|_____| |    | | | |___ ___) || |   |  _/ ___ \ | || |___| |___| |_| |
 (_)     | |    |_| |_____|____/ |_|   |_|/_/   \_\___|_____|_____|____/ 
          \_\                                                            

TEST FAILED WITH ERROR: DataDriven Test for adding multiple students to the application
---------------------------------------------------------------------
[CreateStudentDataDriven-1-thread-32] ERROR net.thucydides.core.steps.ConsoleLoggingListener - TEST FAILED AT STEP POST
[CreateStudentDataDriven-1-thread-32] ERROR net.thucydides.core.steps.ConsoleLoggingListener - 
[CreateStudentDataDriven-1-thread-31] INFO net.thucydides.core.steps.ConsoleLoggingListener - Test Suite Started: Create student data driven
[CreateStudentDataDriven-1-thread-31] INFO net.thucydides.core.steps.ConsoleLoggingListener - 
 _____ _____ ____ _____   ____ _____  _    ____ _____ _____ ____  
|_   _| ____/ ___|_   _| / ___|_   _|/ \  |  _ \_   _| ____|  _ \ 
  | | |  _| \___ \ | |   \___ \ | | / _ \ | |_) || | |  _| | | | |
  | | | |___ ___) || |    ___) || |/ ___ \|  _ < | | | |___| |_| |
  |_| |_____|____/ |_|   |____/ |_/_/   \_\_| \_\|_| |_____|____/ 
                                                                  

TEST STARTED: createMultipleStudents[41]
-------------------------------------------------------------------
[CreateStudentDataDriven-1-thread-31] INFO net.serenitybdd.core.Serenity - TEST NUMBER: 42
]]></system-err>
  </testcase>
  <testcase name="createMultipleStudents[34] on createMultipleStudents[34](com.studentapp.utils.CreateStudentDataDriven)" classname="com.studentapp.utils.CreateStudentDataDriven" time="0.826">
    <failure message="Connection refused: connect" type="java.net.ConnectException">java.net.ConnectException: Connection refused: connect
	at com.studentapp.utils.CreateStudentDataDriven.createMultipleStudents(CreateStudentDataDriven.java:36)
</failure>
  </testcase>
  <testcase name="createMultipleStudents[25] on createMultipleStudents[25](com.studentapp.utils.CreateStudentDataDriven)" classname="com.studentapp.utils.CreateStudentDataDriven" time="0.621">
    <failure message="Connection refused: connect" type="java.net.ConnectException">java.net.ConnectException: Connection refused: connect
	at com.studentapp.utils.CreateStudentDataDriven.createMultipleStudents(CreateStudentDataDriven.java:36)
</failure>
    <system-err><![CDATA[[CreateStudentDataDriven-1-thread-24] INFO net.thucydides.core.steps.ConsoleLoggingListener - Test Suite Started: Create student data driven
[CreateStudentDataDriven-1-thread-24] INFO net.thucydides.core.steps.ConsoleLoggingListener - 
 _____ _____ ____ _____   ____ _____  _    ____ _____ _____ ____  
|_   _| ____/ ___|_   _| / ___|_   _|/ \  |  _ \_   _| ____|  _ \ 
  | | |  _| \___ \ | |   \___ \ | | / _ \ | |_) || | |  _| | | | |
  | | | |___ ___) || |    ___) || |/ ___ \|  _ < | | | |___| |_| |
  |_| |_____|____/ |_|   |____/ |_/_/   \_\_| \_\|_| |_____|____/ 
                                                                  

TEST STARTED: createMultipleStudents[40]
-------------------------------------------------------------------
[CreateStudentDataDriven-1-thread-24] INFO net.serenitybdd.core.Serenity - TEST NUMBER: 43
]]></system-err>
  </testcase>
  <testcase name="createMultipleStudents[2] on createMultipleStudents[2](com.studentapp.utils.CreateStudentDataDriven)" classname="com.studentapp.utils.CreateStudentDataDriven" time="0.933">
    <failure message="Connection refused: connect" type="java.net.ConnectException">java.net.ConnectException: Connection refused: connect
	at com.studentapp.utils.CreateStudentDataDriven.createMultipleStudents(CreateStudentDataDriven.java:36)
</failure>
    <system-out><![CDATA[Body:
{
    "id": 0,
    "firstName": "Violante",
    "lastName": "Rysdale",
    "email": "vrysdale14@desdev.cn",
    "programme": "Information Science",
    "courses": [
        "Java"
    ]
}
]]></system-out>
    <system-err><![CDATA[[CreateStudentDataDriven-1-thread-1] INFO net.thucydides.core.steps.ConsoleLoggingListener - Test Suite Started: Create student data driven
[CreateStudentDataDriven-1-thread-1] INFO net.thucydides.core.steps.ConsoleLoggingListener - 
 _____ _____ ____ _____   ____ _____  _    ____ _____ _____ ____  
|_   _| ____/ ___|_   _| / ___|_   _|/ \  |  _ \_   _| ____|  _ \ 
  | | |  _| \___ \ | |   \___ \ | | / _ \ | |_) || | |  _| | | | |
  | | | |___ ___) || |    ___) || |/ ___ \|  _ < | | | |___| |_| |
  |_| |_____|____/ |_|   |____/ |_/_/   \_\_| \_\|_| |_____|____/ 
                                                                  

TEST STARTED: createMultipleStudents[44]
-------------------------------------------------------------------
[CreateStudentDataDriven-1-thread-1] INFO net.serenitybdd.core.Serenity - TEST NUMBER: 44
]]></system-err>
  </testcase>
  <testcase name="createMultipleStudents[33] on createMultipleStudents[33](com.studentapp.utils.CreateStudentDataDriven)" classname="com.studentapp.utils.CreateStudentDataDriven" time="0.933">
    <failure message="Connection refused: connect" type="java.net.ConnectException">java.net.ConnectException: Connection refused: connect
	at com.studentapp.utils.CreateStudentDataDriven.createMultipleStudents(CreateStudentDataDriven.java:36)
</failure>
  </testcase>
  <testcase name="createMultipleStudents[32] on createMultipleStudents[32](com.studentapp.utils.CreateStudentDataDriven)" classname="com.studentapp.utils.CreateStudentDataDriven" time="0.933">
    <failure message="Connection refused: connect" type="java.net.ConnectException">java.net.ConnectException: Connection refused: connect
	at com.studentapp.utils.CreateStudentDataDriven.createMultipleStudents(CreateStudentDataDriven.java:36)
</failure>
  </testcase>
  <testcase name="createMultipleStudents[36] on createMultipleStudents[36](com.studentapp.utils.CreateStudentDataDriven)" classname="com.studentapp.utils.CreateStudentDataDriven" time="1.361">
    <failure message="Connection refused: connect" type="java.net.ConnectException">java.net.ConnectException: Connection refused: connect
	at com.studentapp.utils.CreateStudentDataDriven.createMultipleStudents(CreateStudentDataDriven.java:36)
</failure>
    <system-out><![CDATA[Body:
{
    "id": 0,
    "firstName": "Gerta",
    "lastName": "Vanyukhin",
    "email": "gvanyukhin15@deviantart.com",
    "programme": "Computer Science",
    "courses": [
        "SCALA"
    ]
}
]]></system-out>
    <system-err><![CDATA[[CreateStudentDataDriven-1-thread-23] INFO net.thucydides.core.steps.ConsoleLoggingListener - Test Suite Started: Create student data driven
[CreateStudentDataDriven-1-thread-23] INFO net.thucydides.core.steps.ConsoleLoggingListener - 
 _____ _____ ____ _____   ____ _____  _    ____ _____ _____ ____  
|_   _| ____/ ___|_   _| / ___|_   _|/ \  |  _ \_   _| ____|  _ \ 
  | | |  _| \___ \ | |   \___ \ | | / _ \ | |_) || | |  _| | | | |
  | | | |___ ___) || |    ___) || |/ ___ \|  _ < | | | |___| |_| |
  |_| |_____|____/ |_|   |____/ |_/_/   \_\_| \_\|_| |_____|____/ 
                                                                  

TEST STARTED: createMultipleStudents[54]
-------------------------------------------------------------------
[CreateStudentDataDriven-1-thread-23] INFO net.serenitybdd.core.Serenity - TEST NUMBER: 45
]]></system-err>
  </testcase>
  <testcase name="createMultipleStudents[16] on createMultipleStudents[16](com.studentapp.utils.CreateStudentDataDriven)" classname="com.studentapp.utils.CreateStudentDataDriven" time="1.362">
    <failure message="Connection refused: connect" type="java.net.ConnectException">java.net.ConnectException: Connection refused: connect
	at com.studentapp.utils.CreateStudentDataDriven.createMultipleStudents(CreateStudentDataDriven.java:36)
</failure>
  </testcase>
  <testcase name="createMultipleStudents[3] on createMultipleStudents[3](com.studentapp.utils.CreateStudentDataDriven)" classname="com.studentapp.utils.CreateStudentDataDriven" time="1.193">
    <failure message="Connection refused: connect" type="java.net.ConnectException">java.net.ConnectException: Connection refused: connect
	at com.studentapp.utils.CreateStudentDataDriven.createMultipleStudents(CreateStudentDataDriven.java:36)
</failure>
    <system-out><![CDATA[Body:
{
    "id": 0,
    "firstName": "Lorrie",
    "lastName": "Shipman",
    "email": "lshipman9@xrea.com",
    "programme": "Computer Science",
    "courses": [
        "Java"
    ]
}
Body:
{
    "id": 0,
    "firstName": "Tucky",
    "lastName": "Baggot",
    "email": "tbaggot16@lycos.com",
    "programme": "Information Science",
    "courses": [
        "C#"
    ]
}
Body:
{
    "id": 0,
    "firstName": "Bryant",
    "lastName": "Bellany",
    "email": "bbellany1@ezinearticles.com",
    "programme": "Information Science",
    "courses": [
        "Java"
    ]
}
]]></system-out>
    <system-err><![CDATA[[CreateStudentDataDriven-1-thread-10] INFO net.thucydides.core.steps.ConsoleLoggingListener - Test Suite Started: Create student data driven
[CreateStudentDataDriven-1-thread-10] INFO net.thucydides.core.steps.ConsoleLoggingListener - 
 _____ _____ ____ _____   ____ _____  _    ____ _____ _____ ____  
|_   _| ____/ ___|_   _| / ___|_   _|/ \  |  _ \_   _| ____|  _ \ 
  | | |  _| \___ \ | |   \___ \ | | / _ \ | |_) || | |  _| | | | |
  | | | |___ ___) || |    ___) || |/ ___ \|  _ < | | | |___| |_| |
  |_| |_____|____/ |_|   |____/ |_/_/   \_\_| \_\|_| |_____|____/ 
                                                                  

TEST STARTED: createMultipleStudents[42]
-------------------------------------------------------------------
[CreateStudentDataDriven-1-thread-10] INFO net.serenitybdd.core.Serenity - TEST NUMBER: 46
[CreateStudentDataDriven-1-thread-20] INFO net.thucydides.core.steps.ConsoleLoggingListener - Test Suite Started: Create student data driven
[CreateStudentDataDriven-1-thread-20] INFO net.thucydides.core.steps.ConsoleLoggingListener - 
 _____ _____ ____ _____   ____ _____  _    ____ _____ _____ ____  
|_   _| ____/ ___|_   _| / ___|_   _|/ \  |  _ \_   _| ____|  _ \ 
  | | |  _| \___ \ | |   \___ \ | | / _ \ | |_) || | |  _| | | | |
  | | | |___ ___) || |    ___) || |/ ___ \|  _ < | | | |___| |_| |
  |_| |_____|____/ |_|   |____/ |_/_/   \_\_| \_\|_| |_____|____/ 
                                                                  

TEST STARTED: createMultipleStudents[46]
-------------------------------------------------------------------
[CreateStudentDataDriven-1-thread-20] INFO net.serenitybdd.core.Serenity - TEST NUMBER: 47
[CreateStudentDataDriven-1-thread-29] INFO net.thucydides.core.steps.ConsoleLoggingListener - Test Suite Started: Create student data driven
[CreateStudentDataDriven-1-thread-29] INFO net.thucydides.core.steps.ConsoleLoggingListener - 
 _____ _____ ____ _____   ____ _____  _    ____ _____ _____ ____  
|_   _| ____/ ___|_   _| / ___|_   _|/ \  |  _ \_   _| ____|  _ \ 
  | | |  _| \___ \ | |   \___ \ | | / _ \ | |_) || | |  _| | | | |
  | | | |___ ___) || |    ___) || |/ ___ \|  _ < | | | |___| |_| |
  |_| |_____|____/ |_|   |____/ |_/_/   \_\_| \_\|_| |_____|____/ 
                                                                  

TEST STARTED: createMultipleStudents[47]
-------------------------------------------------------------------
[CreateStudentDataDriven-1-thread-29] INFO net.serenitybdd.core.Serenity - TEST NUMBER: 48
[CreateStudentDataDriven-1-thread-8] ERROR net.thucydides.core.steps.ConsoleLoggingListener - 
           __  _____ _____ ____ _____   _____ _    ___ _     _____ ____  
  _       / / |_   _| ____/ ___|_   _| |  ___/ \  |_ _| |   | ____|  _ \ 
 (_)_____| |    | | |  _| \___ \ | |   | |_ / _ \  | || |   |  _| | | | |
  _|_____| |    | | | |___ ___) || |   |  _/ ___ \ | || |___| |___| |_| |
 (_)     | |    |_| |_____|____/ |_|   |_|/_/   \_\___|_____|_____|____/ 
          \_\                                                            

TEST FAILED WITH ERROR: DataDriven Test for adding multiple students to the application
---------------------------------------------------------------------
[CreateStudentDataDriven-1-thread-8] ERROR net.thucydides.core.steps.ConsoleLoggingListener - TEST FAILED AT STEP POST
[CreateStudentDataDriven-1-thread-8] ERROR net.thucydides.core.steps.ConsoleLoggingListener - 
]]></system-err>
  </testcase>
  <testcase name="createMultipleStudents[6] on createMultipleStudents[6](com.studentapp.utils.CreateStudentDataDriven)" classname="com.studentapp.utils.CreateStudentDataDriven" time="1.201">
    <failure message="Connection refused: connect" type="java.net.ConnectException">java.net.ConnectException: Connection refused: connect
	at com.studentapp.utils.CreateStudentDataDriven.createMultipleStudents(CreateStudentDataDriven.java:36)
</failure>
    <system-out><![CDATA[Body:
{
    "id": 0,
    "firstName": "Alejandra",
    "lastName": "Moncreif",
    "email": "amoncreif2@a8.net",
    "programme": "Computer Science",
    "courses": [
        "SCALA"
    ]
}
]]></system-out>
    <system-err><![CDATA[[CreateStudentDataDriven-1-thread-4] ERROR net.thucydides.core.steps.ConsoleLoggingListener - 
           __  _____ _____ ____ _____   _____ _    ___ _     _____ ____  
  _       / / |_   _| ____/ ___|_   _| |  ___/ \  |_ _| |   | ____|  _ \ 
 (_)_____| |    | | |  _| \___ \ | |   | |_ / _ \  | || |   |  _| | | | |
  _|_____| |    | | | |___ ___) || |   |  _/ ___ \ | || |___| |___| |_| |
 (_)     | |    |_| |_____|____/ |_|   |_|/_/   \_\___|_____|_____|____/ 
          \_\                                                            

TEST FAILED WITH ERROR: DataDriven Test for adding multiple students to the application
---------------------------------------------------------------------
[CreateStudentDataDriven-1-thread-4] ERROR net.thucydides.core.steps.ConsoleLoggingListener - TEST FAILED AT STEP POST
[CreateStudentDataDriven-1-thread-4] ERROR net.thucydides.core.steps.ConsoleLoggingListener - 
]]></system-err>
  </testcase>
  <testcase name="createMultipleStudents[35] on createMultipleStudents[35](com.studentapp.utils.CreateStudentDataDriven)" classname="com.studentapp.utils.CreateStudentDataDriven" time="1.201">
    <failure message="Connection refused: connect" type="java.net.ConnectException">java.net.ConnectException: Connection refused: connect
	at com.studentapp.utils.CreateStudentDataDriven.createMultipleStudents(CreateStudentDataDriven.java:36)
</failure>
  </testcase>
  <testcase name="createMultipleStudents[50] on createMultipleStudents[50](com.studentapp.utils.CreateStudentDataDriven)" classname="com.studentapp.utils.CreateStudentDataDriven" time="0.616">
    <failure message="Connection refused: connect" type="java.net.ConnectException">java.net.ConnectException: Connection refused: connect
	at com.studentapp.utils.CreateStudentDataDriven.createMultipleStudents(CreateStudentDataDriven.java:36)
</failure>
    <system-out><![CDATA[Body:
{
    "id": 0,
    "firstName": "Anatol",
    "lastName": "Samweyes",
    "email": "asamweyes4@wordpress.org",
    "programme": "Computer Science",
    "courses": [
        "C#"
    ]
}
]]></system-out>
    <system-err><![CDATA[[CreateStudentDataDriven-1-thread-11] INFO net.thucydides.core.steps.ConsoleLoggingListener - Test Suite Started: Create student data driven
[CreateStudentDataDriven-1-thread-11] INFO net.thucydides.core.steps.ConsoleLoggingListener - 
 _____ _____ ____ _____   ____ _____  _    ____ _____ _____ ____  
|_   _| ____/ ___|_   _| / ___|_   _|/ \  |  _ \_   _| ____|  _ \ 
  | | |  _| \___ \ | |   \___ \ | | / _ \ | |_) || | |  _| | | | |
  | | | |___ ___) || |    ___) || |/ ___ \|  _ < | | | |___| |_| |
  |_| |_____|____/ |_|   |____/ |_/_/   \_\_| \_\|_| |_____|____/ 
                                                                  

TEST STARTED: createMultipleStudents[49]
-------------------------------------------------------------------
[CreateStudentDataDriven-1-thread-11] INFO net.serenitybdd.core.Serenity - TEST NUMBER: 49
[CreateStudentDataDriven-1-thread-19] INFO net.thucydides.core.steps.ConsoleLoggingListener - Test Suite Started: Create student data driven
[CreateStudentDataDriven-1-thread-19] INFO net.thucydides.core.steps.ConsoleLoggingListener - 
 _____ _____ ____ _____   ____ _____  _    ____ _____ _____ ____  
|_   _| ____/ ___|_   _| / ___|_   _|/ \  |  _ \_   _| ____|  _ \ 
  | | |  _| \___ \ | |   \___ \ | | / _ \ | |_) || | |  _| | | | |
  | | | |___ ___) || |    ___) || |/ ___ \|  _ < | | | |___| |_| |
  |_| |_____|____/ |_|   |____/ |_/_/   \_\_| \_\|_| |_____|____/ 
                                                                  

TEST STARTED: createMultipleStudents[48]
-------------------------------------------------------------------
[CreateStudentDataDriven-1-thread-19] INFO net.serenitybdd.core.Serenity - TEST NUMBER: 50
]]></system-err>
  </testcase>
  <testcase name="createMultipleStudents[43] on createMultipleStudents[43](com.studentapp.utils.CreateStudentDataDriven)" classname="com.studentapp.utils.CreateStudentDataDriven" time="0.616">
    <failure message="Connection refused: connect" type="java.net.ConnectException">java.net.ConnectException: Connection refused: connect
	at com.studentapp.utils.CreateStudentDataDriven.createMultipleStudents(CreateStudentDataDriven.java:36)
</failure>
  </testcase>
  <testcase name="createMultipleStudents[38] on createMultipleStudents[38](com.studentapp.utils.CreateStudentDataDriven)" classname="com.studentapp.utils.CreateStudentDataDriven" time="0.616">
    <failure message="Connection refused: connect" type="java.net.ConnectException">java.net.ConnectException: Connection refused: connect
	at com.studentapp.utils.CreateStudentDataDriven.createMultipleStudents(CreateStudentDataDriven.java:36)
</failure>
  </testcase>
  <testcase name="createMultipleStudents[15] on createMultipleStudents[15](com.studentapp.utils.CreateStudentDataDriven)" classname="com.studentapp.utils.CreateStudentDataDriven" time="1.685">
    <failure message="Connection refused: connect" type="java.net.ConnectException">java.net.ConnectException: Connection refused: connect
	at com.studentapp.utils.CreateStudentDataDriven.createMultipleStudents(CreateStudentDataDriven.java:36)
</failure>
    <system-out><![CDATA[Body:
{
    "id": 0,
    "firstName": "Mar",
    "lastName": "Digg",
    "email": "mdigg3@ibm.com",
    "programme": "Information Science",
    "courses": [
        "SCALA"
    ]
}
Body:
{
    "id": 0,
    "firstName": "Angel",
    "lastName": "Hamnett",
    "email": "ahamnett7@ask.com",
    "programme": "Information Science",
    "courses": [
        "C#"
    ]
}
]]></system-out>
    <system-err><![CDATA[[CreateStudentDataDriven-1-thread-18] INFO net.thucydides.core.steps.ConsoleLoggingListener - Test Suite Started: Create student data driven
[CreateStudentDataDriven-1-thread-18] INFO net.thucydides.core.steps.ConsoleLoggingListener - 
 _____ _____ ____ _____   ____ _____  _    ____ _____ _____ ____  
|_   _| ____/ ___|_   _| / ___|_   _|/ \  |  _ \_   _| ____|  _ \ 
  | | |  _| \___ \ | |   \___ \ | | / _ \ | |_) || | |  _| | | | |
  | | | |___ ___) || |    ___) || |/ ___ \|  _ < | | | |___| |_| |
  |_| |_____|____/ |_|   |____/ |_/_/   \_\_| \_\|_| |_____|____/ 
                                                                  

TEST STARTED: createMultipleStudents[52]
-------------------------------------------------------------------
[CreateStudentDataDriven-1-thread-18] INFO net.serenitybdd.core.Serenity - TEST NUMBER: 51
[CreateStudentDataDriven-1-thread-32] INFO net.thucydides.core.steps.ConsoleLoggingListener - Test Suite Started: Create student data driven
[CreateStudentDataDriven-1-thread-32] INFO net.thucydides.core.steps.ConsoleLoggingListener - 
 _____ _____ ____ _____   ____ _____  _    ____ _____ _____ ____  
|_   _| ____/ ___|_   _| / ___|_   _|/ \  |  _ \_   _| ____|  _ \ 
  | | |  _| \___ \ | |   \___ \ | | / _ \ | |_) || | |  _| | | | |
  | | | |___ ___) || |    ___) || |/ ___ \|  _ < | | | |___| |_| |
  |_| |_____|____/ |_|   |____/ |_/_/   \_\_| \_\|_| |_____|____/ 
                                                                  

TEST STARTED: createMultipleStudents[53]
-------------------------------------------------------------------
[CreateStudentDataDriven-1-thread-32] INFO net.serenitybdd.core.Serenity - TEST NUMBER: 52
]]></system-err>
  </testcase>
  <testcase name="createMultipleStudents[37] on createMultipleStudents[37](com.studentapp.utils.CreateStudentDataDriven)" classname="com.studentapp.utils.CreateStudentDataDriven" time="1.685">
    <failure message="Connection refused: connect" type="java.net.ConnectException">java.net.ConnectException: Connection refused: connect
	at com.studentapp.utils.CreateStudentDataDriven.createMultipleStudents(CreateStudentDataDriven.java:36)
</failure>
  </testcase>
  <testcase name="createMultipleStudents[54] on createMultipleStudents[54](com.studentapp.utils.CreateStudentDataDriven)" classname="com.studentapp.utils.CreateStudentDataDriven" time="2.245">
    <failure message="Connection refused: connect" type="java.net.ConnectException">java.net.ConnectException: Connection refused: connect
	at com.studentapp.utils.CreateStudentDataDriven.createMultipleStudents(CreateStudentDataDriven.java:36)
</failure>
    <system-out><![CDATA[Body:
{
    "id": 0,
    "firstName": "Perkin",
    "lastName": "Mirams",
    "email": "pmirams8@webnode.com",
    "programme": "Computer Science",
    "courses": [
        "C#"
    ]
}
Body:
{
    "id": 0,
    "firstName": "Trescha",
    "lastName": "Sate",
    "email": "tsate0@dailymotion.com",
    "programme": "Information Science",
    "courses": [
        "SCALA"
    ]
}
]]></system-out>
    <system-err><![CDATA[[CreateStudentDataDriven-1-thread-2] ERROR net.thucydides.core.steps.ConsoleLoggingListener - 
           __  _____ _____ ____ _____   _____ _    ___ _     _____ ____  
  _       / / |_   _| ____/ ___|_   _| |  ___/ \  |_ _| |   | ____|  _ \ 
 (_)_____| |    | | |  _| \___ \ | |   | |_ / _ \  | || |   |  _| | | | |
  _|_____| |    | | | |___ ___) || |   |  _/ ___ \ | || |___| |___| |_| |
 (_)     | |    |_| |_____|____/ |_|   |_|/_/   \_\___|_____|_____|____/ 
          \_\                                                            

TEST FAILED WITH ERROR: DataDriven Test for adding multiple students to the application
---------------------------------------------------------------------
[CreateStudentDataDriven-1-thread-2] ERROR net.thucydides.core.steps.ConsoleLoggingListener - TEST FAILED AT STEP POST
[CreateStudentDataDriven-1-thread-2] ERROR net.thucydides.core.steps.ConsoleLoggingListener - 
[CreateStudentDataDriven-1-thread-13] INFO net.thucydides.core.steps.ConsoleLoggingListener - Test Suite Started: Create student data driven
[CreateStudentDataDriven-1-thread-13] INFO net.thucydides.core.steps.ConsoleLoggingListener - 
 _____ _____ ____ _____   ____ _____  _    ____ _____ _____ ____  
|_   _| ____/ ___|_   _| / ___|_   _|/ \  |  _ \_   _| ____|  _ \ 
  | | |  _| \___ \ | |   \___ \ | | / _ \ | |_) || | |  _| | | | |
  | | | |___ ___) || |    ___) || |/ ___ \|  _ < | | | |___| |_| |
  |_| |_____|____/ |_|   |____/ |_/_/   \_\_| \_\|_| |_____|____/ 
                                                                  

TEST STARTED: createMultipleStudents[45]
-------------------------------------------------------------------
[CreateStudentDataDriven-1-thread-13] INFO net.serenitybdd.core.Serenity - TEST NUMBER: 53
[CreateStudentDataDriven-1-thread-26] ERROR net.thucydides.core.steps.ConsoleLoggingListener - 
           __  _____ _____ ____ _____   _____ _    ___ _     _____ ____  
  _       / / |_   _| ____/ ___|_   _| |  ___/ \  |_ _| |   | ____|  _ \ 
 (_)_____| |    | | |  _| \___ \ | |   | |_ / _ \  | || |   |  _| | | | |
  _|_____| |    | | | |___ ___) || |   |  _/ ___ \ | || |___| |___| |_| |
 (_)     | |    |_| |_____|____/ |_|   |_|/_/   \_\___|_____|_____|____/ 
          \_\                                                            

TEST FAILED WITH ERROR: DataDriven Test for adding multiple students to the application
---------------------------------------------------------------------
[CreateStudentDataDriven-1-thread-26] ERROR net.thucydides.core.steps.ConsoleLoggingListener - TEST FAILED AT STEP POST
[CreateStudentDataDriven-1-thread-26] ERROR net.thucydides.core.steps.ConsoleLoggingListener - 
[CreateStudentDataDriven-1-thread-3] ERROR net.thucydides.core.steps.ConsoleLoggingListener - 
           __  _____ _____ ____ _____   _____ _    ___ _     _____ ____  
  _       / / |_   _| ____/ ___|_   _| |  ___/ \  |_ _| |   | ____|  _ \ 
 (_)_____| |    | | |  _| \___ \ | |   | |_ / _ \  | || |   |  _| | | | |
  _|_____| |    | | | |___ ___) || |   |  _/ ___ \ | || |___| |___| |_| |
 (_)     | |    |_| |_____|____/ |_|   |_|/_/   \_\___|_____|_____|____/ 
          \_\                                                            

TEST FAILED WITH ERROR: DataDriven Test for adding multiple students to the application
---------------------------------------------------------------------
[CreateStudentDataDriven-1-thread-3] ERROR net.thucydides.core.steps.ConsoleLoggingListener - TEST FAILED AT STEP POST
[CreateStudentDataDriven-1-thread-3] ERROR net.thucydides.core.steps.ConsoleLoggingListener - 
[CreateStudentDataDriven-1-thread-5] ERROR net.thucydides.core.steps.ConsoleLoggingListener - 
           __  _____ _____ ____ _____   _____ _    ___ _     _____ ____  
  _       / / |_   _| ____/ ___|_   _| |  ___/ \  |_ _| |   | ____|  _ \ 
 (_)_____| |    | | |  _| \___ \ | |   | |_ / _ \  | || |   |  _| | | | |
  _|_____| |    | | | |___ ___) || |   |  _/ ___ \ | || |___| |___| |_| |
 (_)     | |    |_| |_____|____/ |_|   |_|/_/   \_\___|_____|_____|____/ 
          \_\                                                            

TEST FAILED WITH ERROR: DataDriven Test for adding multiple students to the application
---------------------------------------------------------------------
[CreateStudentDataDriven-1-thread-5] ERROR net.thucydides.core.steps.ConsoleLoggingListener - TEST FAILED AT STEP POST
[CreateStudentDataDriven-1-thread-5] ERROR net.thucydides.core.steps.ConsoleLoggingListener - 
[CreateStudentDataDriven-1-thread-6] ERROR net.thucydides.core.steps.ConsoleLoggingListener - 
           __  _____ _____ ____ _____   _____ _    ___ _     _____ ____  
  _       / / |_   _| ____/ ___|_   _| |  ___/ \  |_ _| |   | ____|  _ \ 
 (_)_____| |    | | |  _| \___ \ | |   | |_ / _ \  | || |   |  _| | | | |
  _|_____| |    | | | |___ ___) || |   |  _/ ___ \ | || |___| |___| |_| |
 (_)     | |    |_| |_____|____/ |_|   |_|/_/   \_\___|_____|_____|____/ 
          \_\                                                            

TEST FAILED WITH ERROR: DataDriven Test for adding multiple students to the application
---------------------------------------------------------------------
[CreateStudentDataDriven-1-thread-6] ERROR net.thucydides.core.steps.ConsoleLoggingListener - TEST FAILED AT STEP POST
[CreateStudentDataDriven-1-thread-6] ERROR net.thucydides.core.steps.ConsoleLoggingListener - 
]]></system-err>
  </testcase>
  <testcase name="createMultipleStudents[41] on createMultipleStudents[41](com.studentapp.utils.CreateStudentDataDriven)" classname="com.studentapp.utils.CreateStudentDataDriven" time="2.251">
    <failure message="Connection refused: connect" type="java.net.ConnectException">java.net.ConnectException: Connection refused: connect
	at com.studentapp.utils.CreateStudentDataDriven.createMultipleStudents(CreateStudentDataDriven.java:36)
</failure>
    <system-err><![CDATA[[CreateStudentDataDriven-1-thread-17] ERROR net.thucydides.core.steps.ConsoleLoggingListener - 
           __  _____ _____ ____ _____   _____ _    ___ _     _____ ____  
  _       / / |_   _| ____/ ___|_   _| |  ___/ \  |_ _| |   | ____|  _ \ 
 (_)_____| |    | | |  _| \___ \ | |   | |_ / _ \  | || |   |  _| | | | |
  _|_____| |    | | | |___ ___) || |   |  _/ ___ \ | || |___| |___| |_| |
 (_)     | |    |_| |_____|____/ |_|   |_|/_/   \_\___|_____|_____|____/ 
          \_\                                                            

TEST FAILED WITH ERROR: DataDriven Test for adding multiple students to the application
---------------------------------------------------------------------
[CreateStudentDataDriven-1-thread-17] ERROR net.thucydides.core.steps.ConsoleLoggingListener - TEST FAILED AT STEP POST
[CreateStudentDataDriven-1-thread-17] ERROR net.thucydides.core.steps.ConsoleLoggingListener - 
]]></system-err>
  </testcase>
  <testcase name="createMultipleStudents[40] on createMultipleStudents[40](com.studentapp.utils.CreateStudentDataDriven)" classname="com.studentapp.utils.CreateStudentDataDriven" time="3.317">
    <failure message="Connection refused: connect" type="java.net.ConnectException">java.net.ConnectException: Connection refused: connect
	at com.studentapp.utils.CreateStudentDataDriven.createMultipleStudents(CreateStudentDataDriven.java:36)
</failure>
    <system-out><![CDATA[Body:
{
    "id": 0,
    "firstName": "Karoline",
    "lastName": "Wickson",
    "email": "kwickson6@foxnews.com",
    "programme": "Information Science",
    "courses": [
        "Java"
    ]
}
]]></system-out>
    <system-err><![CDATA[[CreateStudentDataDriven-1-thread-27] INFO net.thucydides.core.steps.ConsoleLoggingListener - Test Suite Started: Create student data driven
[CreateStudentDataDriven-1-thread-27] INFO net.thucydides.core.steps.ConsoleLoggingListener - 
 _____ _____ ____ _____   ____ _____  _    ____ _____ _____ ____  
|_   _| ____/ ___|_   _| / ___|_   _|/ \  |  _ \_   _| ____|  _ \ 
  | | |  _| \___ \ | |   \___ \ | | / _ \ | |_) || | |  _| | | | |
  | | | |___ ___) || |    ___) || |/ ___ \|  _ < | | | |___| |_| |
  |_| |_____|____/ |_|   |____/ |_/_/   \_\_| \_\|_| |_____|____/ 
                                                                  

TEST STARTED: createMultipleStudents[51]
-------------------------------------------------------------------
[CreateStudentDataDriven-1-thread-27] INFO net.serenitybdd.core.Serenity - TEST NUMBER: 54
[CreateStudentDataDriven-1-thread-30] INFO net.thucydides.core.steps.ConsoleLoggingListener - Test Suite Started: Create student data driven
[CreateStudentDataDriven-1-thread-30] INFO net.thucydides.core.steps.ConsoleLoggingListener - 
 _____ _____ ____ _____   ____ _____  _    ____ _____ _____ ____  
|_   _| ____/ ___|_   _| / ___|_   _|/ \  |  _ \_   _| ____|  _ \ 
  | | |  _| \___ \ | |   \___ \ | | / _ \ | |_) || | |  _| | | | |
  | | | |___ ___) || |    ___) || |/ ___ \|  _ < | | | |___| |_| |
  |_| |_____|____/ |_|   |____/ |_/_/   \_\_| \_\|_| |_____|____/ 
                                                                  

TEST STARTED: createMultipleStudents[55]
-------------------------------------------------------------------
[CreateStudentDataDriven-1-thread-30] INFO net.serenitybdd.core.Serenity - TEST NUMBER: 55
]]></system-err>
  </testcase>
  <testcase name="createMultipleStudents[46] on createMultipleStudents[46](com.studentapp.utils.CreateStudentDataDriven)" classname="com.studentapp.utils.CreateStudentDataDriven" time="3.925">
    <failure message="Connection refused: connect" type="java.net.ConnectException">java.net.ConnectException: Connection refused: connect
	at com.studentapp.utils.CreateStudentDataDriven.createMultipleStudents(CreateStudentDataDriven.java:36)
</failure>
    <system-out><![CDATA[Body:
{
    "id": 0,
    "firstName": "Jimmy",
    "lastName": "McMeeking",
    "email": "jmcmeekinga@home.pl",
    "programme": "Computer Science",
    "courses": [
        "SCALA"
    ]
}
]]></system-out>
    <system-err><![CDATA[[CreateStudentDataDriven-1-thread-22] ERROR net.thucydides.core.steps.ConsoleLoggingListener - 
           __  _____ _____ ____ _____   _____ _    ___ _     _____ ____  
  _       / / |_   _| ____/ ___|_   _| |  ___/ \  |_ _| |   | ____|  _ \ 
 (_)_____| |    | | |  _| \___ \ | |   | |_ / _ \  | || |   |  _| | | | |
  _|_____| |    | | | |___ ___) || |   |  _/ ___ \ | || |___| |___| |_| |
 (_)     | |    |_| |_____|____/ |_|   |_|/_/   \_\___|_____|_____|____/ 
          \_\                                                            

TEST FAILED WITH ERROR: DataDriven Test for adding multiple students to the application
---------------------------------------------------------------------
[CreateStudentDataDriven-1-thread-22] ERROR net.thucydides.core.steps.ConsoleLoggingListener - TEST FAILED AT STEP POST
[CreateStudentDataDriven-1-thread-22] ERROR net.thucydides.core.steps.ConsoleLoggingListener - 
[CreateStudentDataDriven-1-thread-7] ERROR net.thucydides.core.steps.ConsoleLoggingListener - 
           __  _____ _____ ____ _____   _____ _    ___ _     _____ ____  
  _       / / |_   _| ____/ ___|_   _| |  ___/ \  |_ _| |   | ____|  _ \ 
 (_)_____| |    | | |  _| \___ \ | |   | |_ / _ \  | || |   |  _| | | | |
  _|_____| |    | | | |___ ___) || |   |  _/ ___ \ | || |___| |___| |_| |
 (_)     | |    |_| |_____|____/ |_|   |_|/_/   \_\___|_____|_____|____/ 
          \_\                                                            

TEST FAILED WITH ERROR: DataDriven Test for adding multiple students to the application
---------------------------------------------------------------------
[CreateStudentDataDriven-1-thread-7] ERROR net.thucydides.core.steps.ConsoleLoggingListener - TEST FAILED AT STEP POST
[CreateStudentDataDriven-1-thread-7] ERROR net.thucydides.core.steps.ConsoleLoggingListener - 
[CreateStudentDataDriven-1-thread-8] INFO net.thucydides.core.steps.ConsoleLoggingListener - Test Suite Started: Create student data driven
[CreateStudentDataDriven-1-thread-8] INFO net.thucydides.core.steps.ConsoleLoggingListener - 
 _____ _____ ____ _____   ____ _____  _    ____ _____ _____ ____  
|_   _| ____/ ___|_   _| / ___|_   _|/ \  |  _ \_   _| ____|  _ \ 
  | | |  _| \___ \ | |   \___ \ | | / _ \ | |_) || | |  _| | | | |
  | | | |___ ___) || |    ___) || |/ ___ \|  _ < | | | |___| |_| |
  |_| |_____|____/ |_|   |____/ |_/_/   \_\_| \_\|_| |_____|____/ 
                                                                  

TEST STARTED: createMultipleStudents[56]
-------------------------------------------------------------------
[CreateStudentDataDriven-1-thread-8] INFO net.serenitybdd.core.Serenity - TEST NUMBER: 56
]]></system-err>
  </testcase>
  <testcase name="createMultipleStudents[42] on createMultipleStudents[42](com.studentapp.utils.CreateStudentDataDriven)" classname="com.studentapp.utils.CreateStudentDataDriven" time="3.925">
    <failure message="Connection refused: connect" type="java.net.ConnectException">java.net.ConnectException: Connection refused: connect
	at com.studentapp.utils.CreateStudentDataDriven.createMultipleStudents(CreateStudentDataDriven.java:36)
</failure>
  </testcase>
  <testcase name="createMultipleStudents[49] on createMultipleStudents[49](com.studentapp.utils.CreateStudentDataDriven)" classname="com.studentapp.utils.CreateStudentDataDriven" time="0.494">
    <failure message="Connection refused: connect" type="java.net.ConnectException">java.net.ConnectException: Connection refused: connect
	at com.studentapp.utils.CreateStudentDataDriven.createMultipleStudents(CreateStudentDataDriven.java:36)
</failure>
    <system-out><![CDATA[Body:
{
    "id": 0,
    "firstName": "Julianne",
    "lastName": "Brunskill",
    "email": "jbrunskillb@disqus.com",
    "programme": "Information Science",
    "courses": [
        "Java"
    ]
}
]]></system-out>
    <system-err><![CDATA[[CreateStudentDataDriven-1-thread-14] ERROR net.thucydides.core.steps.ConsoleLoggingListener - 
           __  _____ _____ ____ _____   _____ _    ___ _     _____ ____  
  _       / / |_   _| ____/ ___|_   _| |  ___/ \  |_ _| |   | ____|  _ \ 
 (_)_____| |    | | |  _| \___ \ | |   | |_ / _ \  | || |   |  _| | | | |
  _|_____| |    | | | |___ ___) || |   |  _/ ___ \ | || |___| |___| |_| |
 (_)     | |    |_| |_____|____/ |_|   |_|/_/   \_\___|_____|_____|____/ 
          \_\                                                            

TEST FAILED WITH ERROR: DataDriven Test for adding multiple students to the application
---------------------------------------------------------------------
[CreateStudentDataDriven-1-thread-14] ERROR net.thucydides.core.steps.ConsoleLoggingListener - TEST FAILED AT STEP POST
[CreateStudentDataDriven-1-thread-14] ERROR net.thucydides.core.steps.ConsoleLoggingListener - 
[CreateStudentDataDriven-1-thread-25] ERROR net.thucydides.core.steps.ConsoleLoggingListener - 
           __  _____ _____ ____ _____   _____ _    ___ _     _____ ____  
  _       / / |_   _| ____/ ___|_   _| |  ___/ \  |_ _| |   | ____|  _ \ 
 (_)_____| |    | | |  _| \___ \ | |   | |_ / _ \  | || |   |  _| | | | |
  _|_____| |    | | | |___ ___) || |   |  _/ ___ \ | || |___| |___| |_| |
 (_)     | |    |_| |_____|____/ |_|   |_|/_/   \_\___|_____|_____|____/ 
          \_\                                                            

TEST FAILED WITH ERROR: DataDriven Test for adding multiple students to the application
---------------------------------------------------------------------
[CreateStudentDataDriven-1-thread-25] ERROR net.thucydides.core.steps.ConsoleLoggingListener - TEST FAILED AT STEP POST
[CreateStudentDataDriven-1-thread-25] ERROR net.thucydides.core.steps.ConsoleLoggingListener - 
[CreateStudentDataDriven-1-thread-31] ERROR net.thucydides.core.steps.ConsoleLoggingListener - 
           __  _____ _____ ____ _____   _____ _    ___ _     _____ ____  
  _       / / |_   _| ____/ ___|_   _| |  ___/ \  |_ _| |   | ____|  _ \ 
 (_)_____| |    | | |  _| \___ \ | |   | |_ / _ \  | || |   |  _| | | | |
  _|_____| |    | | | |___ ___) || |   |  _/ ___ \ | || |___| |___| |_| |
 (_)     | |    |_| |_____|____/ |_|   |_|/_/   \_\___|_____|_____|____/ 
          \_\                                                            

TEST FAILED WITH ERROR: DataDriven Test for adding multiple students to the application
---------------------------------------------------------------------
[CreateStudentDataDriven-1-thread-31] ERROR net.thucydides.core.steps.ConsoleLoggingListener - TEST FAILED AT STEP POST
[CreateStudentDataDriven-1-thread-31] ERROR net.thucydides.core.steps.ConsoleLoggingListener - 
[CreateStudentDataDriven-1-thread-16] ERROR net.thucydides.core.steps.ConsoleLoggingListener - 
           __  _____ _____ ____ _____   _____ _    ___ _     _____ ____  
  _       / / |_   _| ____/ ___|_   _| |  ___/ \  |_ _| |   | ____|  _ \ 
 (_)_____| |    | | |  _| \___ \ | |   | |_ / _ \  | || |   |  _| | | | |
  _|_____| |    | | | |___ ___) || |   |  _/ ___ \ | || |___| |___| |_| |
 (_)     | |    |_| |_____|____/ |_|   |_|/_/   \_\___|_____|_____|____/ 
          \_\                                                            

TEST FAILED WITH ERROR: DataDriven Test for adding multiple students to the application
---------------------------------------------------------------------
[CreateStudentDataDriven-1-thread-16] ERROR net.thucydides.core.steps.ConsoleLoggingListener - TEST FAILED AT STEP POST
[CreateStudentDataDriven-1-thread-16] ERROR net.thucydides.core.steps.ConsoleLoggingListener - 
[CreateStudentDataDriven-1-thread-12] ERROR net.thucydides.core.steps.ConsoleLoggingListener - 
           __  _____ _____ ____ _____   _____ _    ___ _     _____ ____  
  _       / / |_   _| ____/ ___|_   _| |  ___/ \  |_ _| |   | ____|  _ \ 
 (_)_____| |    | | |  _| \___ \ | |   | |_ / _ \  | || |   |  _| | | | |
  _|_____| |    | | | |___ ___) || |   |  _/ ___ \ | || |___| |___| |_| |
 (_)     | |    |_| |_____|____/ |_|   |_|/_/   \_\___|_____|_____|____/ 
          \_\                                                            

TEST FAILED WITH ERROR: DataDriven Test for adding multiple students to the application
---------------------------------------------------------------------
[CreateStudentDataDriven-1-thread-12] ERROR net.thucydides.core.steps.ConsoleLoggingListener - TEST FAILED AT STEP POST
[CreateStudentDataDriven-1-thread-12] ERROR net.thucydides.core.steps.ConsoleLoggingListener - 
[CreateStudentDataDriven-1-thread-3] INFO net.thucydides.core.steps.ConsoleLoggingListener - Test Suite Started: Create student data driven
[CreateStudentDataDriven-1-thread-3] INFO net.thucydides.core.steps.ConsoleLoggingListener - 
 _____ _____ ____ _____   ____ _____  _    ____ _____ _____ ____  
|_   _| ____/ ___|_   _| / ___|_   _|/ \  |  _ \_   _| ____|  _ \ 
  | | |  _| \___ \ | |   \___ \ | | / _ \ | |_) || | |  _| | | | |
  | | | |___ ___) || |    ___) || |/ ___ \|  _ < | | | |___| |_| |
  |_| |_____|____/ |_|   |____/ |_/_/   \_\_| \_\|_| |_____|____/ 
                                                                  

TEST STARTED: createMultipleStudents[57]
-------------------------------------------------------------------
[CreateStudentDataDriven-1-thread-3] INFO net.serenitybdd.core.Serenity - TEST NUMBER: 57
]]></system-err>
  </testcase>
  <testcase name="createMultipleStudents[47] on createMultipleStudents[47](com.studentapp.utils.CreateStudentDataDriven)" classname="com.studentapp.utils.CreateStudentDataDriven" time="0.596">
    <failure message="Connection refused: connect" type="java.net.ConnectException">java.net.ConnectException: Connection refused: connect
	at com.studentapp.utils.CreateStudentDataDriven.createMultipleStudents(CreateStudentDataDriven.java:36)
</failure>
    <system-out><![CDATA[Body:
{
    "id": 0,
    "firstName": "Robinson",
    "lastName": "Adey",
    "email": "radeyc@homestead.com",
    "programme": "Information Science",
    "courses": [
        "C#"
    ]
}
Body:
{
    "id": 0,
    "firstName": "Lowell",
    "lastName": "Pitherick",
    "email": "lpitherick13@addtoany.com",
    "programme": "Information Science",
    "courses": [
        "C#"
    ]
}
Body:
{
    "id": 0,
    "firstName": "Misti",
    "lastName": "Quinnette",
    "email": "mquinnette18@i2i.jp",
    "programme": "Informat",
    "courses": [
        null
    ]
}
Body:
{
    "id": 0,
    "firstName": "Cherice",
    "lastName": "Conibere",
    "email": "cconiberef@foxnews.com",
    "programme": "Information Science",
    "courses": [
        "SCALA"
    ]
}
]]></system-out>
    <system-err><![CDATA[[CreateStudentDataDriven-1-thread-21] INFO net.thucydides.core.steps.ConsoleLoggingListener - Test Suite Started: Create student data driven
[CreateStudentDataDriven-1-thread-21] INFO net.thucydides.core.steps.ConsoleLoggingListener - 
 _____ _____ ____ _____   ____ _____  _    ____ _____ _____ ____  
|_   _| ____/ ___|_   _| / ___|_   _|/ \  |  _ \_   _| ____|  _ \ 
  | | |  _| \___ \ | |   \___ \ | | / _ \ | |_) || | |  _| | | | |
  | | | |___ ___) || |    ___) || |/ ___ \|  _ < | | | |___| |_| |
  |_| |_____|____/ |_|   |____/ |_/_/   \_\_| \_\|_| |_____|____/ 
                                                                  

TEST STARTED: createMultipleStudents[39]
-------------------------------------------------------------------
[CreateStudentDataDriven-1-thread-21] INFO net.serenitybdd.core.Serenity - TEST NUMBER: 58
[CreateStudentDataDriven-1-thread-28] ERROR net.thucydides.core.steps.ConsoleLoggingListener - 
           __  _____ _____ ____ _____   _____ _    ___ _     _____ ____  
  _       / / |_   _| ____/ ___|_   _| |  ___/ \  |_ _| |   | ____|  _ \ 
 (_)_____| |    | | |  _| \___ \ | |   | |_ / _ \  | || |   |  _| | | | |
  _|_____| |    | | | |___ ___) || |   |  _/ ___ \ | || |___| |___| |_| |
 (_)     | |    |_| |_____|____/ |_|   |_|/_/   \_\___|_____|_____|____/ 
          \_\                                                            

TEST FAILED WITH ERROR: DataDriven Test for adding multiple students to the application
---------------------------------------------------------------------
[CreateStudentDataDriven-1-thread-28] ERROR net.thucydides.core.steps.ConsoleLoggingListener - TEST FAILED AT STEP POST
[CreateStudentDataDriven-1-thread-28] ERROR net.thucydides.core.steps.ConsoleLoggingListener - 
[CreateStudentDataDriven-1-thread-31] INFO net.thucydides.core.steps.ConsoleLoggingListener - Test Suite Started: Create student data driven
[CreateStudentDataDriven-1-thread-31] INFO net.thucydides.core.steps.ConsoleLoggingListener - 
 _____ _____ ____ _____   ____ _____  _    ____ _____ _____ ____  
|_   _| ____/ ___|_   _| / ___|_   _|/ \  |  _ \_   _| ____|  _ \ 
  | | |  _| \___ \ | |   \___ \ | | / _ \ | |_) || | |  _| | | | |
  | | | |___ ___) || |    ___) || |/ ___ \|  _ < | | | |___| |_| |
  |_| |_____|____/ |_|   |____/ |_/_/   \_\_| \_\|_| |_____|____/ 
                                                                  

TEST STARTED: createMultipleStudents[60]
-------------------------------------------------------------------
[CreateStudentDataDriven-1-thread-31] INFO net.serenitybdd.core.Serenity - TEST NUMBER: 59
[CreateStudentDataDriven-1-thread-23] ERROR net.thucydides.core.steps.ConsoleLoggingListener - 
           __  _____ _____ ____ _____   _____ _    ___ _     _____ ____  
  _       / / |_   _| ____/ ___|_   _| |  ___/ \  |_ _| |   | ____|  _ \ 
 (_)_____| |    | | |  _| \___ \ | |   | |_ / _ \  | || |   |  _| | | | |
  _|_____| |    | | | |___ ___) || |   |  _/ ___ \ | || |___| |___| |_| |
 (_)     | |    |_| |_____|____/ |_|   |_|/_/   \_\___|_____|_____|____/ 
          \_\                                                            

TEST FAILED WITH ERROR: DataDriven Test for adding multiple students to the application
---------------------------------------------------------------------
[CreateStudentDataDriven-1-thread-23] ERROR net.thucydides.core.steps.ConsoleLoggingListener - TEST FAILED AT STEP POST
[CreateStudentDataDriven-1-thread-23] ERROR net.thucydides.core.steps.ConsoleLoggingListener - 
[CreateStudentDataDriven-1-thread-6] INFO net.thucydides.core.steps.ConsoleLoggingListener - Test Suite Started: Create student data driven
[CreateStudentDataDriven-1-thread-6] INFO net.thucydides.core.steps.ConsoleLoggingListener - 
 _____ _____ ____ _____   ____ _____  _    ____ _____ _____ ____  
|_   _| ____/ ___|_   _| / ___|_   _|/ \  |  _ \_   _| ____|  _ \ 
  | | |  _| \___ \ | |   \___ \ | | / _ \ | |_) || | |  _| | | | |
  | | | |___ ___) || |    ___) || |/ ___ \|  _ < | | | |___| |_| |
  |_| |_____|____/ |_|   |____/ |_/_/   \_\_| \_\|_| |_____|____/ 
                                                                  

TEST STARTED: createMultipleStudents[63]
-------------------------------------------------------------------
[CreateStudentDataDriven-1-thread-6] INFO net.serenitybdd.core.Serenity - TEST NUMBER: 60
[CreateStudentDataDriven-1-thread-15] ERROR net.thucydides.core.steps.ConsoleLoggingListener - 
           __  _____ _____ ____ _____   _____ _    ___ _     _____ ____  
  _       / / |_   _| ____/ ___|_   _| |  ___/ \  |_ _| |   | ____|  _ \ 
 (_)_____| |    | | |  _| \___ \ | |   | |_ / _ \  | || |   |  _| | | | |
  _|_____| |    | | | |___ ___) || |   |  _/ ___ \ | || |___| |___| |_| |
 (_)     | |    |_| |_____|____/ |_|   |_|/_/   \_\___|_____|_____|____/ 
          \_\                                                            

TEST FAILED WITH ERROR: DataDriven Test for adding multiple students to the application
---------------------------------------------------------------------
[CreateStudentDataDriven-1-thread-15] ERROR net.thucydides.core.steps.ConsoleLoggingListener - TEST FAILED AT STEP POST
[CreateStudentDataDriven-1-thread-15] ERROR net.thucydides.core.steps.ConsoleLoggingListener - 
]]></system-err>
  </testcase>
  <testcase name="createMultipleStudents[53] on createMultipleStudents[53](com.studentapp.utils.CreateStudentDataDriven)" classname="com.studentapp.utils.CreateStudentDataDriven" time="0.005">
    <failure message="Connection refused: connect" type="java.net.ConnectException">java.net.ConnectException: Connection refused: connect
	at com.studentapp.utils.CreateStudentDataDriven.createMultipleStudents(CreateStudentDataDriven.java:36)
</failure>
    <system-out><![CDATA[Body:
{
    "id": 0,
    "firstName": "Bax",
    "lastName": "Puttick",
    "email": "bputticki@ihg.com",
    "programme": "Computer Science",
    "courses": [
        "Java"
    ]
}
]]></system-out>
    <system-err><![CDATA[[CreateStudentDataDriven-1-thread-4] INFO net.thucydides.core.steps.ConsoleLoggingListener - Test Suite Started: Create student data driven
[CreateStudentDataDriven-1-thread-4] INFO net.thucydides.core.steps.ConsoleLoggingListener - 
 _____ _____ ____ _____   ____ _____  _    ____ _____ _____ ____  
|_   _| ____/ ___|_   _| / ___|_   _|/ \  |  _ \_   _| ____|  _ \ 
  | | |  _| \___ \ | |   \___ \ | | / _ \ | |_) || | |  _| | | | |
  | | | |___ ___) || |    ___) || |/ ___ \|  _ < | | | |___| |_| |
  |_| |_____|____/ |_|   |____/ |_/_/   \_\_| \_\|_| |_____|____/ 
                                                                  

TEST STARTED: createMultipleStudents[59]
-------------------------------------------------------------------
[CreateStudentDataDriven-1-thread-4] INFO net.serenitybdd.core.Serenity - TEST NUMBER: 61
[CreateStudentDataDriven-1-thread-10] ERROR net.thucydides.core.steps.ConsoleLoggingListener - 
           __  _____ _____ ____ _____   _____ _    ___ _     _____ ____  
  _       / / |_   _| ____/ ___|_   _| |  ___/ \  |_ _| |   | ____|  _ \ 
 (_)_____| |    | | |  _| \___ \ | |   | |_ / _ \  | || |   |  _| | | | |
  _|_____| |    | | | |___ ___) || |   |  _/ ___ \ | || |___| |___| |_| |
 (_)     | |    |_| |_____|____/ |_|   |_|/_/   \_\___|_____|_____|____/ 
          \_\                                                            

TEST FAILED WITH ERROR: DataDriven Test for adding multiple students to the application
---------------------------------------------------------------------
[CreateStudentDataDriven-1-thread-10] ERROR net.thucydides.core.steps.ConsoleLoggingListener - TEST FAILED AT STEP POST
[CreateStudentDataDriven-1-thread-10] ERROR net.thucydides.core.steps.ConsoleLoggingListener - 
]]></system-err>
  </testcase>
  <testcase name="createMultipleStudents[52] on createMultipleStudents[52](com.studentapp.utils.CreateStudentDataDriven)" classname="com.studentapp.utils.CreateStudentDataDriven" time="1.248">
    <failure message="Connection refused: connect" type="java.net.ConnectException">java.net.ConnectException: Connection refused: connect
	at com.studentapp.utils.CreateStudentDataDriven.createMultipleStudents(CreateStudentDataDriven.java:36)
</failure>
    <system-out><![CDATA[Body:
{
    "id": 0,
    "firstName": "Druci",
    "lastName": "Walby",
    "email": "dwalbye@surveymonkey.com",
    "programme": "Information Science",
    "courses": [
        "Java"
    ]
}
Body:
{
    "id": 0,
    "firstName": "Drusilla",
    "lastName": "Burthom",
    "email": "dburthomd@sun.com",
    "programme": "Information Science",
    "courses": [
        "Java"
    ]
}
]]></system-out>
    <system-err><![CDATA[[CreateStudentDataDriven-1-thread-5] INFO net.thucydides.core.steps.ConsoleLoggingListener - Test Suite Started: Create student data driven
[CreateStudentDataDriven-1-thread-5] INFO net.thucydides.core.steps.ConsoleLoggingListener - 
 _____ _____ ____ _____   ____ _____  _    ____ _____ _____ ____  
|_   _| ____/ ___|_   _| / ___|_   _|/ \  |  _ \_   _| ____|  _ \ 
  | | |  _| \___ \ | |   \___ \ | | / _ \ | |_) || | |  _| | | | |
  | | | |___ ___) || |    ___) || |/ ___ \|  _ < | | | |___| |_| |
  |_| |_____|____/ |_|   |____/ |_/_/   \_\_| \_\|_| |_____|____/ 
                                                                  

TEST STARTED: createMultipleStudents[58]
-------------------------------------------------------------------
[CreateStudentDataDriven-1-thread-5] INFO net.serenitybdd.core.Serenity - TEST NUMBER: 62
[CreateStudentDataDriven-1-thread-9] ERROR net.thucydides.core.steps.ConsoleLoggingListener - 
           __  _____ _____ ____ _____   _____ _    ___ _     _____ ____  
  _       / / |_   _| ____/ ___|_   _| |  ___/ \  |_ _| |   | ____|  _ \ 
 (_)_____| |    | | |  _| \___ \ | |   | |_ / _ \  | || |   |  _| | | | |
  _|_____| |    | | | |___ ___) || |   |  _/ ___ \ | || |___| |___| |_| |
 (_)     | |    |_| |_____|____/ |_|   |_|/_/   \_\___|_____|_____|____/ 
          \_\                                                            

TEST FAILED WITH ERROR: DataDriven Test for adding multiple students to the application
---------------------------------------------------------------------
[CreateStudentDataDriven-1-thread-9] ERROR net.thucydides.core.steps.ConsoleLoggingListener - TEST FAILED AT STEP POST
[CreateStudentDataDriven-1-thread-9] ERROR net.thucydides.core.steps.ConsoleLoggingListener - 
[CreateStudentDataDriven-1-thread-2] INFO net.thucydides.core.steps.ConsoleLoggingListener - Test Suite Started: Create student data driven
[CreateStudentDataDriven-1-thread-2] INFO net.thucydides.core.steps.ConsoleLoggingListener - 
 _____ _____ ____ _____   ____ _____  _    ____ _____ _____ ____  
|_   _| ____/ ___|_   _| / ___|_   _|/ \  |  _ \_   _| ____|  _ \ 
  | | |  _| \___ \ | |   \___ \ | | / _ \ | |_) || | |  _| | | | |
  | | | |___ ___) || |    ___) || |/ ___ \|  _ < | | | |___| |_| |
  |_| |_____|____/ |_|   |____/ |_/_/   \_\_| \_\|_| |_____|____/ 
                                                                  

TEST STARTED: createMultipleStudents[61]
-------------------------------------------------------------------
[CreateStudentDataDriven-1-thread-2] INFO net.serenitybdd.core.Serenity - TEST NUMBER: 63
]]></system-err>
  </testcase>
  <testcase name="createMultipleStudents[48] on createMultipleStudents[48](com.studentapp.utils.CreateStudentDataDriven)" classname="com.studentapp.utils.CreateStudentDataDriven" time="1.248">
    <failure message="Connection refused: connect" type="java.net.ConnectException">java.net.ConnectException: Connection refused: connect
	at com.studentapp.utils.CreateStudentDataDriven.createMultipleStudents(CreateStudentDataDriven.java:36)
</failure>
  </testcase>
  <testcase name="createMultipleStudents[55] on createMultipleStudents[55](com.studentapp.utils.CreateStudentDataDriven)" classname="com.studentapp.utils.CreateStudentDataDriven" time="1.935">
    <failure message="Connection refused: connect" type="java.net.ConnectException">java.net.ConnectException: Connection refused: connect
	at com.studentapp.utils.CreateStudentDataDriven.createMultipleStudents(CreateStudentDataDriven.java:36)
</failure>
    <system-out><![CDATA[Body:
{
    "id": 0,
    "firstName": "Eldridge",
    "lastName": "McKeighen",
    "email": "emckeigheng@bizjournals.com",
    "programme": "Computer Science",
    "courses": [
        "SCALA"
    ]
}
]]></system-out>
    <system-err><![CDATA[[CreateStudentDataDriven-1-thread-26] INFO net.thucydides.core.steps.ConsoleLoggingListener - Test Suite Started: Create student data driven
[CreateStudentDataDriven-1-thread-26] INFO net.thucydides.core.steps.ConsoleLoggingListener - 
 _____ _____ ____ _____   ____ _____  _    ____ _____ _____ ____  
|_   _| ____/ ___|_   _| / ___|_   _|/ \  |  _ \_   _| ____|  _ \ 
  | | |  _| \___ \ | |   \___ \ | | / _ \ | |_) || | |  _| | | | |
  | | | |___ ___) || |    ___) || |/ ___ \|  _ < | | | |___| |_| |
  |_| |_____|____/ |_|   |____/ |_/_/   \_\_| \_\|_| |_____|____/ 
                                                                  

TEST STARTED: createMultipleStudents[62]
-------------------------------------------------------------------
[CreateStudentDataDriven-1-thread-26] INFO net.serenitybdd.core.Serenity - TEST NUMBER: 64
]]></system-err>
  </testcase>
  <testcase name="createMultipleStudents[51] on createMultipleStudents[51](com.studentapp.utils.CreateStudentDataDriven)" classname="com.studentapp.utils.CreateStudentDataDriven" time="0.555">
    <failure message="Connection refused: connect" type="java.net.ConnectException">java.net.ConnectException: Connection refused: connect
	at com.studentapp.utils.CreateStudentDataDriven.createMultipleStudents(CreateStudentDataDriven.java:36)
</failure>
    <system-out><![CDATA[Body:
{
    "id": 0,
    "firstName": "Dulcinea",
    "lastName": "Renshell",
    "email": "drenshellh@chron.com",
    "programme": "Computer Science",
    "courses": [
        "C#"
    ]
}
]]></system-out>
    <system-err><![CDATA[[CreateStudentDataDriven-1-thread-16] INFO net.thucydides.core.steps.ConsoleLoggingListener - Test Suite Started: Create student data driven
[CreateStudentDataDriven-1-thread-16] INFO net.thucydides.core.steps.ConsoleLoggingListener - 
 _____ _____ ____ _____   ____ _____  _    ____ _____ _____ ____  
|_   _| ____/ ___|_   _| / ___|_   _|/ \  |  _ \_   _| ____|  _ \ 
  | | |  _| \___ \ | |   \___ \ | | / _ \ | |_) || | |  _| | | | |
  | | | |___ ___) || |    ___) || |/ ___ \|  _ < | | | |___| |_| |
  |_| |_____|____/ |_|   |____/ |_/_/   \_\_| \_\|_| |_____|____/ 
                                                                  

TEST STARTED: createMultipleStudents[71]
-------------------------------------------------------------------
[CreateStudentDataDriven-1-thread-16] INFO net.serenitybdd.core.Serenity - TEST NUMBER: 65
]]></system-err>
  </testcase>
  <testcase name="createMultipleStudents[45] on createMultipleStudents[45](com.studentapp.utils.CreateStudentDataDriven)" classname="com.studentapp.utils.CreateStudentDataDriven" time="0.707">
    <failure message="Connection refused: connect" type="java.net.ConnectException">java.net.ConnectException: Connection refused: connect
	at com.studentapp.utils.CreateStudentDataDriven.createMultipleStudents(CreateStudentDataDriven.java:36)
</failure>
    <system-out><![CDATA[Body:
{
    "id": 0,
    "firstName": "Bob",
    "lastName": "Baxstar",
    "email": "bbaxstark@jimdo.com",
    "programme": "Computer Science",
    "courses": [
        "SCALA"
    ]
}
Body:
{
    "id": 0,
    "firstName": "Eustacia",
    "lastName": "Croom",
    "email": "ecroomm@redcross.org",
    "programme": "Information Science",
    "courses": [
        "C#"
    ]
}
]]></system-out>
    <system-err><![CDATA[[CreateStudentDataDriven-1-thread-27] ERROR net.thucydides.core.steps.ConsoleLoggingListener - 
           __  _____ _____ ____ _____   _____ _    ___ _     _____ ____  
  _       / / |_   _| ____/ ___|_   _| |  ___/ \  |_ _| |   | ____|  _ \ 
 (_)_____| |    | | |  _| \___ \ | |   | |_ / _ \  | || |   |  _| | | | |
  _|_____| |    | | | |___ ___) || |   |  _/ ___ \ | || |___| |___| |_| |
 (_)     | |    |_| |_____|____/ |_|   |_|/_/   \_\___|_____|_____|____/ 
          \_\                                                            

TEST FAILED WITH ERROR: DataDriven Test for adding multiple students to the application
---------------------------------------------------------------------
[CreateStudentDataDriven-1-thread-27] ERROR net.thucydides.core.steps.ConsoleLoggingListener - TEST FAILED AT STEP POST
[CreateStudentDataDriven-1-thread-27] ERROR net.thucydides.core.steps.ConsoleLoggingListener - 
[CreateStudentDataDriven-1-thread-17] INFO net.thucydides.core.steps.ConsoleLoggingListener - Test Suite Started: Create student data driven
[CreateStudentDataDriven-1-thread-17] INFO net.thucydides.core.steps.ConsoleLoggingListener - 
 _____ _____ ____ _____   ____ _____  _    ____ _____ _____ ____  
|_   _| ____/ ___|_   _| / ___|_   _|/ \  |  _ \_   _| ____|  _ \ 
  | | |  _| \___ \ | |   \___ \ | | / _ \ | |_) || | |  _| | | | |
  | | | |___ ___) || |    ___) || |/ ___ \|  _ < | | | |___| |_| |
  |_| |_____|____/ |_|   |____/ |_/_/   \_\_| \_\|_| |_____|____/ 
                                                                  

TEST STARTED: createMultipleStudents[65]
-------------------------------------------------------------------
[CreateStudentDataDriven-1-thread-17] INFO net.serenitybdd.core.Serenity - TEST NUMBER: 66
[CreateStudentDataDriven-1-thread-20] ERROR net.thucydides.core.steps.ConsoleLoggingListener - 
           __  _____ _____ ____ _____   _____ _    ___ _     _____ ____  
  _       / / |_   _| ____/ ___|_   _| |  ___/ \  |_ _| |   | ____|  _ \ 
 (_)_____| |    | | |  _| \___ \ | |   | |_ / _ \  | || |   |  _| | | | |
  _|_____| |    | | | |___ ___) || |   |  _/ ___ \ | || |___| |___| |_| |
 (_)     | |    |_| |_____|____/ |_|   |_|/_/   \_\___|_____|_____|____/ 
          \_\                                                            

TEST FAILED WITH ERROR: DataDriven Test for adding multiple students to the application
---------------------------------------------------------------------
[CreateStudentDataDriven-1-thread-20] ERROR net.thucydides.core.steps.ConsoleLoggingListener - TEST FAILED AT STEP POST
[CreateStudentDataDriven-1-thread-20] ERROR net.thucydides.core.steps.ConsoleLoggingListener - 
[CreateStudentDataDriven-1-thread-14] INFO net.thucydides.core.steps.ConsoleLoggingListener - Test Suite Started: Create student data driven
[CreateStudentDataDriven-1-thread-14] INFO net.thucydides.core.steps.ConsoleLoggingListener - 
 _____ _____ ____ _____   ____ _____  _    ____ _____ _____ ____  
|_   _| ____/ ___|_   _| / ___|_   _|/ \  |  _ \_   _| ____|  _ \ 
  | | |  _| \___ \ | |   \___ \ | | / _ \ | |_) || | |  _| | | | |
  | | | |___ ___) || |    ___) || |/ ___ \|  _ < | | | |___| |_| |
  |_| |_____|____/ |_|   |____/ |_/_/   \_\_| \_\|_| |_____|____/ 
                                                                  

TEST STARTED: createMultipleStudents[67]
-------------------------------------------------------------------
[CreateStudentDataDriven-1-thread-14] INFO net.serenitybdd.core.Serenity - TEST NUMBER: 67
[CreateStudentDataDriven-1-thread-25] INFO net.thucydides.core.steps.ConsoleLoggingListener - Test Suite Started: Create student data driven
[CreateStudentDataDriven-1-thread-25] INFO net.thucydides.core.steps.ConsoleLoggingListener - 
 _____ _____ ____ _____   ____ _____  _    ____ _____ _____ ____  
|_   _| ____/ ___|_   _| / ___|_   _|/ \  |  _ \_   _| ____|  _ \ 
  | | |  _| \___ \ | |   \___ \ | | / _ \ | |_) || | |  _| | | | |
  | | | |___ ___) || |    ___) || |/ ___ \|  _ < | | | |___| |_| |
  |_| |_____|____/ |_|   |____/ |_/_/   \_\_| \_\|_| |_____|____/ 
                                                                  

TEST STARTED: createMultipleStudents[66]
-------------------------------------------------------------------
[CreateStudentDataDriven-1-thread-25] INFO net.serenitybdd.core.Serenity - TEST NUMBER: 68
]]></system-err>
  </testcase>
  <testcase name="createMultipleStudents[59] on createMultipleStudents[59](com.studentapp.utils.CreateStudentDataDriven)" classname="com.studentapp.utils.CreateStudentDataDriven" time="0.902">
    <failure message="Connection refused: connect" type="java.net.ConnectException">java.net.ConnectException: Connection refused: connect
	at com.studentapp.utils.CreateStudentDataDriven.createMultipleStudents(CreateStudentDataDriven.java:36)
</failure>
    <system-out><![CDATA[Body:
{
    "id": 0,
    "firstName": "Asia",
    "lastName": "O'Dee",
    "email": "aodeel@github.com",
    "programme": "Information Science",
    "courses": [
        "SCALA"
    ]
}
]]></system-out>
    <system-err><![CDATA[[CreateStudentDataDriven-1-thread-22] INFO net.thucydides.core.steps.ConsoleLoggingListener - Test Suite Started: Create student data driven
[CreateStudentDataDriven-1-thread-22] INFO net.thucydides.core.steps.ConsoleLoggingListener - 
 _____ _____ ____ _____   ____ _____  _    ____ _____ _____ ____  
|_   _| ____/ ___|_   _| / ___|_   _|/ \  |  _ \_   _| ____|  _ \ 
  | | |  _| \___ \ | |   \___ \ | | / _ \ | |_) || | |  _| | | | |
  | | | |___ ___) || |    ___) || |/ ___ \|  _ < | | | |___| |_| |
  |_| |_____|____/ |_|   |____/ |_/_/   \_\_| \_\|_| |_____|____/ 
                                                                  

TEST STARTED: createMultipleStudents[69]
-------------------------------------------------------------------
[CreateStudentDataDriven-1-thread-22] INFO net.serenitybdd.core.Serenity - TEST NUMBER: 69
]]></system-err>
  </testcase>
  <testcase name="createMultipleStudents[63] on createMultipleStudents[63](com.studentapp.utils.CreateStudentDataDriven)" classname="com.studentapp.utils.CreateStudentDataDriven" time="0.906">
    <failure message="Connection refused: connect" type="java.net.ConnectException">java.net.ConnectException: Connection refused: connect
	at com.studentapp.utils.CreateStudentDataDriven.createMultipleStudents(CreateStudentDataDriven.java:36)
</failure>
    <system-err><![CDATA[[CreateStudentDataDriven-1-thread-29] ERROR net.thucydides.core.steps.ConsoleLoggingListener - 
           __  _____ _____ ____ _____   _____ _    ___ _     _____ ____  
  _       / / |_   _| ____/ ___|_   _| |  ___/ \  |_ _| |   | ____|  _ \ 
 (_)_____| |    | | |  _| \___ \ | |   | |_ / _ \  | || |   |  _| | | | |
  _|_____| |    | | | |___ ___) || |   |  _/ ___ \ | || |___| |___| |_| |
 (_)     | |    |_| |_____|____/ |_|   |_|/_/   \_\___|_____|_____|____/ 
          \_\                                                            

TEST FAILED WITH ERROR: DataDriven Test for adding multiple students to the application
---------------------------------------------------------------------
[CreateStudentDataDriven-1-thread-29] ERROR net.thucydides.core.steps.ConsoleLoggingListener - TEST FAILED AT STEP POST
[CreateStudentDataDriven-1-thread-29] ERROR net.thucydides.core.steps.ConsoleLoggingListener - 
]]></system-err>
  </testcase>
  <testcase name="createMultipleStudents[60] on createMultipleStudents[60](com.studentapp.utils.CreateStudentDataDriven)" classname="com.studentapp.utils.CreateStudentDataDriven" time="0.183">
    <failure message="Connection refused: connect" type="java.net.ConnectException">java.net.ConnectException: Connection refused: connect
	at com.studentapp.utils.CreateStudentDataDriven.createMultipleStudents(CreateStudentDataDriven.java:36)
</failure>
    <system-out><![CDATA[Body:
{
    "id": 0,
    "firstName": "Waring",
    "lastName": "Snowding",
    "email": "wsnowdingo@examiner.com",
    "programme": "Information Science",
    "courses": [
        "C#"
    ]
}
Body:
{
    "id": 0,
    "firstName": "Brit",
    "lastName": "Geraud",
    "email": "bgeraudn@topsy.com",
    "programme": "Computer Science",
    "courses": [
        "SCALA"
    ]
}
]]></system-out>
    <system-err><![CDATA[[CreateStudentDataDriven-1-thread-15] INFO net.thucydides.core.steps.ConsoleLoggingListener - Test Suite Started: Create student data driven
[CreateStudentDataDriven-1-thread-15] INFO net.thucydides.core.steps.ConsoleLoggingListener - 
 _____ _____ ____ _____   ____ _____  _    ____ _____ _____ ____  
|_   _| ____/ ___|_   _| / ___|_   _|/ \  |  _ \_   _| ____|  _ \ 
  | | |  _| \___ \ | |   \___ \ | | / _ \ | |_) || | |  _| | | | |
  | | | |___ ___) || |    ___) || |/ ___ \|  _ < | | | |___| |_| |
  |_| |_____|____/ |_|   |____/ |_/_/   \_\_| \_\|_| |_____|____/ 
                                                                  

TEST STARTED: createMultipleStudents[68]
-------------------------------------------------------------------
[CreateStudentDataDriven-1-thread-15] INFO net.serenitybdd.core.Serenity - TEST NUMBER: 70
[CreateStudentDataDriven-1-thread-7] INFO net.thucydides.core.steps.ConsoleLoggingListener - Test Suite Started: Create student data driven
[CreateStudentDataDriven-1-thread-7] INFO net.thucydides.core.steps.ConsoleLoggingListener - 
 _____ _____ ____ _____   ____ _____  _    ____ _____ _____ ____  
|_   _| ____/ ___|_   _| / ___|_   _|/ \  |  _ \_   _| ____|  _ \ 
  | | |  _| \___ \ | |   \___ \ | | / _ \ | |_) || | |  _| | | | |
  | | | |___ ___) || |    ___) || |/ ___ \|  _ < | | | |___| |_| |
  |_| |_____|____/ |_|   |____/ |_/_/   \_\_| \_\|_| |_____|____/ 
                                                                  

TEST STARTED: createMultipleStudents[70]
-------------------------------------------------------------------
[CreateStudentDataDriven-1-thread-7] INFO net.serenitybdd.core.Serenity - TEST NUMBER: 71
]]></system-err>
  </testcase>
  <testcase name="createMultipleStudents[44] on createMultipleStudents[44](com.studentapp.utils.CreateStudentDataDriven)" classname="com.studentapp.utils.CreateStudentDataDriven" time="0.183">
    <failure message="Connection refused: connect" type="java.net.ConnectException">java.net.ConnectException: Connection refused: connect
	at com.studentapp.utils.CreateStudentDataDriven.createMultipleStudents(CreateStudentDataDriven.java:36)
</failure>
  </testcase>
  <testcase name="createMultipleStudents[39] on createMultipleStudents[39](com.studentapp.utils.CreateStudentDataDriven)" classname="com.studentapp.utils.CreateStudentDataDriven" time="0.183">
    <failure message="Connection refused: connect" type="java.net.ConnectException">java.net.ConnectException: Connection refused: connect
	at com.studentapp.utils.CreateStudentDataDriven.createMultipleStudents(CreateStudentDataDriven.java:36)
</failure>
  </testcase>
  <testcase name="createMultipleStudents[57] on createMultipleStudents[57](com.studentapp.utils.CreateStudentDataDriven)" classname="com.studentapp.utils.CreateStudentDataDriven" time="0.235">
    <failure message="Connection refused: connect" type="java.net.ConnectException">java.net.ConnectException: Connection refused: connect
	at com.studentapp.utils.CreateStudentDataDriven.createMultipleStudents(CreateStudentDataDriven.java:36)
</failure>
    <system-out><![CDATA[Body:
{
    "id": 0,
    "firstName": "Phylys",
    "lastName": "Birkett",
    "email": "pbirkettp@marriott.com",
    "programme": "Computer Science",
    "courses": [
        "C#"
    ]
}
]]></system-out>
    <system-err><![CDATA[[CreateStudentDataDriven-1-thread-23] INFO net.thucydides.core.steps.ConsoleLoggingListener - Test Suite Started: Create student data driven
[CreateStudentDataDriven-1-thread-23] INFO net.thucydides.core.steps.ConsoleLoggingListener - 
 _____ _____ ____ _____   ____ _____  _    ____ _____ _____ ____  
|_   _| ____/ ___|_   _| / ___|_   _|/ \  |  _ \_   _| ____|  _ \ 
  | | |  _| \___ \ | |   \___ \ | | / _ \ | |_) || | |  _| | | | |
  | | | |___ ___) || |    ___) || |/ ___ \|  _ < | | | |___| |_| |
  |_| |_____|____/ |_|   |____/ |_/_/   \_\_| \_\|_| |_____|____/ 
                                                                  

TEST STARTED: createMultipleStudents[64]
-------------------------------------------------------------------
[CreateStudentDataDriven-1-thread-23] INFO net.serenitybdd.core.Serenity - TEST NUMBER: 72
]]></system-err>
  </testcase>
  <testcase name="createMultipleStudents[56] on createMultipleStudents[56](com.studentapp.utils.CreateStudentDataDriven)" classname="com.studentapp.utils.CreateStudentDataDriven" time="0">
    <failure message="Connection refused: connect" type="java.net.ConnectException">java.net.ConnectException: Connection refused: connect
	at com.studentapp.utils.CreateStudentDataDriven.createMultipleStudents(CreateStudentDataDriven.java:36)
</failure>
    <system-out><![CDATA[Body:
{
    "id": 0,
    "firstName": "Julius",
    "lastName": "Harry",
    "email": "jharryq@illinois.edu",
    "programme": "Information Science",
    "courses": [
        "Java"
    ]
}
]]></system-out>
    <system-err><![CDATA[[CreateStudentDataDriven-1-thread-30] ERROR net.thucydides.core.steps.ConsoleLoggingListener - 
           __  _____ _____ ____ _____   _____ _    ___ _     _____ ____  
  _       / / |_   _| ____/ ___|_   _| |  ___/ \  |_ _| |   | ____|  _ \ 
 (_)_____| |    | | |  _| \___ \ | |   | |_ / _ \  | || |   |  _| | | | |
  _|_____| |    | | | |___ ___) || |   |  _/ ___ \ | || |___| |___| |_| |
 (_)     | |    |_| |_____|____/ |_|   |_|/_/   \_\___|_____|_____|____/ 
          \_\                                                            

TEST FAILED WITH ERROR: DataDriven Test for adding multiple students to the application
---------------------------------------------------------------------
[CreateStudentDataDriven-1-thread-30] ERROR net.thucydides.core.steps.ConsoleLoggingListener - TEST FAILED AT STEP POST
[CreateStudentDataDriven-1-thread-30] ERROR net.thucydides.core.steps.ConsoleLoggingListener - 
]]></system-err>
  </testcase>
  <testcase name="createMultipleStudents[61] on createMultipleStudents[61](com.studentapp.utils.CreateStudentDataDriven)" classname="com.studentapp.utils.CreateStudentDataDriven" time="1.03">
    <failure message="Connection refused: connect" type="java.net.ConnectException">java.net.ConnectException: Connection refused: connect
	at com.studentapp.utils.CreateStudentDataDriven.createMultipleStudents(CreateStudentDataDriven.java:36)
</failure>
    <system-out><![CDATA[Body:
{
    "id": 0,
    "firstName": "Rad",
    "lastName": "Trappe",
    "email": "rtrappej@php.net",
    "programme": "Computer Science",
    "courses": [
        "SCALA"
    ]
}
Body:
{
    "id": 0,
    "firstName": "Harriot",
    "lastName": "Duggen",
    "email": "hduggenx@etsy.com",
    "programme": "Computer Science",
    "courses": [
        "Java"
    ]
}
Body:
{
    "id": 0,
    "firstName": "Prissie",
    "lastName": "Ruzic",
    "email": "pruzics@tamu.edu",
    "programme": "Computer Science",
    "courses": [
        "SCALA"
    ]
}
Body:
{
    "id": 0,
    "firstName": "Rhys",
    "lastName": "Carr",
    "email": "rcarrt@creativecommons.org",
    "programme": "Computer Science",
    "courses": [
        "Java"
    ]
}
Body:
{
    "id": 0,
    "firstName": "Maureen",
    "lastName": "Leadbeater",
    "email": "mleadbeateru@hatena.ne.jp",
    "programme": "Information Science",
    "courses": [
        "SCALA"
    ]
}
]]></system-out>
    <system-err><![CDATA[[CreateStudentDataDriven-1-thread-19] ERROR net.thucydides.core.steps.ConsoleLoggingListener - 
           __  _____ _____ ____ _____   _____ _    ___ _     _____ ____  
  _       / / |_   _| ____/ ___|_   _| |  ___/ \  |_ _| |   | ____|  _ \ 
 (_)_____| |    | | |  _| \___ \ | |   | |_ / _ \  | || |   |  _| | | | |
  _|_____| |    | | | |___ ___) || |   |  _/ ___ \ | || |___| |___| |_| |
 (_)     | |    |_| |_____|____/ |_|   |_|/_/   \_\___|_____|_____|____/ 
          \_\                                                            

TEST FAILED WITH ERROR: DataDriven Test for adding multiple students to the application
---------------------------------------------------------------------
[CreateStudentDataDriven-1-thread-19] ERROR net.thucydides.core.steps.ConsoleLoggingListener - TEST FAILED AT STEP POST
[CreateStudentDataDriven-1-thread-19] ERROR net.thucydides.core.steps.ConsoleLoggingListener - 
[CreateStudentDataDriven-1-thread-11] ERROR net.thucydides.core.steps.ConsoleLoggingListener - 
           __  _____ _____ ____ _____   _____ _    ___ _     _____ ____  
  _       / / |_   _| ____/ ___|_   _| |  ___/ \  |_ _| |   | ____|  _ \ 
 (_)_____| |    | | |  _| \___ \ | |   | |_ / _ \  | || |   |  _| | | | |
  _|_____| |    | | | |___ ___) || |   |  _/ ___ \ | || |___| |___| |_| |
 (_)     | |    |_| |_____|____/ |_|   |_|/_/   \_\___|_____|_____|____/ 
          \_\                                                            

TEST FAILED WITH ERROR: DataDriven Test for adding multiple students to the application
---------------------------------------------------------------------
[CreateStudentDataDriven-1-thread-11] ERROR net.thucydides.core.steps.ConsoleLoggingListener - TEST FAILED AT STEP POST
[CreateStudentDataDriven-1-thread-11] ERROR net.thucydides.core.steps.ConsoleLoggingListener - 
[CreateStudentDataDriven-1-thread-8] ERROR net.thucydides.core.steps.ConsoleLoggingListener - 
           __  _____ _____ ____ _____   _____ _    ___ _     _____ ____  
  _       / / |_   _| ____/ ___|_   _| |  ___/ \  |_ _| |   | ____|  _ \ 
 (_)_____| |    | | |  _| \___ \ | |   | |_ / _ \  | || |   |  _| | | | |
  _|_____| |    | | | |___ ___) || |   |  _/ ___ \ | || |___| |___| |_| |
 (_)     | |    |_| |_____|____/ |_|   |_|/_/   \_\___|_____|_____|____/ 
          \_\                                                            

TEST FAILED WITH ERROR: DataDriven Test for adding multiple students to the application
---------------------------------------------------------------------
[CreateStudentDataDriven-1-thread-8] ERROR net.thucydides.core.steps.ConsoleLoggingListener - TEST FAILED AT STEP POST
[CreateStudentDataDriven-1-thread-8] ERROR net.thucydides.core.steps.ConsoleLoggingListener - 
[CreateStudentDataDriven-1-thread-30] INFO net.thucydides.core.steps.ConsoleLoggingListener - Test Suite Started: Create student data driven
[CreateStudentDataDriven-1-thread-30] INFO net.thucydides.core.steps.ConsoleLoggingListener - 
 _____ _____ ____ _____   ____ _____  _    ____ _____ _____ ____  
|_   _| ____/ ___|_   _| / ___|_   _|/ \  |  _ \_   _| ____|  _ \ 
  | | |  _| \___ \ | |   \___ \ | | / _ \ | |_) || | |  _| | | | |
  | | | |___ ___) || |    ___) || |/ ___ \|  _ < | | | |___| |_| |
  |_| |_____|____/ |_|   |____/ |_/_/   \_\_| \_\|_| |_____|____/ 
                                                                  

TEST STARTED: createMultipleStudents[78]
-------------------------------------------------------------------
[CreateStudentDataDriven-1-thread-30] INFO net.serenitybdd.core.Serenity - TEST NUMBER: 73
[CreateStudentDataDriven-1-thread-18] ERROR net.thucydides.core.steps.ConsoleLoggingListener - 
           __  _____ _____ ____ _____   _____ _    ___ _     _____ ____  
  _       / / |_   _| ____/ ___|_   _| |  ___/ \  |_ _| |   | ____|  _ \ 
 (_)_____| |    | | |  _| \___ \ | |   | |_ / _ \  | || |   |  _| | | | |
  _|_____| |    | | | |___ ___) || |   |  _/ ___ \ | || |___| |___| |_| |
 (_)     | |    |_| |_____|____/ |_|   |_|/_/   \_\___|_____|_____|____/ 
          \_\                                                            

TEST FAILED WITH ERROR: DataDriven Test for adding multiple students to the application
---------------------------------------------------------------------
[CreateStudentDataDriven-1-thread-18] ERROR net.thucydides.core.steps.ConsoleLoggingListener - TEST FAILED AT STEP POST
[CreateStudentDataDriven-1-thread-18] ERROR net.thucydides.core.steps.ConsoleLoggingListener - 
[CreateStudentDataDriven-1-thread-28] INFO net.thucydides.core.steps.ConsoleLoggingListener - Test Suite Started: Create student data driven
[CreateStudentDataDriven-1-thread-28] INFO net.thucydides.core.steps.ConsoleLoggingListener - 
 _____ _____ ____ _____   ____ _____  _    ____ _____ _____ ____  
|_   _| ____/ ___|_   _| / ___|_   _|/ \  |  _ \_   _| ____|  _ \ 
  | | |  _| \___ \ | |   \___ \ | | / _ \ | |_) || | |  _| | | | |
  | | | |___ ___) || |    ___) || |/ ___ \|  _ < | | | |___| |_| |
  |_| |_____|____/ |_|   |____/ |_/_/   \_\_| \_\|_| |_____|____/ 
                                                                  

TEST STARTED: createMultipleStudents[73]
-------------------------------------------------------------------
[CreateStudentDataDriven-1-thread-28] INFO net.serenitybdd.core.Serenity - TEST NUMBER: 74
[CreateStudentDataDriven-1-thread-27] INFO net.thucydides.core.steps.ConsoleLoggingListener - Test Suite Started: Create student data driven
[CreateStudentDataDriven-1-thread-27] INFO net.thucydides.core.steps.ConsoleLoggingListener - 
 _____ _____ ____ _____   ____ _____  _    ____ _____ _____ ____  
|_   _| ____/ ___|_   _| / ___|_   _|/ \  |  _ \_   _| ____|  _ \ 
  | | |  _| \___ \ | |   \___ \ | | / _ \ | |_) || | |  _| | | | |
  | | | |___ ___) || |    ___) || |/ ___ \|  _ < | | | |___| |_| |
  |_| |_____|____/ |_|   |____/ |_/_/   \_\_| \_\|_| |_____|____/ 
                                                                  

TEST STARTED: createMultipleStudents[74]
-------------------------------------------------------------------
[CreateStudentDataDriven-1-thread-27] INFO net.serenitybdd.core.Serenity - TEST NUMBER: 75
[CreateStudentDataDriven-1-thread-31] ERROR net.thucydides.core.steps.ConsoleLoggingListener - 
           __  _____ _____ ____ _____   _____ _    ___ _     _____ ____  
  _       / / |_   _| ____/ ___|_   _| |  ___/ \  |_ _| |   | ____|  _ \ 
 (_)_____| |    | | |  _| \___ \ | |   | |_ / _ \  | || |   |  _| | | | |
  _|_____| |    | | | |___ ___) || |   |  _/ ___ \ | || |___| |___| |_| |
 (_)     | |    |_| |_____|____/ |_|   |_|/_/   \_\___|_____|_____|____/ 
          \_\                                                            

TEST FAILED WITH ERROR: DataDriven Test for adding multiple students to the application
---------------------------------------------------------------------
[CreateStudentDataDriven-1-thread-31] ERROR net.thucydides.core.steps.ConsoleLoggingListener - TEST FAILED AT STEP POST
[CreateStudentDataDriven-1-thread-31] ERROR net.thucydides.core.steps.ConsoleLoggingListener - 
[CreateStudentDataDriven-1-thread-10] INFO net.thucydides.core.steps.ConsoleLoggingListener - Test Suite Started: Create student data driven
[CreateStudentDataDriven-1-thread-10] INFO net.thucydides.core.steps.ConsoleLoggingListener - 
 _____ _____ ____ _____   ____ _____  _    ____ _____ _____ ____  
|_   _| ____/ ___|_   _| / ___|_   _|/ \  |  _ \_   _| ____|  _ \ 
  | | |  _| \___ \ | |   \___ \ | | / _ \ | |_) || | |  _| | | | |
  | | | |___ ___) || |    ___) || |/ ___ \|  _ < | | | |___| |_| |
  |_| |_____|____/ |_|   |____/ |_/_/   \_\_| \_\|_| |_____|____/ 
                                                                  

TEST STARTED: createMultipleStudents[75]
-------------------------------------------------------------------
[CreateStudentDataDriven-1-thread-10] INFO net.serenitybdd.core.Serenity - TEST NUMBER: 76
[CreateStudentDataDriven-1-thread-13] ERROR net.thucydides.core.steps.ConsoleLoggingListener - 
           __  _____ _____ ____ _____   _____ _    ___ _     _____ ____  
  _       / / |_   _| ____/ ___|_   _| |  ___/ \  |_ _| |   | ____|  _ \ 
 (_)_____| |    | | |  _| \___ \ | |   | |_ / _ \  | || |   |  _| | | | |
  _|_____| |    | | | |___ ___) || |   |  _/ ___ \ | || |___| |___| |_| |
 (_)     | |    |_| |_____|____/ |_|   |_|/_/   \_\___|_____|_____|____/ 
          \_\                                                            

TEST FAILED WITH ERROR: DataDriven Test for adding multiple students to the application
---------------------------------------------------------------------
[CreateStudentDataDriven-1-thread-13] ERROR net.thucydides.core.steps.ConsoleLoggingListener - TEST FAILED AT STEP POST
[CreateStudentDataDriven-1-thread-13] ERROR net.thucydides.core.steps.ConsoleLoggingListener - 
[CreateStudentDataDriven-1-thread-24] ERROR net.thucydides.core.steps.ConsoleLoggingListener - 
           __  _____ _____ ____ _____   _____ _    ___ _     _____ ____  
  _       / / |_   _| ____/ ___|_   _| |  ___/ \  |_ _| |   | ____|  _ \ 
 (_)_____| |    | | |  _| \___ \ | |   | |_ / _ \  | || |   |  _| | | | |
  _|_____| |    | | | |___ ___) || |   |  _/ ___ \ | || |___| |___| |_| |
 (_)     | |    |_| |_____|____/ |_|   |_|/_/   \_\___|_____|_____|____/ 
          \_\                                                            

TEST FAILED WITH ERROR: DataDriven Test for adding multiple students to the application
---------------------------------------------------------------------
[CreateStudentDataDriven-1-thread-24] ERROR net.thucydides.core.steps.ConsoleLoggingListener - TEST FAILED AT STEP POST
[CreateStudentDataDriven-1-thread-24] ERROR net.thucydides.core.steps.ConsoleLoggingListener - 
[CreateStudentDataDriven-1-thread-6] ERROR net.thucydides.core.steps.ConsoleLoggingListener - 
           __  _____ _____ ____ _____   _____ _    ___ _     _____ ____  
  _       / / |_   _| ____/ ___|_   _| |  ___/ \  |_ _| |   | ____|  _ \ 
 (_)_____| |    | | |  _| \___ \ | |   | |_ / _ \  | || |   |  _| | | | |
  _|_____| |    | | | |___ ___) || |   |  _/ ___ \ | || |___| |___| |_| |
 (_)     | |    |_| |_____|____/ |_|   |_|/_/   \_\___|_____|_____|____/ 
          \_\                                                            

TEST FAILED WITH ERROR: DataDriven Test for adding multiple students to the application
---------------------------------------------------------------------
[CreateStudentDataDriven-1-thread-6] ERROR net.thucydides.core.steps.ConsoleLoggingListener - TEST FAILED AT STEP POST
[CreateStudentDataDriven-1-thread-6] ERROR net.thucydides.core.steps.ConsoleLoggingListener - 
[CreateStudentDataDriven-1-thread-20] INFO net.thucydides.core.steps.ConsoleLoggingListener - Test Suite Started: Create student data driven
[CreateStudentDataDriven-1-thread-20] INFO net.thucydides.core.steps.ConsoleLoggingListener - 
 _____ _____ ____ _____   ____ _____  _    ____ _____ _____ ____  
|_   _| ____/ ___|_   _| / ___|_   _|/ \  |  _ \_   _| ____|  _ \ 
  | | |  _| \___ \ | |   \___ \ | | / _ \ | |_) || | |  _| | | | |
  | | | |___ ___) || |    ___) || |/ ___ \|  _ < | | | |___| |_| |
  |_| |_____|____/ |_|   |____/ |_/_/   \_\_| \_\|_| |_____|____/ 
                                                                  

TEST STARTED: createMultipleStudents[76]
-------------------------------------------------------------------
[CreateStudentDataDriven-1-thread-20] INFO net.serenitybdd.core.Serenity - TEST NUMBER: 77
[CreateStudentDataDriven-1-thread-32] ERROR net.thucydides.core.steps.ConsoleLoggingListener - 
           __  _____ _____ ____ _____   _____ _    ___ _     _____ ____  
  _       / / |_   _| ____/ ___|_   _| |  ___/ \  |_ _| |   | ____|  _ \ 
 (_)_____| |    | | |  _| \___ \ | |   | |_ / _ \  | || |   |  _| | | | |
  _|_____| |    | | | |___ ___) || |   |  _/ ___ \ | || |___| |___| |_| |
 (_)     | |    |_| |_____|____/ |_|   |_|/_/   \_\___|_____|_____|____/ 
          \_\                                                            

TEST FAILED WITH ERROR: DataDriven Test for adding multiple students to the application
---------------------------------------------------------------------
[CreateStudentDataDriven-1-thread-32] ERROR net.thucydides.core.steps.ConsoleLoggingListener - TEST FAILED AT STEP POST
[CreateStudentDataDriven-1-thread-32] ERROR net.thucydides.core.steps.ConsoleLoggingListener - 
[CreateStudentDataDriven-1-thread-1] ERROR net.thucydides.core.steps.ConsoleLoggingListener - 
           __  _____ _____ ____ _____   _____ _    ___ _     _____ ____  
  _       / / |_   _| ____/ ___|_   _| |  ___/ \  |_ _| |   | ____|  _ \ 
 (_)_____| |    | | |  _| \___ \ | |   | |_ / _ \  | || |   |  _| | | | |
  _|_____| |    | | | |___ ___) || |   |  _/ ___ \ | || |___| |___| |_| |
 (_)     | |    |_| |_____|____/ |_|   |_|/_/   \_\___|_____|_____|____/ 
          \_\                                                            

TEST FAILED WITH ERROR: DataDriven Test for adding multiple students to the application
---------------------------------------------------------------------
[CreateStudentDataDriven-1-thread-1] ERROR net.thucydides.core.steps.ConsoleLoggingListener - TEST FAILED AT STEP POST
[CreateStudentDataDriven-1-thread-1] ERROR net.thucydides.core.steps.ConsoleLoggingListener - 
]]></system-err>
  </testcase>
  <testcase name="createMultipleStudents[58] on createMultipleStudents[58](com.studentapp.utils.CreateStudentDataDriven)" classname="com.studentapp.utils.CreateStudentDataDriven" time="1.257">
    <failure message="Connection refused: connect" type="java.net.ConnectException">java.net.ConnectException: Connection refused: connect
	at com.studentapp.utils.CreateStudentDataDriven.createMultipleStudents(CreateStudentDataDriven.java:36)
</failure>
    <system-out><![CDATA[Body:
{
    "id": 0,
    "firstName": "Reggi",
    "lastName": "Wilds",
    "email": "rwildsv@blinklist.com",
    "programme": "Information Science",
    "courses": [
        "C#"
    ]
}
]]></system-out>
    <system-err><![CDATA[[CreateStudentDataDriven-1-thread-3] ERROR net.thucydides.core.steps.ConsoleLoggingListener - 
           __  _____ _____ ____ _____   _____ _    ___ _     _____ ____  
  _       / / |_   _| ____/ ___|_   _| |  ___/ \  |_ _| |   | ____|  _ \ 
 (_)_____| |    | | |  _| \___ \ | |   | |_ / _ \  | || |   |  _| | | | |
  _|_____| |    | | | |___ ___) || |   |  _/ ___ \ | || |___| |___| |_| |
 (_)     | |    |_| |_____|____/ |_|   |_|/_/   \_\___|_____|_____|____/ 
          \_\                                                            

TEST FAILED WITH ERROR: DataDriven Test for adding multiple students to the application
---------------------------------------------------------------------
[CreateStudentDataDriven-1-thread-3] ERROR net.thucydides.core.steps.ConsoleLoggingListener - TEST FAILED AT STEP POST
[CreateStudentDataDriven-1-thread-3] ERROR net.thucydides.core.steps.ConsoleLoggingListener - 
[CreateStudentDataDriven-1-thread-9] INFO net.thucydides.core.steps.ConsoleLoggingListener - Test Suite Started: Create student data driven
[CreateStudentDataDriven-1-thread-9] INFO net.thucydides.core.steps.ConsoleLoggingListener - 
 _____ _____ ____ _____   ____ _____  _    ____ _____ _____ ____  
|_   _| ____/ ___|_   _| / ___|_   _|/ \  |  _ \_   _| ____|  _ \ 
  | | |  _| \___ \ | |   \___ \ | | / _ \ | |_) || | |  _| | | | |
  | | | |___ ___) || |    ___) || |/ ___ \|  _ < | | | |___| |_| |
  |_| |_____|____/ |_|   |____/ |_/_/   \_\_| \_\|_| |_____|____/ 
                                                                  

TEST STARTED: createMultipleStudents[72]
-------------------------------------------------------------------
[CreateStudentDataDriven-1-thread-9] INFO net.serenitybdd.core.Serenity - TEST NUMBER: 78
]]></system-err>
  </testcase>
  <testcase name="createMultipleStudents[62] on createMultipleStudents[62](com.studentapp.utils.CreateStudentDataDriven)" classname="com.studentapp.utils.CreateStudentDataDriven" time="0.211">
    <failure message="Connection refused: connect" type="java.net.ConnectException">java.net.ConnectException: Connection refused: connect
	at com.studentapp.utils.CreateStudentDataDriven.createMultipleStudents(CreateStudentDataDriven.java:36)
</failure>
    <system-out><![CDATA[Body:
{
    "id": 0,
    "firstName": "Gail",
    "lastName": "Rayner",
    "email": "graynerr@google.co.jp",
    "programme": "Computer Science",
    "courses": [
        "C#"
    ]
}
]]></system-out>
    <system-err><![CDATA[[CreateStudentDataDriven-1-thread-12] INFO net.thucydides.core.steps.ConsoleLoggingListener - Test Suite Started: Create student data driven
[CreateStudentDataDriven-1-thread-12] INFO net.thucydides.core.steps.ConsoleLoggingListener - 
 _____ _____ ____ _____   ____ _____  _    ____ _____ _____ ____  
|_   _| ____/ ___|_   _| / ___|_   _|/ \  |  _ \_   _| ____|  _ \ 
  | | |  _| \___ \ | |   \___ \ | | / _ \ | |_) || | |  _| | | | |
  | | | |___ ___) || |    ___) || |/ ___ \|  _ < | | | |___| |_| |
  |_| |_____|____/ |_|   |____/ |_/_/   \_\_| \_\|_| |_____|____/ 
                                                                  

TEST STARTED: createMultipleStudents[77]
-------------------------------------------------------------------
[CreateStudentDataDriven-1-thread-12] INFO net.serenitybdd.core.Serenity - TEST NUMBER: 79
]]></system-err>
  </testcase>
  <testcase name="createMultipleStudents[67] on createMultipleStudents[67](com.studentapp.utils.CreateStudentDataDriven)" classname="com.studentapp.utils.CreateStudentDataDriven" time="0.238">
    <failure message="Connection refused: connect" type="java.net.ConnectException">java.net.ConnectException: Connection refused: connect
	at com.studentapp.utils.CreateStudentDataDriven.createMultipleStudents(CreateStudentDataDriven.java:36)
</failure>
    <system-out><![CDATA[Body:
{
    "id": 0,
    "firstName": "Cornall",
    "lastName": "Stobbes",
    "email": "cstobbesw@stanford.edu",
    "programme": "Information Science",
    "courses": [
        "SCALA"
    ]
}
Body:
{
    "id": 0,
    "firstName": "Birgitta",
    "lastName": "Insull",
    "email": "binsull13@virginia.edu",
    "programme": "Information Science",
    "courses": [
        "C#"
    ]
}
Body:
{
    "id": 0,
    "firstName": "Neile",
    "lastName": "Blasi",
    "email": "nblasi10@sourceforge.net",
    "programme": "Information Science",
    "courses": [
        "SCALA"
    ]
}
Body:
{
    "id": 0,
    "firstName": "Ginger",
    "lastName": "Ronisch",
    "email": "gronischz@creativecommons.org",
    "programme": "Computer Science",
    "courses": [
        "Java"
    ]
}
Body:
{
    "id": 0,
    "firstName": "Netta",
    "lastName": "Wheble",
    "email": "nwhebley@aboutads.info",
    "programme": "Computer Science",
    "courses": [
        "C#"
    ]
}
Body:
{
    "id": 0,
    "firstName": "Concettina",
    "lastName": "McClory",
    "email": "cmcclory18@1688.com",
    "programme": "Information",
    "courses": [
        null
    ]
}
Body:
{
    "id": 0,
    "firstName": "Marius",
    "lastName": "Haggarty",
    "email": "mhaggarty12@bbb.org",
    "programme": "Computer Science",
    "courses": [
        "Java"
    ]
}
]]></system-out>
    <system-err><![CDATA[[CreateStudentDataDriven-1-thread-18] INFO net.thucydides.core.steps.ConsoleLoggingListener - Test Suite Started: Create student data driven
[CreateStudentDataDriven-1-thread-18] INFO net.thucydides.core.steps.ConsoleLoggingListener - 
 _____ _____ ____ _____   ____ _____  _    ____ _____ _____ ____  
|_   _| ____/ ___|_   _| / ___|_   _|/ \  |  _ \_   _| ____|  _ \ 
  | | |  _| \___ \ | |   \___ \ | | / _ \ | |_) || | |  _| | | | |
  | | | |___ ___) || |    ___) || |/ ___ \|  _ < | | | |___| |_| |
  |_| |_____|____/ |_|   |____/ |_/_/   \_\_| \_\|_| |_____|____/ 
                                                                  

TEST STARTED: createMultipleStudents[84]
-------------------------------------------------------------------
[CreateStudentDataDriven-1-thread-18] INFO net.serenitybdd.core.Serenity - TEST NUMBER: 80
[CreateStudentDataDriven-1-thread-21] ERROR net.thucydides.core.steps.ConsoleLoggingListener - 
           __  _____ _____ ____ _____   _____ _    ___ _     _____ ____  
  _       / / |_   _| ____/ ___|_   _| |  ___/ \  |_ _| |   | ____|  _ \ 
 (_)_____| |    | | |  _| \___ \ | |   | |_ / _ \  | || |   |  _| | | | |
  _|_____| |    | | | |___ ___) || |   |  _/ ___ \ | || |___| |___| |_| |
 (_)     | |    |_| |_____|____/ |_|   |_|/_/   \_\___|_____|_____|____/ 
          \_\                                                            

TEST FAILED WITH ERROR: DataDriven Test for adding multiple students to the application
---------------------------------------------------------------------
[CreateStudentDataDriven-1-thread-21] ERROR net.thucydides.core.steps.ConsoleLoggingListener - TEST FAILED AT STEP POST
[CreateStudentDataDriven-1-thread-21] ERROR net.thucydides.core.steps.ConsoleLoggingListener - 
[CreateStudentDataDriven-1-thread-6] INFO net.thucydides.core.steps.ConsoleLoggingListener - Test Suite Started: Create student data driven
[CreateStudentDataDriven-1-thread-6] INFO net.thucydides.core.steps.ConsoleLoggingListener - 
 _____ _____ ____ _____   ____ _____  _    ____ _____ _____ ____  
|_   _| ____/ ___|_   _| / ___|_   _|/ \  |  _ \_   _| ____|  _ \ 
  | | |  _| \___ \ | |   \___ \ | | / _ \ | |_) || | |  _| | | | |
  | | | |___ ___) || |    ___) || |/ ___ \|  _ < | | | |___| |_| |
  |_| |_____|____/ |_|   |____/ |_/_/   \_\_| \_\|_| |_____|____/ 
                                                                  

TEST STARTED: createMultipleStudents[81]
-------------------------------------------------------------------
[CreateStudentDataDriven-1-thread-6] INFO net.serenitybdd.core.Serenity - TEST NUMBER: 81
[CreateStudentDataDriven-1-thread-13] INFO net.thucydides.core.steps.ConsoleLoggingListener - Test Suite Started: Create student data driven
[CreateStudentDataDriven-1-thread-13] INFO net.thucydides.core.steps.ConsoleLoggingListener - 
 _____ _____ ____ _____   ____ _____  _    ____ _____ _____ ____  
|_   _| ____/ ___|_   _| / ___|_   _|/ \  |  _ \_   _| ____|  _ \ 
  | | |  _| \___ \ | |   \___ \ | | / _ \ | |_) || | |  _| | | | |
  | | | |___ ___) || |    ___) || |/ ___ \|  _ < | | | |___| |_| |
  |_| |_____|____/ |_|   |____/ |_/_/   \_\_| \_\|_| |_____|____/ 
                                                                  

TEST STARTED: createMultipleStudents[80]
-------------------------------------------------------------------
[CreateStudentDataDriven-1-thread-13] INFO net.serenitybdd.core.Serenity - TEST NUMBER: 82
[CreateStudentDataDriven-1-thread-2] ERROR net.thucydides.core.steps.ConsoleLoggingListener - 
           __  _____ _____ ____ _____   _____ _    ___ _     _____ ____  
  _       / / |_   _| ____/ ___|_   _| |  ___/ \  |_ _| |   | ____|  _ \ 
 (_)_____| |    | | |  _| \___ \ | |   | |_ / _ \  | || |   |  _| | | | |
  _|_____| |    | | | |___ ___) || |   |  _/ ___ \ | || |___| |___| |_| |
 (_)     | |    |_| |_____|____/ |_|   |_|/_/   \_\___|_____|_____|____/ 
          \_\                                                            

TEST FAILED WITH ERROR: DataDriven Test for adding multiple students to the application
---------------------------------------------------------------------
[CreateStudentDataDriven-1-thread-2] ERROR net.thucydides.core.steps.ConsoleLoggingListener - TEST FAILED AT STEP POST
[CreateStudentDataDriven-1-thread-2] ERROR net.thucydides.core.steps.ConsoleLoggingListener - 
[CreateStudentDataDriven-1-thread-5] ERROR net.thucydides.core.steps.ConsoleLoggingListener - 
           __  _____ _____ ____ _____   _____ _    ___ _     _____ ____  
  _       / / |_   _| ____/ ___|_   _| |  ___/ \  |_ _| |   | ____|  _ \ 
 (_)_____| |    | | |  _| \___ \ | |   | |_ / _ \  | || |   |  _| | | | |
  _|_____| |    | | | |___ ___) || |   |  _/ ___ \ | || |___| |___| |_| |
 (_)     | |    |_| |_____|____/ |_|   |_|/_/   \_\___|_____|_____|____/ 
          \_\                                                            

TEST FAILED WITH ERROR: DataDriven Test for adding multiple students to the application
---------------------------------------------------------------------
[CreateStudentDataDriven-1-thread-5] ERROR net.thucydides.core.steps.ConsoleLoggingListener - TEST FAILED AT STEP POST
[CreateStudentDataDriven-1-thread-5] ERROR net.thucydides.core.steps.ConsoleLoggingListener - 
[CreateStudentDataDriven-1-thread-8] INFO net.thucydides.core.steps.ConsoleLoggingListener - Test Suite Started: Create student data driven
[CreateStudentDataDriven-1-thread-8] INFO net.thucydides.core.steps.ConsoleLoggingListener - 
 _____ _____ ____ _____   ____ _____  _    ____ _____ _____ ____  
|_   _| ____/ ___|_   _| / ___|_   _|/ \  |  _ \_   _| ____|  _ \ 
  | | |  _| \___ \ | |   \___ \ | | / _ \ | |_) || | |  _| | | | |
  | | | |___ ___) || |    ___) || |/ ___ \|  _ < | | | |___| |_| |
  |_| |_____|____/ |_|   |____/ |_/_/   \_\_| \_\|_| |_____|____/ 
                                                                  

TEST STARTED: createMultipleStudents[79]
-------------------------------------------------------------------
[CreateStudentDataDriven-1-thread-8] INFO net.serenitybdd.core.Serenity - TEST NUMBER: 83
[CreateStudentDataDriven-1-thread-26] ERROR net.thucydides.core.steps.ConsoleLoggingListener - 
           __  _____ _____ ____ _____   _____ _    ___ _     _____ ____  
  _       / / |_   _| ____/ ___|_   _| |  ___/ \  |_ _| |   | ____|  _ \ 
 (_)_____| |    | | |  _| \___ \ | |   | |_ / _ \  | || |   |  _| | | | |
  _|_____| |    | | | |___ ___) || |   |  _/ ___ \ | || |___| |___| |_| |
 (_)     | |    |_| |_____|____/ |_|   |_|/_/   \_\___|_____|_____|____/ 
          \_\                                                            

TEST FAILED WITH ERROR: DataDriven Test for adding multiple students to the application
---------------------------------------------------------------------
[CreateStudentDataDriven-1-thread-26] ERROR net.thucydides.core.steps.ConsoleLoggingListener - TEST FAILED AT STEP POST
[CreateStudentDataDriven-1-thread-26] ERROR net.thucydides.core.steps.ConsoleLoggingListener - 
[CreateStudentDataDriven-1-thread-32] INFO net.thucydides.core.steps.ConsoleLoggingListener - Test Suite Started: Create student data driven
[CreateStudentDataDriven-1-thread-32] INFO net.thucydides.core.steps.ConsoleLoggingListener - 
 _____ _____ ____ _____   ____ _____  _    ____ _____ _____ ____  
|_   _| ____/ ___|_   _| / ___|_   _|/ \  |  _ \_   _| ____|  _ \ 
  | | |  _| \___ \ | |   \___ \ | | / _ \ | |_) || | |  _| | | | |
  | | | |___ ___) || |    ___) || |/ ___ \|  _ < | | | |___| |_| |
  |_| |_____|____/ |_|   |____/ |_/_/   \_\_| \_\|_| |_____|____/ 
                                                                  

TEST STARTED: createMultipleStudents[89]
-------------------------------------------------------------------
[CreateStudentDataDriven-1-thread-32] INFO net.serenitybdd.core.Serenity - TEST NUMBER: 84
[CreateStudentDataDriven-1-thread-31] INFO net.thucydides.core.steps.ConsoleLoggingListener - Test Suite Started: Create student data driven
[CreateStudentDataDriven-1-thread-31] INFO net.thucydides.core.steps.ConsoleLoggingListener - 
 _____ _____ ____ _____   ____ _____  _    ____ _____ _____ ____  
|_   _| ____/ ___|_   _| / ___|_   _|/ \  |  _ \_   _| ____|  _ \ 
  | | |  _| \___ \ | |   \___ \ | | / _ \ | |_) || | |  _| | | | |
  | | | |___ ___) || |    ___) || |/ ___ \|  _ < | | | |___| |_| |
  |_| |_____|____/ |_|   |____/ |_/_/   \_\_| \_\|_| |_____|____/ 
                                                                  

TEST STARTED: createMultipleStudents[83]
-------------------------------------------------------------------
[CreateStudentDataDriven-1-thread-31] INFO net.serenitybdd.core.Serenity - TEST NUMBER: 85
[CreateStudentDataDriven-1-thread-29] INFO net.thucydides.core.steps.ConsoleLoggingListener - Test Suite Started: Create student data driven
[CreateStudentDataDriven-1-thread-29] INFO net.thucydides.core.steps.ConsoleLoggingListener - 
 _____ _____ ____ _____   ____ _____  _    ____ _____ _____ ____  
|_   _| ____/ ___|_   _| / ___|_   _|/ \  |  _ \_   _| ____|  _ \ 
  | | |  _| \___ \ | |   \___ \ | | / _ \ | |_) || | |  _| | | | |
  | | | |___ ___) || |    ___) || |/ ___ \|  _ < | | | |___| |_| |
  |_| |_____|____/ |_|   |____/ |_/_/   \_\_| \_\|_| |_____|____/ 
                                                                  

TEST STARTED: createMultipleStudents[82]
-------------------------------------------------------------------
[CreateStudentDataDriven-1-thread-29] INFO net.serenitybdd.core.Serenity - TEST NUMBER: 86
]]></system-err>
  </testcase>
  <testcase name="createMultipleStudents[65] on createMultipleStudents[65](com.studentapp.utils.CreateStudentDataDriven)" classname="com.studentapp.utils.CreateStudentDataDriven" time="0.735">
    <failure message="Connection refused: connect" type="java.net.ConnectException">java.net.ConnectException: Connection refused: connect
	at com.studentapp.utils.CreateStudentDataDriven.createMultipleStudents(CreateStudentDataDriven.java:36)
</failure>
    <system-out><![CDATA[Body:
{
    "id": 0,
    "firstName": "Nev",
    "lastName": "Jann",
    "email": "njann11@tmall.com",
    "programme": "Computer Science",
    "courses": [
        "SCALA"
    ]
}
Body:
{
    "id": 0,
    "firstName": "Lowe",
    "lastName": "Butting",
    "email": "lbutting17@nationalgeographic.com",
    "programme": "Computer Science",
    "courses": [
        "Java"
    ]
}
]]></system-out>
    <system-err><![CDATA[[CreateStudentDataDriven-1-thread-24] INFO net.thucydides.core.steps.ConsoleLoggingListener - Test Suite Started: Create student data driven
[CreateStudentDataDriven-1-thread-24] INFO net.thucydides.core.steps.ConsoleLoggingListener - 
 _____ _____ ____ _____   ____ _____  _    ____ _____ _____ ____  
|_   _| ____/ ___|_   _| / ___|_   _|/ \  |  _ \_   _| ____|  _ \ 
  | | |  _| \___ \ | |   \___ \ | | / _ \ | |_) || | |  _| | | | |
  | | | |___ ___) || |    ___) || |/ ___ \|  _ < | | | |___| |_| |
  |_| |_____|____/ |_|   |____/ |_/_/   \_\_| \_\|_| |_____|____/ 
                                                                  

TEST STARTED: createMultipleStudents[88]
-------------------------------------------------------------------
[CreateStudentDataDriven-1-thread-24] INFO net.serenitybdd.core.Serenity - TEST NUMBER: 87
[CreateStudentDataDriven-1-thread-21] INFO net.thucydides.core.steps.ConsoleLoggingListener - Test Suite Started: Create student data driven
[CreateStudentDataDriven-1-thread-21] INFO net.thucydides.core.steps.ConsoleLoggingListener - 
 _____ _____ ____ _____   ____ _____  _    ____ _____ _____ ____  
|_   _| ____/ ___|_   _| / ___|_   _|/ \  |  _ \_   _| ____|  _ \ 
  | | |  _| \___ \ | |   \___ \ | | / _ \ | |_) || | |  _| | | | |
  | | | |___ ___) || |    ___) || |/ ___ \|  _ < | | | |___| |_| |
  |_| |_____|____/ |_|   |____/ |_/_/   \_\_| \_\|_| |_____|____/ 
                                                                  

TEST STARTED: createMultipleStudents[87]
-------------------------------------------------------------------
[CreateStudentDataDriven-1-thread-21] INFO net.serenitybdd.core.Serenity - TEST NUMBER: 88
]]></system-err>
  </testcase>
  <testcase name="createMultipleStudents[68] on createMultipleStudents[68](com.studentapp.utils.CreateStudentDataDriven)" classname="com.studentapp.utils.CreateStudentDataDriven" time="0.953">
    <failure message="Connection refused: connect" type="java.net.ConnectException">java.net.ConnectException: Connection refused: connect
	at com.studentapp.utils.CreateStudentDataDriven.createMultipleStudents(CreateStudentDataDriven.java:36)
</failure>
    <system-out><![CDATA[Body:
{
    "id": 0,
    "firstName": "Golda",
    "lastName": "MacCoughan",
    "email": "gmaccoughan16@illinois.edu",
    "programme": "Computer Science",
    "courses": [
        "SCALA"
    ]
}
]]></system-out>
    <system-err><![CDATA[[CreateStudentDataDriven-1-thread-1] INFO net.thucydides.core.steps.ConsoleLoggingListener - Test Suite Started: Create student data driven
[CreateStudentDataDriven-1-thread-1] INFO net.thucydides.core.steps.ConsoleLoggingListener - 
 _____ _____ ____ _____   ____ _____  _    ____ _____ _____ ____  
|_   _| ____/ ___|_   _| / ___|_   _|/ \  |  _ \_   _| ____|  _ \ 
  | | |  _| \___ \ | |   \___ \ | | / _ \ | |_) || | |  _| | | | |
  | | | |___ ___) || |    ___) || |/ ___ \|  _ < | | | |___| |_| |
  |_| |_____|____/ |_|   |____/ |_/_/   \_\_| \_\|_| |_____|____/ 
                                                                  

TEST STARTED: createMultipleStudents[86]
-------------------------------------------------------------------
[CreateStudentDataDriven-1-thread-1] INFO net.serenitybdd.core.Serenity - TEST NUMBER: 89
]]></system-err>
  </testcase>
  <testcase name="createMultipleStudents[69] on createMultipleStudents[69](com.studentapp.utils.CreateStudentDataDriven)" classname="com.studentapp.utils.CreateStudentDataDriven" time="0.953">
    <failure message="Connection refused: connect" type="java.net.ConnectException">java.net.ConnectException: Connection refused: connect
	at com.studentapp.utils.CreateStudentDataDriven.createMultipleStudents(CreateStudentDataDriven.java:36)
</failure>
  </testcase>
  <testcase name="createMultipleStudents[66] on createMultipleStudents[66](com.studentapp.utils.CreateStudentDataDriven)" classname="com.studentapp.utils.CreateStudentDataDriven" time="0.953">
    <failure message="Connection refused: connect" type="java.net.ConnectException">java.net.ConnectException: Connection refused: connect
	at com.studentapp.utils.CreateStudentDataDriven.createMultipleStudents(CreateStudentDataDriven.java:36)
</failure>
  </testcase>
  <testcase name="createMultipleStudents[70] on createMultipleStudents[70](com.studentapp.utils.CreateStudentDataDriven)" classname="com.studentapp.utils.CreateStudentDataDriven" time="1.246">
    <failure message="Connection refused: connect" type="java.net.ConnectException">java.net.ConnectException: Connection refused: connect
	at com.studentapp.utils.CreateStudentDataDriven.createMultipleStudents(CreateStudentDataDriven.java:36)
</failure>
    <system-out><![CDATA[Body:
{
    "id": 0,
    "firstName": "Daniel",
    "lastName": "Bartlet",
    "email": "dbartlet15@irs.gov",
    "programme": "Information Science",
    "courses": [
        "SCALA"
    ]
}
]]></system-out>
    <system-err><![CDATA[[CreateStudentDataDriven-1-thread-4] ERROR net.thucydides.core.steps.ConsoleLoggingListener - 
           __  _____ _____ ____ _____   _____ _    ___ _     _____ ____  
  _       / / |_   _| ____/ ___|_   _| |  ___/ \  |_ _| |   | ____|  _ \ 
 (_)_____| |    | | |  _| \___ \ | |   | |_ / _ \  | || |   |  _| | | | |
  _|_____| |    | | | |___ ___) || |   |  _/ ___ \ | || |___| |___| |_| |
 (_)     | |    |_| |_____|____/ |_|   |_|/_/   \_\___|_____|_____|____/ 
          \_\                                                            

TEST FAILED WITH ERROR: DataDriven Test for adding multiple students to the application
---------------------------------------------------------------------
[CreateStudentDataDriven-1-thread-4] ERROR net.thucydides.core.steps.ConsoleLoggingListener - TEST FAILED AT STEP POST
[CreateStudentDataDriven-1-thread-4] ERROR net.thucydides.core.steps.ConsoleLoggingListener - 
[CreateStudentDataDriven-1-thread-25] ERROR net.thucydides.core.steps.ConsoleLoggingListener - 
           __  _____ _____ ____ _____   _____ _    ___ _     _____ ____  
  _       / / |_   _| ____/ ___|_   _| |  ___/ \  |_ _| |   | ____|  _ \ 
 (_)_____| |    | | |  _| \___ \ | |   | |_ / _ \  | || |   |  _| | | | |
  _|_____| |    | | | |___ ___) || |   |  _/ ___ \ | || |___| |___| |_| |
 (_)     | |    |_| |_____|____/ |_|   |_|/_/   \_\___|_____|_____|____/ 
          \_\                                                            

TEST FAILED WITH ERROR: DataDriven Test for adding multiple students to the application
---------------------------------------------------------------------
[CreateStudentDataDriven-1-thread-25] ERROR net.thucydides.core.steps.ConsoleLoggingListener - TEST FAILED AT STEP POST
[CreateStudentDataDriven-1-thread-25] ERROR net.thucydides.core.steps.ConsoleLoggingListener - 
[CreateStudentDataDriven-1-thread-14] ERROR net.thucydides.core.steps.ConsoleLoggingListener - 
           __  _____ _____ ____ _____   _____ _    ___ _     _____ ____  
  _       / / |_   _| ____/ ___|_   _| |  ___/ \  |_ _| |   | ____|  _ \ 
 (_)_____| |    | | |  _| \___ \ | |   | |_ / _ \  | || |   |  _| | | | |
  _|_____| |    | | | |___ ___) || |   |  _/ ___ \ | || |___| |___| |_| |
 (_)     | |    |_| |_____|____/ |_|   |_|/_/   \_\___|_____|_____|____/ 
          \_\                                                            

TEST FAILED WITH ERROR: DataDriven Test for adding multiple students to the application
---------------------------------------------------------------------
[CreateStudentDataDriven-1-thread-14] ERROR net.thucydides.core.steps.ConsoleLoggingListener - TEST FAILED AT STEP POST
[CreateStudentDataDriven-1-thread-14] ERROR net.thucydides.core.steps.ConsoleLoggingListener - 
[CreateStudentDataDriven-1-thread-22] ERROR net.thucydides.core.steps.ConsoleLoggingListener - 
           __  _____ _____ ____ _____   _____ _    ___ _     _____ ____  
  _       / / |_   _| ____/ ___|_   _| |  ___/ \  |_ _| |   | ____|  _ \ 
 (_)_____| |    | | |  _| \___ \ | |   | |_ / _ \  | || |   |  _| | | | |
  _|_____| |    | | | |___ ___) || |   |  _/ ___ \ | || |___| |___| |_| |
 (_)     | |    |_| |_____|____/ |_|   |_|/_/   \_\___|_____|_____|____/ 
          \_\                                                            

TEST FAILED WITH ERROR: DataDriven Test for adding multiple students to the application
---------------------------------------------------------------------
[CreateStudentDataDriven-1-thread-22] ERROR net.thucydides.core.steps.ConsoleLoggingListener - TEST FAILED AT STEP POST
[CreateStudentDataDriven-1-thread-22] ERROR net.thucydides.core.steps.ConsoleLoggingListener - 
[CreateStudentDataDriven-1-thread-19] INFO net.thucydides.core.steps.ConsoleLoggingListener - Test Suite Started: Create student data driven
[CreateStudentDataDriven-1-thread-19] INFO net.thucydides.core.steps.ConsoleLoggingListener - 
 _____ _____ ____ _____   ____ _____  _    ____ _____ _____ ____  
|_   _| ____/ ___|_   _| / ___|_   _|/ \  |  _ \_   _| ____|  _ \ 
  | | |  _| \___ \ | |   \___ \ | | / _ \ | |_) || | |  _| | | | |
  | | | |___ ___) || |    ___) || |/ ___ \|  _ < | | | |___| |_| |
  |_| |_____|____/ |_|   |____/ |_/_/   \_\_| \_\|_| |_____|____/ 
                                                                  

TEST STARTED: createMultipleStudents[85]
-------------------------------------------------------------------
[CreateStudentDataDriven-1-thread-19] INFO net.serenitybdd.core.Serenity - TEST NUMBER: 90
]]></system-err>
  </testcase>
  <testcase name="createMultipleStudents[71] on createMultipleStudents[71](com.studentapp.utils.CreateStudentDataDriven)" classname="com.studentapp.utils.CreateStudentDataDriven" time="1.253">
    <failure message="Connection refused: connect" type="java.net.ConnectException">java.net.ConnectException: Connection refused: connect
	at com.studentapp.utils.CreateStudentDataDriven.createMultipleStudents(CreateStudentDataDriven.java:36)
</failure>
    <system-out><![CDATA[Body:
{
    "id": 0,
    "firstName": "Allard",
    "lastName": "Mayger",
    "email": "amayger14@bbb.org",
    "programme": "Information Science",
    "courses": [
        "SCALA"
    ]
}
]]></system-out>
    <system-err><![CDATA[[CreateStudentDataDriven-1-thread-17] ERROR net.thucydides.core.steps.ConsoleLoggingListener - 
           __  _____ _____ ____ _____   _____ _    ___ _     _____ ____  
  _       / / |_   _| ____/ ___|_   _| |  ___/ \  |_ _| |   | ____|  _ \ 
 (_)_____| |    | | |  _| \___ \ | |   | |_ / _ \  | || |   |  _| | | | |
  _|_____| |    | | | |___ ___) || |   |  _/ ___ \ | || |___| |___| |_| |
 (_)     | |    |_| |_____|____/ |_|   |_|/_/   \_\___|_____|_____|____/ 
          \_\                                                            

TEST FAILED WITH ERROR: DataDriven Test for adding multiple students to the application
---------------------------------------------------------------------
[CreateStudentDataDriven-1-thread-17] ERROR net.thucydides.core.steps.ConsoleLoggingListener - TEST FAILED AT STEP POST
[CreateStudentDataDriven-1-thread-17] ERROR net.thucydides.core.steps.ConsoleLoggingListener - 
[CreateStudentDataDriven-1-thread-7] ERROR net.thucydides.core.steps.ConsoleLoggingListener - 
           __  _____ _____ ____ _____   _____ _    ___ _     _____ ____  
  _       / / |_   _| ____/ ___|_   _| |  ___/ \  |_ _| |   | ____|  _ \ 
 (_)_____| |    | | |  _| \___ \ | |   | |_ / _ \  | || |   |  _| | | | |
  _|_____| |    | | | |___ ___) || |   |  _/ ___ \ | || |___| |___| |_| |
 (_)     | |    |_| |_____|____/ |_|   |_|/_/   \_\___|_____|_____|____/ 
          \_\                                                            

TEST FAILED WITH ERROR: DataDriven Test for adding multiple students to the application
---------------------------------------------------------------------
[CreateStudentDataDriven-1-thread-7] ERROR net.thucydides.core.steps.ConsoleLoggingListener - TEST FAILED AT STEP POST
[CreateStudentDataDriven-1-thread-7] ERROR net.thucydides.core.steps.ConsoleLoggingListener - 
]]></system-err>
  </testcase>
  <testcase name="createMultipleStudents[64] on createMultipleStudents[64](com.studentapp.utils.CreateStudentDataDriven)" classname="com.studentapp.utils.CreateStudentDataDriven" time="1.259">
    <failure message="Connection refused: connect" type="java.net.ConnectException">java.net.ConnectException: Connection refused: connect
	at com.studentapp.utils.CreateStudentDataDriven.createMultipleStudents(CreateStudentDataDriven.java:36)
</failure>
    <system-err><![CDATA[[CreateStudentDataDriven-1-thread-16] ERROR net.thucydides.core.steps.ConsoleLoggingListener - 
           __  _____ _____ ____ _____   _____ _    ___ _     _____ ____  
  _       / / |_   _| ____/ ___|_   _| |  ___/ \  |_ _| |   | ____|  _ \ 
 (_)_____| |    | | |  _| \___ \ | |   | |_ / _ \  | || |   |  _| | | | |
  _|_____| |    | | | |___ ___) || |   |  _/ ___ \ | || |___| |___| |_| |
 (_)     | |    |_| |_____|____/ |_|   |_|/_/   \_\___|_____|_____|____/ 
          \_\                                                            

TEST FAILED WITH ERROR: DataDriven Test for adding multiple students to the application
---------------------------------------------------------------------
[CreateStudentDataDriven-1-thread-16] ERROR net.thucydides.core.steps.ConsoleLoggingListener - TEST FAILED AT STEP POST
[CreateStudentDataDriven-1-thread-16] ERROR net.thucydides.core.steps.ConsoleLoggingListener - 
[CreateStudentDataDriven-1-thread-15] ERROR net.thucydides.core.steps.ConsoleLoggingListener - 
           __  _____ _____ ____ _____   _____ _    ___ _     _____ ____  
  _       / / |_   _| ____/ ___|_   _| |  ___/ \  |_ _| |   | ____|  _ \ 
 (_)_____| |    | | |  _| \___ \ | |   | |_ / _ \  | || |   |  _| | | | |
  _|_____| |    | | | |___ ___) || |   |  _/ ___ \ | || |___| |___| |_| |
 (_)     | |    |_| |_____|____/ |_|   |_|/_/   \_\___|_____|_____|____/ 
          \_\                                                            

TEST FAILED WITH ERROR: DataDriven Test for adding multiple students to the application
---------------------------------------------------------------------
[CreateStudentDataDriven-1-thread-15] ERROR net.thucydides.core.steps.ConsoleLoggingListener - TEST FAILED AT STEP POST
[CreateStudentDataDriven-1-thread-15] ERROR net.thucydides.core.steps.ConsoleLoggingListener - 
]]></system-err>
  </testcase>
  <testcase name="createMultipleStudents[78] on createMultipleStudents[78](com.studentapp.utils.CreateStudentDataDriven)" classname="com.studentapp.utils.CreateStudentDataDriven" time="1.454">
    <failure message="Connection refused: connect" type="java.net.ConnectException">java.net.ConnectException: Connection refused: connect
	at com.studentapp.utils.CreateStudentDataDriven.createMultipleStudents(CreateStudentDataDriven.java:36)
</failure>
    <system-err><![CDATA[[CreateStudentDataDriven-1-thread-23] ERROR net.thucydides.core.steps.ConsoleLoggingListener - 
           __  _____ _____ ____ _____   _____ _    ___ _     _____ ____  
  _       / / |_   _| ____/ ___|_   _| |  ___/ \  |_ _| |   | ____|  _ \ 
 (_)_____| |    | | |  _| \___ \ | |   | |_ / _ \  | || |   |  _| | | | |
  _|_____| |    | | | |___ ___) || |   |  _/ ___ \ | || |___| |___| |_| |
 (_)     | |    |_| |_____|____/ |_|   |_|/_/   \_\___|_____|_____|____/ 
          \_\                                                            

TEST FAILED WITH ERROR: DataDriven Test for adding multiple students to the application
---------------------------------------------------------------------
[CreateStudentDataDriven-1-thread-23] ERROR net.thucydides.core.steps.ConsoleLoggingListener - TEST FAILED AT STEP POST
[CreateStudentDataDriven-1-thread-23] ERROR net.thucydides.core.steps.ConsoleLoggingListener - 
]]></system-err>
  </testcase>
  <testcase name="createMultipleStudents[73] on createMultipleStudents[73](com.studentapp.utils.CreateStudentDataDriven)" classname="com.studentapp.utils.CreateStudentDataDriven" time="1.682">
    <failure message="Connection refused: connect" type="java.net.ConnectException">java.net.ConnectException: Connection refused: connect
	at com.studentapp.utils.CreateStudentDataDriven.createMultipleStudents(CreateStudentDataDriven.java:36)
</failure>
    <system-err><![CDATA[[CreateStudentDataDriven-1-thread-30] ERROR net.thucydides.core.steps.ConsoleLoggingListener - 
           __  _____ _____ ____ _____   _____ _    ___ _     _____ ____  
  _       / / |_   _| ____/ ___|_   _| |  ___/ \  |_ _| |   | ____|  _ \ 
 (_)_____| |    | | |  _| \___ \ | |   | |_ / _ \  | || |   |  _| | | | |
  _|_____| |    | | | |___ ___) || |   |  _/ ___ \ | || |___| |___| |_| |
 (_)     | |    |_| |_____|____/ |_|   |_|/_/   \_\___|_____|_____|____/ 
          \_\                                                            

TEST FAILED WITH ERROR: DataDriven Test for adding multiple students to the application
---------------------------------------------------------------------
[CreateStudentDataDriven-1-thread-30] ERROR net.thucydides.core.steps.ConsoleLoggingListener - TEST FAILED AT STEP POST
[CreateStudentDataDriven-1-thread-30] ERROR net.thucydides.core.steps.ConsoleLoggingListener - 
]]></system-err>
  </testcase>
  <testcase name="createMultipleStudents[74] on createMultipleStudents[74](com.studentapp.utils.CreateStudentDataDriven)" classname="com.studentapp.utils.CreateStudentDataDriven" time="1.885">
    <failure message="Connection refused: connect" type="java.net.ConnectException">java.net.ConnectException: Connection refused: connect
	at com.studentapp.utils.CreateStudentDataDriven.createMultipleStudents(CreateStudentDataDriven.java:36)
</failure>
    <system-err><![CDATA[[CreateStudentDataDriven-1-thread-28] ERROR net.thucydides.core.steps.ConsoleLoggingListener - 
           __  _____ _____ ____ _____   _____ _    ___ _     _____ ____  
  _       / / |_   _| ____/ ___|_   _| |  ___/ \  |_ _| |   | ____|  _ \ 
 (_)_____| |    | | |  _| \___ \ | |   | |_ / _ \  | || |   |  _| | | | |
  _|_____| |    | | | |___ ___) || |   |  _/ ___ \ | || |___| |___| |_| |
 (_)     | |    |_| |_____|____/ |_|   |_|/_/   \_\___|_____|_____|____/ 
          \_\                                                            

TEST FAILED WITH ERROR: DataDriven Test for adding multiple students to the application
---------------------------------------------------------------------
[CreateStudentDataDriven-1-thread-28] ERROR net.thucydides.core.steps.ConsoleLoggingListener - TEST FAILED AT STEP POST
[CreateStudentDataDriven-1-thread-28] ERROR net.thucydides.core.steps.ConsoleLoggingListener - 
]]></system-err>
  </testcase>
  <testcase name="createMultipleStudents[75] on createMultipleStudents[75](com.studentapp.utils.CreateStudentDataDriven)" classname="com.studentapp.utils.CreateStudentDataDriven" time="2.117">
    <failure message="Connection refused: connect" type="java.net.ConnectException">java.net.ConnectException: Connection refused: connect
	at com.studentapp.utils.CreateStudentDataDriven.createMultipleStudents(CreateStudentDataDriven.java:36)
</failure>
    <system-err><![CDATA[[CreateStudentDataDriven-1-thread-27] ERROR net.thucydides.core.steps.ConsoleLoggingListener - 
           __  _____ _____ ____ _____   _____ _    ___ _     _____ ____  
  _       / / |_   _| ____/ ___|_   _| |  ___/ \  |_ _| |   | ____|  _ \ 
 (_)_____| |    | | |  _| \___ \ | |   | |_ / _ \  | || |   |  _| | | | |
  _|_____| |    | | | |___ ___) || |   |  _/ ___ \ | || |___| |___| |_| |
 (_)     | |    |_| |_____|____/ |_|   |_|/_/   \_\___|_____|_____|____/ 
          \_\                                                            

TEST FAILED WITH ERROR: DataDriven Test for adding multiple students to the application
---------------------------------------------------------------------
[CreateStudentDataDriven-1-thread-27] ERROR net.thucydides.core.steps.ConsoleLoggingListener - TEST FAILED AT STEP POST
[CreateStudentDataDriven-1-thread-27] ERROR net.thucydides.core.steps.ConsoleLoggingListener - 
]]></system-err>
  </testcase>
  <testcase name="createMultipleStudents[76] on createMultipleStudents[76](com.studentapp.utils.CreateStudentDataDriven)" classname="com.studentapp.utils.CreateStudentDataDriven" time="2.289">
    <failure message="Connection refused: connect" type="java.net.ConnectException">java.net.ConnectException: Connection refused: connect
	at com.studentapp.utils.CreateStudentDataDriven.createMultipleStudents(CreateStudentDataDriven.java:36)
</failure>
    <system-err><![CDATA[[CreateStudentDataDriven-1-thread-10] ERROR net.thucydides.core.steps.ConsoleLoggingListener - 
           __  _____ _____ ____ _____   _____ _    ___ _     _____ ____  
  _       / / |_   _| ____/ ___|_   _| |  ___/ \  |_ _| |   | ____|  _ \ 
 (_)_____| |    | | |  _| \___ \ | |   | |_ / _ \  | || |   |  _| | | | |
  _|_____| |    | | | |___ ___) || |   |  _/ ___ \ | || |___| |___| |_| |
 (_)     | |    |_| |_____|____/ |_|   |_|/_/   \_\___|_____|_____|____/ 
          \_\                                                            

TEST FAILED WITH ERROR: DataDriven Test for adding multiple students to the application
---------------------------------------------------------------------
[CreateStudentDataDriven-1-thread-10] ERROR net.thucydides.core.steps.ConsoleLoggingListener - TEST FAILED AT STEP POST
[CreateStudentDataDriven-1-thread-10] ERROR net.thucydides.core.steps.ConsoleLoggingListener - 
]]></system-err>
  </testcase>
  <testcase name="createMultipleStudents[72] on createMultipleStudents[72](com.studentapp.utils.CreateStudentDataDriven)" classname="com.studentapp.utils.CreateStudentDataDriven" time="2.523">
    <failure message="Connection refused: connect" type="java.net.ConnectException">java.net.ConnectException: Connection refused: connect
	at com.studentapp.utils.CreateStudentDataDriven.createMultipleStudents(CreateStudentDataDriven.java:36)
</failure>
    <system-err><![CDATA[[CreateStudentDataDriven-1-thread-20] ERROR net.thucydides.core.steps.ConsoleLoggingListener - 
           __  _____ _____ ____ _____   _____ _    ___ _     _____ ____  
  _       / / |_   _| ____/ ___|_   _| |  ___/ \  |_ _| |   | ____|  _ \ 
 (_)_____| |    | | |  _| \___ \ | |   | |_ / _ \  | || |   |  _| | | | |
  _|_____| |    | | | |___ ___) || |   |  _/ ___ \ | || |___| |___| |_| |
 (_)     | |    |_| |_____|____/ |_|   |_|/_/   \_\___|_____|_____|____/ 
          \_\                                                            

TEST FAILED WITH ERROR: DataDriven Test for adding multiple students to the application
---------------------------------------------------------------------
[CreateStudentDataDriven-1-thread-20] ERROR net.thucydides.core.steps.ConsoleLoggingListener - TEST FAILED AT STEP POST
[CreateStudentDataDriven-1-thread-20] ERROR net.thucydides.core.steps.ConsoleLoggingListener - 
]]></system-err>
  </testcase>
  <testcase name="createMultipleStudents[77] on createMultipleStudents[77](com.studentapp.utils.CreateStudentDataDriven)" classname="com.studentapp.utils.CreateStudentDataDriven" time="2.742">
    <failure message="Connection refused: connect" type="java.net.ConnectException">java.net.ConnectException: Connection refused: connect
	at com.studentapp.utils.CreateStudentDataDriven.createMultipleStudents(CreateStudentDataDriven.java:36)
</failure>
    <system-err><![CDATA[[CreateStudentDataDriven-1-thread-9] ERROR net.thucydides.core.steps.ConsoleLoggingListener - 
           __  _____ _____ ____ _____   _____ _    ___ _     _____ ____  
  _       / / |_   _| ____/ ___|_   _| |  ___/ \  |_ _| |   | ____|  _ \ 
 (_)_____| |    | | |  _| \___ \ | |   | |_ / _ \  | || |   |  _| | | | |
  _|_____| |    | | | |___ ___) || |   |  _/ ___ \ | || |___| |___| |_| |
 (_)     | |    |_| |_____|____/ |_|   |_|/_/   \_\___|_____|_____|____/ 
          \_\                                                            

TEST FAILED WITH ERROR: DataDriven Test for adding multiple students to the application
---------------------------------------------------------------------
[CreateStudentDataDriven-1-thread-9] ERROR net.thucydides.core.steps.ConsoleLoggingListener - TEST FAILED AT STEP POST
[CreateStudentDataDriven-1-thread-9] ERROR net.thucydides.core.steps.ConsoleLoggingListener - 
]]></system-err>
  </testcase>
  <testcase name="createMultipleStudents[84] on createMultipleStudents[84](com.studentapp.utils.CreateStudentDataDriven)" classname="com.studentapp.utils.CreateStudentDataDriven" time="2.959">
    <failure message="Connection refused: connect" type="java.net.ConnectException">java.net.ConnectException: Connection refused: connect
	at com.studentapp.utils.CreateStudentDataDriven.createMultipleStudents(CreateStudentDataDriven.java:36)
</failure>
    <system-err><![CDATA[[CreateStudentDataDriven-1-thread-12] ERROR net.thucydides.core.steps.ConsoleLoggingListener - 
           __  _____ _____ ____ _____   _____ _    ___ _     _____ ____  
  _       / / |_   _| ____/ ___|_   _| |  ___/ \  |_ _| |   | ____|  _ \ 
 (_)_____| |    | | |  _| \___ \ | |   | |_ / _ \  | || |   |  _| | | | |
  _|_____| |    | | | |___ ___) || |   |  _/ ___ \ | || |___| |___| |_| |
 (_)     | |    |_| |_____|____/ |_|   |_|/_/   \_\___|_____|_____|____/ 
          \_\                                                            

TEST FAILED WITH ERROR: DataDriven Test for adding multiple students to the application
---------------------------------------------------------------------
[CreateStudentDataDriven-1-thread-12] ERROR net.thucydides.core.steps.ConsoleLoggingListener - TEST FAILED AT STEP POST
[CreateStudentDataDriven-1-thread-12] ERROR net.thucydides.core.steps.ConsoleLoggingListener - 
]]></system-err>
  </testcase>
  <testcase name="createMultipleStudents[81] on createMultipleStudents[81](com.studentapp.utils.CreateStudentDataDriven)" classname="com.studentapp.utils.CreateStudentDataDriven" time="3.175">
    <failure message="Connection refused: connect" type="java.net.ConnectException">java.net.ConnectException: Connection refused: connect
	at com.studentapp.utils.CreateStudentDataDriven.createMultipleStudents(CreateStudentDataDriven.java:36)
</failure>
    <system-err><![CDATA[[CreateStudentDataDriven-1-thread-18] ERROR net.thucydides.core.steps.ConsoleLoggingListener - 
           __  _____ _____ ____ _____   _____ _    ___ _     _____ ____  
  _       / / |_   _| ____/ ___|_   _| |  ___/ \  |_ _| |   | ____|  _ \ 
 (_)_____| |    | | |  _| \___ \ | |   | |_ / _ \  | || |   |  _| | | | |
  _|_____| |    | | | |___ ___) || |   |  _/ ___ \ | || |___| |___| |_| |
 (_)     | |    |_| |_____|____/ |_|   |_|/_/   \_\___|_____|_____|____/ 
          \_\                                                            

TEST FAILED WITH ERROR: DataDriven Test for adding multiple students to the application
---------------------------------------------------------------------
[CreateStudentDataDriven-1-thread-18] ERROR net.thucydides.core.steps.ConsoleLoggingListener - TEST FAILED AT STEP POST
[CreateStudentDataDriven-1-thread-18] ERROR net.thucydides.core.steps.ConsoleLoggingListener - 
]]></system-err>
  </testcase>
  <testcase name="createMultipleStudents[80] on createMultipleStudents[80](com.studentapp.utils.CreateStudentDataDriven)" classname="com.studentapp.utils.CreateStudentDataDriven" time="3.405">
    <failure message="Connection refused: connect" type="java.net.ConnectException">java.net.ConnectException: Connection refused: connect
	at com.studentapp.utils.CreateStudentDataDriven.createMultipleStudents(CreateStudentDataDriven.java:36)
</failure>
    <system-err><![CDATA[[CreateStudentDataDriven-1-thread-6] ERROR net.thucydides.core.steps.ConsoleLoggingListener - 
           __  _____ _____ ____ _____   _____ _    ___ _     _____ ____  
  _       / / |_   _| ____/ ___|_   _| |  ___/ \  |_ _| |   | ____|  _ \ 
 (_)_____| |    | | |  _| \___ \ | |   | |_ / _ \  | || |   |  _| | | | |
  _|_____| |    | | | |___ ___) || |   |  _/ ___ \ | || |___| |___| |_| |
 (_)     | |    |_| |_____|____/ |_|   |_|/_/   \_\___|_____|_____|____/ 
          \_\                                                            

TEST FAILED WITH ERROR: DataDriven Test for adding multiple students to the application
---------------------------------------------------------------------
[CreateStudentDataDriven-1-thread-6] ERROR net.thucydides.core.steps.ConsoleLoggingListener - TEST FAILED AT STEP POST
[CreateStudentDataDriven-1-thread-6] ERROR net.thucydides.core.steps.ConsoleLoggingListener - 
]]></system-err>
  </testcase>
  <testcase name="createMultipleStudents[79] on createMultipleStudents[79](com.studentapp.utils.CreateStudentDataDriven)" classname="com.studentapp.utils.CreateStudentDataDriven" time="3.614">
    <failure message="Connection refused: connect" type="java.net.ConnectException">java.net.ConnectException: Connection refused: connect
	at com.studentapp.utils.CreateStudentDataDriven.createMultipleStudents(CreateStudentDataDriven.java:36)
</failure>
    <system-err><![CDATA[[CreateStudentDataDriven-1-thread-13] ERROR net.thucydides.core.steps.ConsoleLoggingListener - 
           __  _____ _____ ____ _____   _____ _    ___ _     _____ ____  
  _       / / |_   _| ____/ ___|_   _| |  ___/ \  |_ _| |   | ____|  _ \ 
 (_)_____| |    | | |  _| \___ \ | |   | |_ / _ \  | || |   |  _| | | | |
  _|_____| |    | | | |___ ___) || |   |  _/ ___ \ | || |___| |___| |_| |
 (_)     | |    |_| |_____|____/ |_|   |_|/_/   \_\___|_____|_____|____/ 
          \_\                                                            

TEST FAILED WITH ERROR: DataDriven Test for adding multiple students to the application
---------------------------------------------------------------------
[CreateStudentDataDriven-1-thread-13] ERROR net.thucydides.core.steps.ConsoleLoggingListener - TEST FAILED AT STEP POST
[CreateStudentDataDriven-1-thread-13] ERROR net.thucydides.core.steps.ConsoleLoggingListener - 
]]></system-err>
  </testcase>
  <testcase name="createMultipleStudents[89] on createMultipleStudents[89](com.studentapp.utils.CreateStudentDataDriven)" classname="com.studentapp.utils.CreateStudentDataDriven" time="3.863">
    <failure message="Connection refused: connect" type="java.net.ConnectException">java.net.ConnectException: Connection refused: connect
	at com.studentapp.utils.CreateStudentDataDriven.createMultipleStudents(CreateStudentDataDriven.java:36)
</failure>
    <system-err><![CDATA[[CreateStudentDataDriven-1-thread-8] ERROR net.thucydides.core.steps.ConsoleLoggingListener - 
           __  _____ _____ ____ _____   _____ _    ___ _     _____ ____  
  _       / / |_   _| ____/ ___|_   _| |  ___/ \  |_ _| |   | ____|  _ \ 
 (_)_____| |    | | |  _| \___ \ | |   | |_ / _ \  | || |   |  _| | | | |
  _|_____| |    | | | |___ ___) || |   |  _/ ___ \ | || |___| |___| |_| |
 (_)     | |    |_| |_____|____/ |_|   |_|/_/   \_\___|_____|_____|____/ 
          \_\                                                            

TEST FAILED WITH ERROR: DataDriven Test for adding multiple students to the application
---------------------------------------------------------------------
[CreateStudentDataDriven-1-thread-8] ERROR net.thucydides.core.steps.ConsoleLoggingListener - TEST FAILED AT STEP POST
[CreateStudentDataDriven-1-thread-8] ERROR net.thucydides.core.steps.ConsoleLoggingListener - 
]]></system-err>
  </testcase>
  <testcase name="createMultipleStudents[83] on createMultipleStudents[83](com.studentapp.utils.CreateStudentDataDriven)" classname="com.studentapp.utils.CreateStudentDataDriven" time="4.034">
    <failure message="Connection refused: connect" type="java.net.ConnectException">java.net.ConnectException: Connection refused: connect
	at com.studentapp.utils.CreateStudentDataDriven.createMultipleStudents(CreateStudentDataDriven.java:36)
</failure>
    <system-err><![CDATA[[CreateStudentDataDriven-1-thread-32] ERROR net.thucydides.core.steps.ConsoleLoggingListener - 
           __  _____ _____ ____ _____   _____ _    ___ _     _____ ____  
  _       / / |_   _| ____/ ___|_   _| |  ___/ \  |_ _| |   | ____|  _ \ 
 (_)_____| |    | | |  _| \___ \ | |   | |_ / _ \  | || |   |  _| | | | |
  _|_____| |    | | | |___ ___) || |   |  _/ ___ \ | || |___| |___| |_| |
 (_)     | |    |_| |_____|____/ |_|   |_|/_/   \_\___|_____|_____|____/ 
          \_\                                                            

TEST FAILED WITH ERROR: DataDriven Test for adding multiple students to the application
---------------------------------------------------------------------
[CreateStudentDataDriven-1-thread-32] ERROR net.thucydides.core.steps.ConsoleLoggingListener - TEST FAILED AT STEP POST
[CreateStudentDataDriven-1-thread-32] ERROR net.thucydides.core.steps.ConsoleLoggingListener - 
]]></system-err>
  </testcase>
  <testcase name="createMultipleStudents[82] on createMultipleStudents[82](com.studentapp.utils.CreateStudentDataDriven)" classname="com.studentapp.utils.CreateStudentDataDriven" time="4.271">
    <failure message="Connection refused: connect" type="java.net.ConnectException">java.net.ConnectException: Connection refused: connect
	at com.studentapp.utils.CreateStudentDataDriven.createMultipleStudents(CreateStudentDataDriven.java:36)
</failure>
    <system-err><![CDATA[[CreateStudentDataDriven-1-thread-31] ERROR net.thucydides.core.steps.ConsoleLoggingListener - 
           __  _____ _____ ____ _____   _____ _    ___ _     _____ ____  
  _       / / |_   _| ____/ ___|_   _| |  ___/ \  |_ _| |   | ____|  _ \ 
 (_)_____| |    | | |  _| \___ \ | |   | |_ / _ \  | || |   |  _| | | | |
  _|_____| |    | | | |___ ___) || |   |  _/ ___ \ | || |___| |___| |_| |
 (_)     | |    |_| |_____|____/ |_|   |_|/_/   \_\___|_____|_____|____/ 
          \_\                                                            

TEST FAILED WITH ERROR: DataDriven Test for adding multiple students to the application
---------------------------------------------------------------------
[CreateStudentDataDriven-1-thread-31] ERROR net.thucydides.core.steps.ConsoleLoggingListener - TEST FAILED AT STEP POST
[CreateStudentDataDriven-1-thread-31] ERROR net.thucydides.core.steps.ConsoleLoggingListener - 
]]></system-err>
  </testcase>
  <testcase name="createMultipleStudents[88] on createMultipleStudents[88](com.studentapp.utils.CreateStudentDataDriven)" classname="com.studentapp.utils.CreateStudentDataDriven" time="4.476">
    <failure message="Connection refused: connect" type="java.net.ConnectException">java.net.ConnectException: Connection refused: connect
	at com.studentapp.utils.CreateStudentDataDriven.createMultipleStudents(CreateStudentDataDriven.java:36)
</failure>
    <system-err><![CDATA[[CreateStudentDataDriven-1-thread-29] ERROR net.thucydides.core.steps.ConsoleLoggingListener - 
           __  _____ _____ ____ _____   _____ _    ___ _     _____ ____  
  _       / / |_   _| ____/ ___|_   _| |  ___/ \  |_ _| |   | ____|  _ \ 
 (_)_____| |    | | |  _| \___ \ | |   | |_ / _ \  | || |   |  _| | | | |
  _|_____| |    | | | |___ ___) || |   |  _/ ___ \ | || |___| |___| |_| |
 (_)     | |    |_| |_____|____/ |_|   |_|/_/   \_\___|_____|_____|____/ 
          \_\                                                            

TEST FAILED WITH ERROR: DataDriven Test for adding multiple students to the application
---------------------------------------------------------------------
[CreateStudentDataDriven-1-thread-29] ERROR net.thucydides.core.steps.ConsoleLoggingListener - TEST FAILED AT STEP POST
[CreateStudentDataDriven-1-thread-29] ERROR net.thucydides.core.steps.ConsoleLoggingListener - 
]]></system-err>
  </testcase>
  <testcase name="createMultipleStudents[87] on createMultipleStudents[87](com.studentapp.utils.CreateStudentDataDriven)" classname="com.studentapp.utils.CreateStudentDataDriven" time="4.778">
    <failure message="Connection refused: connect" type="java.net.ConnectException">java.net.ConnectException: Connection refused: connect
	at com.studentapp.utils.CreateStudentDataDriven.createMultipleStudents(CreateStudentDataDriven.java:36)
</failure>
    <system-err><![CDATA[[CreateStudentDataDriven-1-thread-24] ERROR net.thucydides.core.steps.ConsoleLoggingListener - 
           __  _____ _____ ____ _____   _____ _    ___ _     _____ ____  
  _       / / |_   _| ____/ ___|_   _| |  ___/ \  |_ _| |   | ____|  _ \ 
 (_)_____| |    | | |  _| \___ \ | |   | |_ / _ \  | || |   |  _| | | | |
  _|_____| |    | | | |___ ___) || |   |  _/ ___ \ | || |___| |___| |_| |
 (_)     | |    |_| |_____|____/ |_|   |_|/_/   \_\___|_____|_____|____/ 
          \_\                                                            

TEST FAILED WITH ERROR: DataDriven Test for adding multiple students to the application
---------------------------------------------------------------------
[CreateStudentDataDriven-1-thread-24] ERROR net.thucydides.core.steps.ConsoleLoggingListener - TEST FAILED AT STEP POST
[CreateStudentDataDriven-1-thread-24] ERROR net.thucydides.core.steps.ConsoleLoggingListener - 
]]></system-err>
  </testcase>
  <testcase name="createMultipleStudents[86] on createMultipleStudents[86](com.studentapp.utils.CreateStudentDataDriven)" classname="com.studentapp.utils.CreateStudentDataDriven" time="4.991">
    <failure message="Connection refused: connect" type="java.net.ConnectException">java.net.ConnectException: Connection refused: connect
	at com.studentapp.utils.CreateStudentDataDriven.createMultipleStudents(CreateStudentDataDriven.java:36)
</failure>
    <system-err><![CDATA[[CreateStudentDataDriven-1-thread-21] ERROR net.thucydides.core.steps.ConsoleLoggingListener - 
           __  _____ _____ ____ _____   _____ _    ___ _     _____ ____  
  _       / / |_   _| ____/ ___|_   _| |  ___/ \  |_ _| |   | ____|  _ \ 
 (_)_____| |    | | |  _| \___ \ | |   | |_ / _ \  | || |   |  _| | | | |
  _|_____| |    | | | |___ ___) || |   |  _/ ___ \ | || |___| |___| |_| |
 (_)     | |    |_| |_____|____/ |_|   |_|/_/   \_\___|_____|_____|____/ 
          \_\                                                            

TEST FAILED WITH ERROR: DataDriven Test for adding multiple students to the application
---------------------------------------------------------------------
[CreateStudentDataDriven-1-thread-21] ERROR net.thucydides.core.steps.ConsoleLoggingListener - TEST FAILED AT STEP POST
[CreateStudentDataDriven-1-thread-21] ERROR net.thucydides.core.steps.ConsoleLoggingListener - 
]]></system-err>
  </testcase>
  <testcase name="createMultipleStudents[85] on createMultipleStudents[85](com.studentapp.utils.CreateStudentDataDriven)" classname="com.studentapp.utils.CreateStudentDataDriven" time="5.282">
    <failure message="Connection refused: connect" type="java.net.ConnectException">java.net.ConnectException: Connection refused: connect
	at com.studentapp.utils.CreateStudentDataDriven.createMultipleStudents(CreateStudentDataDriven.java:36)
</failure>
    <system-err><![CDATA[[CreateStudentDataDriven-1-thread-1] ERROR net.thucydides.core.steps.ConsoleLoggingListener - 
           __  _____ _____ ____ _____   _____ _    ___ _     _____ ____  
  _       / / |_   _| ____/ ___|_   _| |  ___/ \  |_ _| |   | ____|  _ \ 
 (_)_____| |    | | |  _| \___ \ | |   | |_ / _ \  | || |   |  _| | | | |
  _|_____| |    | | | |___ ___) || |   |  _/ ___ \ | || |___| |___| |_| |
 (_)     | |    |_| |_____|____/ |_|   |_|/_/   \_\___|_____|_____|____/ 
          \_\                                                            

TEST FAILED WITH ERROR: DataDriven Test for adding multiple students to the application
---------------------------------------------------------------------
[CreateStudentDataDriven-1-thread-1] ERROR net.thucydides.core.steps.ConsoleLoggingListener - TEST FAILED AT STEP POST
[CreateStudentDataDriven-1-thread-1] ERROR net.thucydides.core.steps.ConsoleLoggingListener - 
]]></system-err>
  </testcase>
</testsuite>