<?xml version="1.0" encoding="UTF-8"?>
<!-- Generated by org.testng.reporters.JUnitReportReporter -->
<testsuite hostname="MondayPC" name="API_Task_1.get_AllDogsBreeds" tests="1" failures="0" timestamp="12 Jan 2020 21:46:38 GMT" time="11.684" errors="0">
  <testcase name="getAllDogBreed_Diagram_1" time="11.684" classname="API_Task_1.get_AllDogsBreeds"/>
</testsuite> <!-- API_Task_1.get_AllDogsBreeds -->
