<?xml version="1.0" encoding="UTF-8"?>
<!-- Generated by org.testng.reporters.JUnitReportReporter -->
<testsuite hostname="MondayPC" name="API_Task_1.get_AllDogsBreeds" tests="1" failures="0" timestamp="8 Jan 2020 11:26:32 GMT" time="2.215" errors="0">
  <testcase name="getAllDogBreed_Diagram_1" time="2.215" classname="API_Task_1.get_AllDogsBreeds"/>
</testsuite> <!-- API_Task_1.get_AllDogsBreeds -->
