<?xml version="1.0" encoding="UTF-8"?>
<!-- Generated by org.testng.reporters.JUnitReportReporter -->
<testsuite hostname="MondayPC" name="com.appium_Project.TestCase" tests="1" failures="0" timestamp="23 Jan 2020 09:17:17 GMT" time="14.194" errors="0">
  <testcase name="appium_Execution" time="14.194" classname="com.appium_Project.TestCase"/>
</testsuite> <!-- com.appium_Project.TestCase -->
