<?xml version="1.0" encoding="UTF-8"?>
<!-- Generated by org.testng.reporters.JUnitReportReporter -->
<testsuite hostname="MondayPC" name="Web_Task2.web_Test" tests="1" failures="0" timestamp="9 Jan 2020 06:47:24 GMT" time="0.010" errors="0">
  <testcase name="homePage" time="0.010" classname="Web_Task2.web_Test"/>
</testsuite> <!-- Web_Task2.web_Test -->
